TN:
SF:app.js
FN:52,(anonymous_0)
FN:86,(anonymous_1)
FNF:2
FNH:1
FNDA:1,(anonymous_0)
FNDA:0,(anonymous_1)
DA:2,2
DA:6,2
DA:7,2
DA:8,0
DA:10,2
DA:11,2
DA:12,2
DA:14,2
DA:15,2
DA:16,2
DA:17,2
DA:18,2
DA:19,2
DA:20,2
DA:23,2
DA:24,2
DA:25,2
DA:26,2
DA:27,2
DA:28,2
DA:29,2
DA:30,2
DA:31,2
DA:32,2
DA:33,2
DA:34,2
DA:35,2
DA:36,2
DA:37,2
DA:39,2
DA:42,2
DA:48,2
DA:49,2
DA:52,2
DA:53,1
DA:57,2
DA:61,2
DA:62,2
DA:65,2
DA:66,2
DA:67,2
DA:70,2
DA:71,2
DA:72,2
DA:73,2
DA:74,2
DA:75,2
DA:76,2
DA:77,2
DA:78,2
DA:79,2
DA:80,2
DA:81,2
DA:82,2
DA:83,2
DA:86,2
DA:87,0
DA:90,2
LF:58
LH:56
BRDA:3,0,0,0
BRDA:3,0,1,2
BRDA:6,1,0,0
BRDA:6,1,1,2
BRDA:7,2,0,0
BRDA:7,2,1,2
BRDA:10,3,0,0
BRDA:10,3,1,2
BRDA:11,4,0,0
BRDA:11,4,1,2
BRDA:12,5,0,0
BRDA:12,5,1,2
BRDA:66,6,0,0
BRDA:66,6,1,2
BRF:14
BRH:7
end_of_record
TN:
SF:agents\eligibilityUpdater.js
FN:11,updateAllStudentsEligibility
FN:57,updateStudentEligibility
FN:109,updateStudentYears
FNF:3
FNH:0
FNDA:0,updateAllStudentsEligibility
FNDA:0,updateStudentEligibility
FNDA:0,updateStudentYears
DA:7,2
DA:8,2
DA:12,0
DA:13,0
DA:15,0
DA:16,0
DA:18,0
DA:20,0
DA:23,0
DA:26,0
DA:30,0
DA:35,0
DA:36,0
DA:40,0
DA:41,0
DA:48,0
DA:49,0
DA:58,0
DA:59,0
DA:61,0
DA:63,0
DA:64,0
DA:71,0
DA:74,0
DA:77,0
DA:82,0
DA:96,0
DA:97,0
DA:110,0
DA:111,0
DA:115,0
DA:125,0
DA:127,0
DA:132,0
DA:133,0
DA:140,2
LF:36
LH:3
BRDA:26,0,0,0
BRDA:26,0,1,0
BRDA:26,1,0,0
BRDA:26,1,1,0
BRDA:63,2,0,0
BRDA:63,2,1,0
BRDA:87,3,0,0
BRDA:87,3,1,0
BRDA:91,4,0,0
BRDA:91,4,1,0
BRF:10
BRH:0
end_of_record
TN:
SF:config\database.js
FN:34,(anonymous_0)
FN:38,(anonymous_1)
FN:42,(anonymous_2)
FN:60,(anonymous_3)
FNF:4
FNH:2
FNDA:2,(anonymous_0)
FNDA:1,(anonymous_1)
FNDA:0,(anonymous_2)
FNDA:0,(anonymous_3)
DA:1,5
DA:2,5
DA:3,5
DA:5,5
DA:34,5
DA:35,2
DA:38,5
DA:39,1
DA:42,5
DA:43,0
DA:45,0
DA:48,0
DA:50,0
DA:51,0
DA:53,0
DA:54,0
DA:55,0
DA:60,5
DA:61,0
DA:62,0
DA:63,0
DA:65,0
DA:66,0
DA:70,5
LF:24
LH:11
BRDA:8,0,0,5
BRDA:8,0,1,5
BRDA:9,1,0,5
BRDA:9,1,1,3
BRDA:10,2,0,5
BRDA:10,2,1,3
BRDA:11,3,0,5
BRDA:11,3,1,3
BRF:8
BRH:8
end_of_record
TN:
SF:config\uploadConfig.js
FN:22,(anonymous_0)
FN:30,(anonymous_1)
FN:66,(anonymous_2)
FN:92,(anonymous_3)
FN:114,(anonymous_4)
FN:137,(anonymous_5)
FN:149,(anonymous_6)
FN:165,(anonymous_7)
FN:182,(anonymous_8)
FN:208,(anonymous_9)
FNF:10
FNH:0
FNDA:0,(anonymous_0)
FNDA:0,(anonymous_1)
FNDA:0,(anonymous_2)
FNDA:0,(anonymous_3)
FNDA:0,(anonymous_4)
FNDA:0,(anonymous_5)
FNDA:0,(anonymous_6)
FNDA:0,(anonymous_7)
FNDA:0,(anonymous_8)
FNDA:0,(anonymous_9)
DA:1,3
DA:2,3
DA:3,3
DA:6,3
DA:22,3
DA:23,0
DA:24,0
DA:29,3
DA:31,0
DA:32,0
DA:36,0
DA:37,0
DA:38,0
DA:39,0
DA:41,0
DA:44,0
DA:45,0
DA:46,0
DA:50,0
DA:51,0
DA:54,0
DA:60,0
DA:61,0
DA:63,0
DA:67,0
DA:68,0
DA:69,0
DA:73,0
DA:74,0
DA:75,0
DA:76,0
DA:78,0
DA:81,0
DA:86,3
DA:94,0
DA:95,0
DA:96,0
DA:97,0
DA:98,0
DA:102,0
DA:103,0
DA:104,0
DA:105,0
DA:106,0
DA:109,0
DA:114,3
DA:115,0
DA:116,0
DA:117,0
DA:118,0
DA:119,0
DA:120,0
DA:123,0
DA:125,0
DA:126,0
DA:128,0
DA:131,0
DA:132,0
DA:137,3
DA:138,0
DA:139,0
DA:140,0
DA:141,0
DA:144,0
DA:149,3
DA:150,0
DA:151,0
DA:154,0
DA:155,0
DA:161,0
DA:165,3
DA:166,0
DA:167,0
DA:170,0
DA:171,0
DA:172,0
DA:178,0
DA:182,3
DA:183,0
DA:184,0
DA:185,0
DA:188,0
DA:197,3
DA:209,0
DA:210,0
DA:211,0
DA:212,0
DA:213,0
DA:215,0
DA:216,0
DA:217,0
DA:219,0
DA:222,0
LF:93
LH:13
BRDA:23,0,0,0
BRDA:23,0,1,0
BRDA:32,1,0,0
BRDA:32,1,1,0
BRDA:36,2,0,0
BRDA:36,2,1,0
BRDA:38,3,0,0
BRDA:38,3,1,0
BRDA:41,4,0,0
BRDA:41,4,1,0
BRDA:45,5,0,0
BRDA:45,5,1,0
BRDA:50,6,0,0
BRDA:50,6,1,0
BRDA:68,7,0,0
BRDA:68,7,1,0
BRDA:73,8,0,0
BRDA:73,8,1,0
BRDA:75,9,0,0
BRDA:75,9,1,0
BRDA:94,10,0,0
BRDA:94,10,1,0
BRDA:102,11,0,0
BRDA:102,11,1,0
BRDA:102,12,0,0
BRDA:102,12,1,0
BRDA:125,13,0,0
BRDA:125,13,1,0
BRDA:128,14,0,0
BRDA:128,14,1,0
BRDA:139,15,0,0
BRDA:139,15,1,0
BRDA:149,16,0,0
BRDA:150,17,0,0
BRDA:150,17,1,0
BRDA:150,18,0,0
BRDA:150,18,1,0
BRDA:154,19,0,0
BRDA:154,19,1,0
BRDA:165,20,0,0
BRDA:166,21,0,0
BRDA:166,21,1,0
BRDA:166,22,0,0
BRDA:166,22,1,0
BRDA:170,23,0,0
BRDA:170,23,1,0
BRDA:184,24,0,0
BRDA:184,24,1,0
BRDA:216,25,0,0
BRDA:216,25,1,0
BRF:50
BRH:0
end_of_record
TN:
SF:controllers\academicController.js
FN:5,(anonymous_0)
FN:23,(anonymous_1)
FN:52,(anonymous_2)
FN:71,(anonymous_3)
FNF:4
FNH:0
FNDA:0,(anonymous_0)
FNDA:0,(anonymous_1)
FNDA:0,(anonymous_2)
FNDA:0,(anonymous_3)
DA:1,2
DA:2,2
DA:5,2
DA:6,0
DA:7,0
DA:8,0
DA:9,0
DA:13,0
DA:15,0
DA:16,0
DA:23,2
DA:24,0
DA:26,0
DA:28,0
DA:29,0
DA:35,0
DA:37,0
DA:39,0
DA:41,0
DA:44,0
DA:52,2
DA:53,0
DA:54,0
DA:56,0
DA:58,0
DA:61,0
DA:63,0
DA:71,2
DA:72,0
DA:73,0
DA:74,0
DA:76,0
DA:77,0
DA:82,0
DA:84,0
DA:85,0
LF:36
LH:6
BRDA:8,0,0,0
BRDA:8,0,1,0
BRDA:28,1,0,0
BRDA:28,1,1,0
BRDA:41,2,0,0
BRDA:41,2,1,0
BRDA:42,3,0,0
BRDA:42,3,1,0
BRDA:46,4,0,0
BRDA:46,4,1,0
BRDA:61,5,0,0
BRDA:61,5,1,0
BRDA:65,6,0,0
BRDA:65,6,1,0
BRDA:76,7,0,0
BRDA:76,7,1,0
BRDA:87,8,0,0
BRDA:87,8,1,0
BRF:18
BRH:0
end_of_record
TN:
SF:controllers\adminController.js
FN:7,(anonymous_0)
FN:24,(anonymous_1)
FN:37,(anonymous_2)
FN:50,(anonymous_3)
FN:63,(anonymous_4)
FN:86,(anonymous_5)
FN:120,(anonymous_6)
FNF:7
FNH:0
FNDA:0,(anonymous_0)
FNDA:0,(anonymous_1)
FNDA:0,(anonymous_2)
FNDA:0,(anonymous_3)
FNDA:0,(anonymous_4)
FNDA:0,(anonymous_5)
FNDA:0,(anonymous_6)
DA:2,2
DA:3,2
DA:6,2
DA:8,0
DA:10,0
DA:12,0
DA:15,0
DA:16,0
DA:25,0
DA:26,0
DA:27,0
DA:29,0
DA:30,0
DA:38,0
DA:39,0
DA:40,0
DA:42,0
DA:43,0
DA:51,0
DA:52,0
DA:53,0
DA:55,0
DA:56,0
DA:64,0
DA:65,0
DA:66,0
DA:67,0
DA:68,0
DA:69,0
DA:71,0
DA:72,0
DA:73,0
DA:75,0
DA:76,0
DA:87,0
DA:88,0
DA:90,0
DA:92,0
DA:93,0
DA:94,0
DA:100,0
DA:101,0
DA:108,0
DA:109,0
DA:121,0
DA:122,0
DA:124,0
DA:125,0
DA:131,0
DA:133,0
DA:135,0
DA:136,0
DA:137,0
DA:143,0
DA:144,0
DA:151,0
DA:152,0
LF:57
LH:3
BRDA:18,0,0,0
BRDA:18,0,1,0
BRDA:32,1,0,0
BRDA:32,1,1,0
BRDA:45,2,0,0
BRDA:45,2,1,0
BRDA:58,3,0,0
BRDA:58,3,1,0
BRDA:65,4,0,0
BRDA:65,4,1,0
BRDA:66,5,0,0
BRDA:66,5,1,0
BRDA:67,6,0,0
BRDA:67,6,1,0
BRDA:68,7,0,0
BRDA:68,7,1,0
BRDA:69,8,0,0
BRDA:69,8,1,0
BRDA:78,9,0,0
BRDA:78,9,1,0
BRDA:92,10,0,0
BRDA:92,10,1,0
BRDA:124,11,0,0
BRDA:124,11,1,0
BRDA:135,12,0,0
BRDA:135,12,1,0
BRDA:143,13,0,0
BRDA:143,13,1,0
BRDA:146,14,0,0
BRDA:146,14,1,0
BRF:30
BRH:0
end_of_record
TN:
SF:controllers\authController.js
FN:18,(anonymous_0)
FN:85,(anonymous_1)
FN:110,(anonymous_2)
FN:128,(anonymous_3)
FN:153,(anonymous_4)
FNF:5
FNH:1
FNDA:2,(anonymous_0)
FNDA:0,(anonymous_1)
FNDA:0,(anonymous_2)
FNDA:0,(anonymous_3)
FNDA:0,(anonymous_4)
DA:1,2
DA:2,2
DA:3,2
DA:4,2
DA:5,2
DA:8,2
DA:18,2
DA:19,2
DA:21,2
DA:27,2
DA:28,2
DA:29,0
DA:35,2
DA:38,2
DA:40,2
DA:41,1
DA:48,1
DA:55,1
DA:69,0
DA:75,0
DA:85,2
DA:86,0
DA:87,0
DA:89,0
DA:90,0
DA:96,0
DA:101,0
DA:102,0
DA:110,2
DA:112,0
DA:119,2
DA:120,2
DA:121,2
DA:122,2
DA:123,2
DA:124,2
DA:125,2
DA:126,2
DA:128,2
DA:129,0
DA:130,0
DA:131,0
DA:134,0
DA:135,0
DA:136,0
DA:139,0
DA:143,0
DA:150,0
DA:153,2
DA:154,0
DA:155,0
DA:157,0
DA:158,0
DA:161,0
DA:162,0
DA:163,0
DA:165,0
DA:166,0
DA:169,0
DA:170,0
DA:176,0
DA:183,0
DA:185,0
DA:186,0
DA:187,0
DA:188,0
DA:189,0
DA:192,0
DA:194,0
DA:196,0
DA:205,0
DA:213,0
DA:214,0
DA:216,0
DA:222,0
DA:225,0
DA:226,0
DA:227,0
DA:228,0
DA:229,0
DA:230,0
DA:232,0
LF:82
LH:29
BRDA:28,0,0,0
BRDA:28,0,1,2
BRDA:40,1,0,1
BRDA:40,1,1,1
BRDA:41,2,0,1
BRDA:41,2,1,0
BRDA:77,3,0,0
BRDA:77,3,1,0
BRDA:89,4,0,0
BRDA:89,4,1,0
BRDA:90,5,0,0
BRDA:90,5,1,0
BRDA:122,6,0,2
BRDA:122,6,1,2
BRDA:123,7,0,2
BRDA:123,7,1,2
BRDA:124,8,0,2
BRDA:124,8,1,2
BRDA:125,9,0,2
BRDA:125,9,1,2
BRDA:126,10,0,2
BRDA:126,10,1,0
BRDA:129,11,0,0
BRDA:129,11,1,0
BRDA:129,12,0,0
BRDA:129,12,1,0
BRDA:135,13,0,0
BRDA:135,13,1,0
BRDA:155,14,0,0
BRDA:155,14,1,0
BRDA:157,15,0,0
BRDA:157,15,1,0
BRDA:161,16,0,0
BRDA:161,16,1,0
BRDA:161,17,0,0
BRDA:161,17,1,0
BRDA:161,17,2,0
BRDA:165,18,0,0
BRDA:165,18,1,0
BRDA:194,19,0,0
BRDA:194,19,1,0
BRDA:220,20,0,0
BRDA:220,20,1,0
BRDA:225,21,0,0
BRDA:225,21,1,0
BRDA:227,22,0,0
BRDA:227,22,1,0
BRDA:227,23,0,0
BRDA:227,23,1,0
BRDA:227,23,2,0
BRDA:229,24,0,0
BRDA:229,24,1,0
BRDA:229,25,0,0
BRDA:229,25,1,0
BRDA:229,25,2,0
BRF:55
BRH:13
end_of_record
TN:
SF:controllers\curriculumController.js
FN:4,(anonymous_0)
FN:16,(anonymous_1)
FN:29,(anonymous_2)
FN:48,(anonymous_3)
FN:68,(anonymous_4)
FN:93,(anonymous_5)
FNF:6
FNH:0
FNDA:0,(anonymous_0)
FNDA:0,(anonymous_1)
FNDA:0,(anonymous_2)
FNDA:0,(anonymous_3)
FNDA:0,(anonymous_4)
FNDA:0,(anonymous_5)
DA:1,2
DA:2,2
DA:4,2
DA:5,0
DA:6,0
DA:7,0
DA:9,0
DA:10,0
DA:16,2
DA:17,0
DA:18,0
DA:20,0
DA:22,0
DA:23,0
DA:29,2
DA:30,0
DA:31,0
DA:33,0
DA:35,0
DA:36,0
DA:39,0
DA:41,0
DA:42,0
DA:48,2
DA:49,0
DA:50,0
DA:51,0
DA:53,0
DA:54,0
DA:56,0
DA:61,0
DA:62,0
DA:68,2
DA:69,0
DA:70,0
DA:71,0
DA:73,0
DA:74,0
DA:79,0
DA:81,0
DA:82,0
DA:93,2
DA:94,0
DA:95,0
DA:97,0
DA:98,0
DA:104,0
DA:116,0
DA:117,0
LF:49
LH:8
BRDA:25,0,0,0
BRDA:25,0,1,0
BRDA:35,1,0,0
BRDA:35,1,1,0
BRDA:44,2,0,0
BRDA:44,2,1,0
BRDA:53,3,0,0
BRDA:53,3,1,0
BRDA:64,4,0,0
BRDA:64,4,1,0
BRDA:73,5,0,0
BRDA:73,5,1,0
BRDA:84,6,0,0
BRDA:84,6,1,0
BRDA:97,7,0,0
BRDA:97,7,1,0
BRDA:119,8,0,0
BRDA:119,8,1,0
BRF:18
BRH:0
end_of_record
TN:
SF:controllers\importantDeadlineController.js
FN:5,(anonymous_0)
FN:12,(anonymous_1)
FN:22,(anonymous_2)
FN:28,(anonymous_3)
FN:43,(anonymous_4)
FN:52,(anonymous_5)
FN:65,(anonymous_6)
FN:74,(anonymous_7)
FN:86,(anonymous_8)
FN:97,(anonymous_9)
FN:107,(anonymous_10)
FN:118,(anonymous_11)
FN:125,(anonymous_12)
FN:126,(anonymous_13)
FN:134,(anonymous_14)
FN:140,(anonymous_15)
FN:148,(anonymous_16)
FN:161,(anonymous_17)
FN:167,(anonymous_18)
FN:178,(anonymous_19)
FN:186,(anonymous_20)
FN:188,(anonymous_21)
FN:198,(anonymous_22)
FN:235,(anonymous_23)
FN:236,(anonymous_24)
FNF:25
FNH:7
FNDA:0,(anonymous_0)
FNDA:0,(anonymous_1)
FNDA:0,(anonymous_2)
FNDA:0,(anonymous_3)
FNDA:0,(anonymous_4)
FNDA:0,(anonymous_5)
FNDA:0,(anonymous_6)
FNDA:0,(anonymous_7)
FNDA:0,(anonymous_8)
FNDA:0,(anonymous_9)
FNDA:0,(anonymous_10)
FNDA:0,(anonymous_11)
FNDA:0,(anonymous_12)
FNDA:0,(anonymous_13)
FNDA:0,(anonymous_14)
FNDA:0,(anonymous_15)
FNDA:3,(anonymous_16)
FNDA:9,(anonymous_17)
FNDA:0,(anonymous_18)
FNDA:9,(anonymous_19)
FNDA:9,(anonymous_20)
FNDA:45,(anonymous_21)
FNDA:0,(anonymous_22)
FNDA:11,(anonymous_23)
FNDA:7,(anonymous_24)
DA:1,3
DA:5,3
DA:6,0
DA:7,0
DA:8,0
DA:9,0
DA:10,0
DA:14,0
DA:16,0
DA:18,0
DA:19,0
DA:22,0
DA:23,0
DA:24,0
DA:25,0
DA:26,0
DA:27,0
DA:28,0
DA:29,0
DA:30,0
DA:31,0
DA:32,0
DA:34,0
DA:36,0
DA:38,0
DA:43,3
DA:44,0
DA:45,0
DA:46,0
DA:47,0
DA:48,0
DA:50,0
DA:51,0
DA:52,0
DA:53,0
DA:54,0
DA:55,0
DA:57,0
DA:59,0
DA:60,0
DA:65,3
DA:66,0
DA:67,0
DA:68,0
DA:69,0
DA:70,0
DA:71,0
DA:72,0
DA:73,0
DA:74,0
DA:75,0
DA:76,0
DA:77,0
DA:79,0
DA:81,0
DA:86,3
DA:87,0
DA:88,0
DA:89,0
DA:90,0
DA:92,0
DA:97,3
DA:98,0
DA:99,0
DA:100,0
DA:101,0
DA:103,0
DA:107,3
DA:108,0
DA:109,0
DA:110,0
DA:111,0
DA:113,0
DA:118,3
DA:119,0
DA:120,0
DA:121,0
DA:122,0
DA:123,0
DA:125,0
DA:126,0
DA:127,0
DA:128,0
DA:129,0
DA:130,0
DA:131,0
DA:132,0
DA:133,0
DA:134,0
DA:135,0
DA:136,0
DA:137,0
DA:138,0
DA:139,0
DA:140,0
DA:141,0
DA:143,0
DA:148,3
DA:149,3
DA:150,3
DA:151,3
DA:152,3
DA:155,3
DA:156,3
DA:157,3
DA:158,3
DA:159,3
DA:160,3
DA:161,9
DA:162,3
DA:167,0
DA:168,3
DA:169,4
DA:172,0
DA:176,3
DA:178,3
DA:179,9
DA:180,9
DA:181,0
DA:182,0
DA:185,3
DA:186,3
DA:187,9
DA:188,45
DA:190,9
DA:191,9
DA:192,9
DA:193,9
DA:194,9
DA:197,9
DA:198,0
DA:199,0
DA:200,0
DA:202,0
DA:203,0
DA:204,9
DA:207,9
DA:208,9
DA:211,9
DA:212,9
DA:213,4
DA:214,4
DA:215,4
DA:216,4
DA:217,4
DA:218,4
DA:219,4
DA:220,4
DA:221,4
DA:222,4
DA:223,0
DA:224,0
DA:227,9
DA:230,9
DA:231,9
DA:232,9
DA:233,9
DA:234,9
DA:235,11
DA:236,7
DA:237,3
DA:239,0
LF:162
LH:61
BRDA:10,0,0,0
BRDA:10,0,1,0
BRDA:14,1,0,0
BRDA:14,1,1,0
BRDA:14,2,0,0
BRDA:14,2,1,0
BRDA:16,3,0,0
BRDA:16,3,1,0
BRDA:18,4,0,0
BRDA:18,4,1,0
BRDA:18,5,0,0
BRDA:18,5,1,0
BRDA:24,6,0,0
BRDA:24,6,1,0
BRDA:46,7,0,0
BRDA:46,7,1,0
BRDA:48,8,0,0
BRDA:48,8,1,0
BRDA:69,9,0,0
BRDA:69,9,1,0
BRDA:71,10,0,0
BRDA:71,10,1,0
BRDA:120,11,0,0
BRDA:120,11,1,0
BRDA:125,12,0,0
BRDA:125,12,1,0
BRDA:125,12,2,0
BRDA:155,13,0,3
BRDA:155,13,1,0
BRDA:157,14,0,3
BRDA:157,14,1,0
BRDA:157,15,0,3
BRDA:157,15,1,3
BRDA:179,16,0,0
BRDA:179,16,1,9
BRDA:179,17,0,9
BRDA:179,17,1,0
BRDA:180,18,0,9
BRDA:180,18,1,0
BRDA:181,19,0,0
BRDA:181,19,1,0
BRDA:181,20,0,0
BRDA:181,20,1,0
BRDA:190,21,0,9
BRDA:190,21,1,0
BRDA:197,22,0,0
BRDA:197,22,1,9
BRDA:197,23,0,9
BRDA:197,23,1,0
BRDA:207,24,0,9
BRDA:207,24,1,9
BRDA:207,24,2,0
BRDA:212,25,0,4
BRDA:212,25,1,5
BRDA:214,26,0,4
BRDA:214,26,1,0
BRDA:215,27,0,4
BRDA:215,27,1,0
BRDA:216,28,0,4
BRDA:216,28,1,0
BRDA:216,29,0,4
BRDA:216,29,1,4
BRDA:220,30,0,4
BRDA:220,30,1,0
BRDA:220,31,0,4
BRDA:220,31,1,4
BRDA:221,32,0,2
BRDA:221,32,1,2
BRDA:222,33,0,0
BRDA:222,33,1,4
BRDA:222,34,0,4
BRDA:222,34,1,0
BRDA:223,35,0,0
BRDA:223,35,1,0
BRF:74
BRH:26
end_of_record
TN:
SF:controllers\internshipCompanyStatsController.js
FN:5,(anonymous_0)
FN:25,(anonymous_1)
FNF:2
FNH:0
FNDA:0,(anonymous_0)
FNDA:0,(anonymous_1)
DA:2,2
DA:4,2
DA:6,0
DA:7,0
DA:8,0
DA:10,0
DA:17,0
DA:19,0
DA:20,0
DA:26,0
DA:27,0
DA:28,0
DA:29,0
DA:31,0
DA:32,0
DA:34,0
DA:35,0
LF:17
LH:2
BRDA:11,0,0,0
BRDA:11,0,1,0
BRDA:12,1,0,0
BRDA:12,1,1,0
BRDA:13,2,0,0
BRDA:13,2,1,0
BRDA:13,3,0,0
BRDA:13,3,1,0
BRDA:28,4,0,0
BRDA:28,4,1,0
BRF:10
BRH:0
end_of_record
TN:
SF:controllers\notificationSettingsController.js
FN:7,(anonymous_0)
FN:60,(anonymous_1)
FN:145,(anonymous_2)
FN:199,(anonymous_3)
FNF:4
FNH:0
FNDA:0,(anonymous_0)
FNDA:0,(anonymous_1)
FNDA:0,(anonymous_2)
FNDA:0,(anonymous_3)
DA:1,2
DA:2,2
DA:7,2
DA:8,0
DA:9,0
DA:16,0
DA:18,0
DA:23,0
DA:29,0
DA:38,0
DA:39,0
DA:41,0
DA:42,0
DA:43,0
DA:44,0
DA:45,0
DA:46,0
DA:49,0
DA:60,2
DA:61,0
DA:62,0
DA:65,0
DA:69,0
DA:74,0
DA:83,0
DA:84,0
DA:91,0
DA:92,0
DA:99,0
DA:100,0
DA:106,0
DA:112,0
DA:119,0
DA:121,0
DA:127,0
DA:134,0
DA:145,2
DA:146,0
DA:147,0
DA:150,0
DA:154,0
DA:155,0
DA:162,0
DA:163,0
DA:169,0
DA:174,0
DA:176,0
DA:182,0
DA:188,0
DA:199,2
DA:200,0
DA:201,0
DA:204,0
DA:208,0
DA:209,0
DA:216,0
DA:217,0
DA:223,0
DA:228,0
DA:230,0
DA:236,0
DA:242,0
LF:62
LH:6
BRDA:10,0,0,0
BRDA:10,0,1,0
BRDA:20,1,0,0
BRDA:20,1,1,0
BRDA:32,2,0,0
BRDA:32,2,1,0
BRDA:41,3,0,0
BRDA:41,3,1,0
BRDA:44,4,0,0
BRDA:44,4,1,0
BRDA:52,5,0,0
BRDA:52,5,1,0
BRDA:65,6,0,0
BRDA:65,6,1,0
BRDA:69,7,0,0
BRDA:69,7,1,0
BRDA:69,7,2,0
BRDA:79,8,0,0
BRDA:79,8,1,0
BRDA:83,9,0,0
BRDA:83,9,1,0
BRDA:83,10,0,0
BRDA:83,10,1,0
BRDA:91,11,0,0
BRDA:91,11,1,0
BRDA:99,12,0,0
BRDA:99,12,1,0
BRDA:112,13,0,0
BRDA:112,13,1,0
BRDA:130,14,0,0
BRDA:130,14,1,0
BRDA:136,15,0,0
BRDA:136,15,1,0
BRDA:137,16,0,0
BRDA:137,16,1,0
BRDA:147,17,0,0
BRDA:147,17,1,0
BRDA:150,18,0,0
BRDA:150,18,1,0
BRDA:150,18,2,0
BRDA:154,19,0,0
BRDA:154,19,1,0
BRDA:162,20,0,0
BRDA:162,20,1,0
BRDA:185,21,0,0
BRDA:185,21,1,0
BRDA:190,22,0,0
BRDA:190,22,1,0
BRDA:191,23,0,0
BRDA:191,23,1,0
BRDA:201,24,0,0
BRDA:201,24,1,0
BRDA:204,25,0,0
BRDA:204,25,1,0
BRDA:204,25,2,0
BRDA:208,26,0,0
BRDA:208,26,1,0
BRDA:216,27,0,0
BRDA:216,27,1,0
BRDA:239,28,0,0
BRDA:239,28,1,0
BRDA:244,29,0,0
BRDA:244,29,1,0
BRDA:245,30,0,0
BRDA:245,30,1,0
BRF:65
BRH:0
end_of_record
TN:
SF:controllers\passwordController.js
FN:5,(anonymous_0)
FN:20,(anonymous_1)
FN:31,(anonymous_2)
FN:46,(anonymous_3)
FN:61,(anonymous_4)
FNF:5
FNH:0
FNDA:0,(anonymous_0)
FNDA:0,(anonymous_1)
FNDA:0,(anonymous_2)
FNDA:0,(anonymous_3)
FNDA:0,(anonymous_4)
DA:1,2
DA:2,2
DA:5,2
DA:6,0
DA:7,0
DA:8,0
DA:9,0
DA:11,0
DA:12,0
DA:14,0
DA:15,0
DA:20,2
DA:21,0
DA:22,0
DA:23,0
DA:25,0
DA:26,0
DA:31,2
DA:32,0
DA:33,0
DA:34,0
DA:35,0
DA:37,0
DA:38,0
DA:40,0
DA:41,0
DA:46,2
DA:47,0
DA:48,0
DA:49,0
DA:50,0
DA:52,0
DA:53,0
DA:55,0
DA:56,0
DA:61,2
DA:62,0
DA:63,0
DA:64,0
DA:65,0
DA:67,0
DA:68,0
DA:70,0
DA:71,0
LF:44
LH:7
BRDA:7,0,0,0
BRDA:7,0,1,0
BRDA:8,1,0,0
BRDA:8,1,1,0
BRDA:8,2,0,0
BRDA:8,2,1,0
BRDA:12,3,0,0
BRDA:12,3,1,0
BRDA:12,4,0,0
BRDA:12,4,1,0
BRDA:23,5,0,0
BRDA:23,5,1,0
BRDA:23,6,0,0
BRDA:23,6,1,0
BRDA:33,7,0,0
BRDA:33,7,1,0
BRDA:34,8,0,0
BRDA:34,8,1,0
BRDA:34,9,0,0
BRDA:34,9,1,0
BRDA:38,10,0,0
BRDA:38,10,1,0
BRDA:38,11,0,0
BRDA:38,11,1,0
BRDA:48,12,0,0
BRDA:48,12,1,0
BRDA:49,13,0,0
BRDA:49,13,1,0
BRDA:49,14,0,0
BRDA:49,14,1,0
BRDA:53,15,0,0
BRDA:53,15,1,0
BRDA:53,16,0,0
BRDA:53,16,1,0
BRDA:63,17,0,0
BRDA:63,17,1,0
BRDA:64,18,0,0
BRDA:64,18,1,0
BRDA:68,19,0,0
BRDA:68,19,1,0
BRDA:68,20,0,0
BRDA:68,20,1,0
BRF:42
BRH:0
end_of_record
TN:
SF:controllers\reportController.js
FN:5,(anonymous_0)
FN:14,(anonymous_1)
FN:23,(anonymous_2)
FN:32,(anonymous_3)
FN:41,(anonymous_4)
FN:50,(anonymous_5)
FN:60,(anonymous_6)
FN:65,(anonymous_7)
FN:67,(anonymous_8)
FN:83,(anonymous_9)
FNF:10
FNH:0
FNDA:0,(anonymous_0)
FNDA:0,(anonymous_1)
FNDA:0,(anonymous_2)
FNDA:0,(anonymous_3)
FNDA:0,(anonymous_4)
FNDA:0,(anonymous_5)
FNDA:0,(anonymous_6)
FNDA:0,(anonymous_7)
FNDA:0,(anonymous_8)
FNDA:0,(anonymous_9)
DA:3,2
DA:5,2
DA:6,0
DA:7,0
DA:8,0
DA:10,0
DA:14,2
DA:15,0
DA:16,0
DA:17,0
DA:19,0
DA:23,2
DA:24,0
DA:25,0
DA:26,0
DA:28,0
DA:32,2
DA:33,0
DA:34,0
DA:35,0
DA:37,0
DA:41,2
DA:42,0
DA:43,0
DA:44,0
DA:46,0
DA:50,2
DA:51,0
DA:52,0
DA:53,0
DA:55,0
DA:60,2
DA:61,0
DA:62,0
DA:65,0
DA:66,0
DA:67,0
DA:68,0
DA:69,0
DA:70,0
DA:71,0
DA:72,0
DA:73,0
DA:75,0
DA:83,0
DA:93,0
DA:94,0
LF:47
LH:8
BRDA:66,0,0,0
BRDA:66,0,1,0
BRDA:68,1,0,0
BRDA:68,1,1,0
BRDA:68,2,0,0
BRDA:68,2,1,0
BRDA:70,3,0,0
BRDA:70,3,1,0
BRDA:73,4,0,0
BRDA:73,4,1,0
BRDA:73,5,0,0
BRDA:73,5,1,0
BRDA:90,6,0,0
BRDA:90,6,1,0
BRDA:91,7,0,0
BRDA:91,7,1,0
BRF:16
BRH:0
end_of_record
TN:
SF:controllers\studentController.js
FN:5,(anonymous_0)
FN:24,(anonymous_1)
FN:50,(anonymous_2)
FN:95,(anonymous_3)
FN:147,(anonymous_4)
FN:176,(anonymous_5)
FN:230,(anonymous_6)
FN:243,(anonymous_7)
FN:257,(anonymous_8)
FNF:9
FNH:0
FNDA:0,(anonymous_0)
FNDA:0,(anonymous_1)
FNDA:0,(anonymous_2)
FNDA:0,(anonymous_3)
FNDA:0,(anonymous_4)
FNDA:0,(anonymous_5)
FNDA:0,(anonymous_6)
FNDA:0,(anonymous_7)
FNDA:0,(anonymous_8)
DA:1,3
DA:2,3
DA:5,3
DA:6,0
DA:8,0
DA:11,0
DA:19,0
DA:20,0
DA:24,3
DA:25,0
DA:26,0
DA:28,0
DA:33,0
DA:35,0
DA:36,0
DA:42,0
DA:50,3
DA:51,0
DA:52,0
DA:53,0
DA:55,0
DA:62,0
DA:68,0
DA:70,0
DA:71,0
DA:77,0
DA:81,0
DA:87,0
DA:95,3
DA:96,0
DA:97,0
DA:98,0
DA:101,0
DA:102,0
DA:104,0
DA:105,0
DA:111,0
DA:112,0
DA:119,0
DA:124,0
DA:130,0
DA:132,0
DA:133,0
DA:139,0
DA:147,3
DA:148,0
DA:149,0
DA:151,0
DA:153,0
DA:159,0
DA:161,0
DA:162,0
DA:168,0
DA:176,3
DA:177,0
DA:185,0
DA:187,0
DA:196,0
DA:202,0
DA:204,0
DA:205,0
DA:212,0
DA:213,0
DA:219,0
DA:220,0
DA:226,0
DA:227,0
DA:230,0
DA:234,0
DA:243,3
DA:244,0
DA:245,0
DA:246,0
DA:248,0
DA:249,0
DA:257,3
DA:258,0
DA:259,0
DA:261,0
DA:262,0
DA:263,0
DA:270,0
DA:272,0
DA:278,0
DA:280,0
DA:281,0
DA:288,0
LF:87
LH:10
BRDA:35,0,0,0
BRDA:35,0,1,0
BRDA:70,1,0,0
BRDA:70,1,1,0
BRDA:77,2,0,0
BRDA:77,2,1,0
BRDA:78,3,0,0
BRDA:78,3,1,0
BRDA:90,4,0,0
BRDA:90,4,1,0
BRDA:104,5,0,0
BRDA:104,5,1,0
BRDA:111,6,0,0
BRDA:111,6,1,0
BRDA:111,7,0,0
BRDA:111,7,1,0
BRDA:132,8,0,0
BRDA:132,8,1,0
BRDA:142,9,0,0
BRDA:142,9,1,0
BRDA:161,10,0,0
BRDA:161,10,1,0
BRDA:171,11,0,0
BRDA:171,11,1,0
BRDA:182,12,0,0
BRDA:183,13,0,0
BRDA:204,14,0,0
BRDA:204,14,1,0
BRDA:212,15,0,0
BRDA:212,15,1,0
BRDA:219,16,0,0
BRDA:219,16,1,0
BRDA:226,17,0,0
BRDA:226,17,1,0
BRDA:237,18,0,0
BRDA:237,18,1,0
BRDA:262,19,0,0
BRDA:262,19,1,0
BRDA:280,20,0,0
BRDA:280,20,1,0
BRF:40
BRH:0
end_of_record
TN:
SF:controllers\teacherController.js
FN:4,(anonymous_0)
FN:19,(anonymous_1)
FN:58,(anonymous_2)
FN:71,(anonymous_3)
FN:96,(anonymous_4)
FN:155,(anonymous_5)
FN:199,(anonymous_6)
FN:229,(anonymous_7)
FN:260,(anonymous_8)
FN:281,(anonymous_9)
FN:301,(anonymous_10)
FN:323,(anonymous_11)
FN:343,(anonymous_12)
FNF:13
FNH:0
FNDA:0,(anonymous_0)
FNDA:0,(anonymous_1)
FNDA:0,(anonymous_2)
FNDA:0,(anonymous_3)
FNDA:0,(anonymous_4)
FNDA:0,(anonymous_5)
FNDA:0,(anonymous_6)
FNDA:0,(anonymous_7)
FNDA:0,(anonymous_8)
FNDA:0,(anonymous_9)
FNDA:0,(anonymous_10)
FNDA:0,(anonymous_11)
FNDA:0,(anonymous_12)
DA:1,2
DA:2,2
DA:4,2
DA:5,0
DA:6,0
DA:8,0
DA:14,0
DA:15,0
DA:19,2
DA:20,0
DA:21,0
DA:23,0
DA:24,0
DA:25,0
DA:29,0
DA:30,0
DA:31,0
DA:34,0
DA:36,0
DA:41,0
DA:43,0
DA:44,0
DA:50,0
DA:58,2
DA:59,0
DA:60,0
DA:61,0
DA:63,0
DA:64,0
DA:65,0
DA:67,0
DA:71,2
DA:72,0
DA:73,0
DA:75,0
DA:80,0
DA:82,0
DA:83,0
DA:89,0
DA:96,2
DA:97,0
DA:105,0
DA:107,0
DA:108,0
DA:115,0
DA:124,0
DA:131,0
DA:133,0
DA:134,0
DA:140,0
DA:141,0
DA:147,0
DA:155,2
DA:156,0
DA:157,0
DA:158,0
DA:160,0
DA:168,0
DA:175,0
DA:177,0
DA:178,0
DA:184,0
DA:185,0
DA:191,0
DA:199,2
DA:200,0
DA:201,0
DA:203,0
DA:205,0
DA:212,0
DA:214,0
DA:215,0
DA:221,0
DA:229,2
DA:230,0
DA:231,0
DA:233,0
DA:235,0
DA:242,0
DA:244,0
DA:245,0
DA:251,0
DA:260,2
DA:261,0
DA:263,0
DA:273,0
DA:274,0
DA:281,2
DA:282,0
DA:283,0
DA:286,0
DA:292,0
DA:293,0
DA:301,2
DA:302,0
DA:304,0
DA:315,0
DA:316,0
DA:323,2
DA:324,0
DA:325,0
DA:328,0
DA:334,0
DA:335,0
DA:343,2
DA:344,0
DA:346,0
DA:355,0
DA:356,0
LF:109
LH:15
BRDA:23,0,0,0
BRDA:23,0,1,0
BRDA:29,1,0,0
BRDA:29,1,1,0
BRDA:43,2,0,0
BRDA:43,2,1,0
BRDA:64,3,0,0
BRDA:64,3,1,0
BRDA:82,4,0,0
BRDA:82,4,1,0
BRDA:107,5,0,0
BRDA:107,5,1,0
BRDA:107,6,0,0
BRDA:107,6,1,0
BRDA:107,6,2,0
BRDA:133,7,0,0
BRDA:133,7,1,0
BRDA:140,8,0,0
BRDA:140,8,1,0
BRDA:150,9,0,0
BRDA:150,9,1,0
BRDA:177,10,0,0
BRDA:177,10,1,0
BRDA:184,11,0,0
BRDA:184,11,1,0
BRDA:194,12,0,0
BRDA:194,12,1,0
BRDA:214,13,0,0
BRDA:214,13,1,0
BRDA:224,14,0,0
BRDA:224,14,1,0
BRDA:244,15,0,0
BRDA:244,15,1,0
BRDA:254,16,0,0
BRDA:254,16,1,0
BRF:35
BRH:0
end_of_record
TN:
SF:controllers\timelineController.js
FN:5,(anonymous_0)
FN:42,(anonymous_1)
FN:95,(anonymous_2)
FN:140,(anonymous_3)
FNF:4
FNH:0
FNDA:0,(anonymous_0)
FNDA:0,(anonymous_1)
FNDA:0,(anonymous_2)
FNDA:0,(anonymous_3)
DA:1,2
DA:2,2
DA:5,2
DA:6,0
DA:7,0
DA:9,0
DA:10,0
DA:16,0
DA:18,0
DA:24,0
DA:26,0
DA:27,0
DA:33,0
DA:42,2
DA:43,0
DA:44,0
DA:45,0
DA:47,0
DA:48,0
DA:54,0
DA:56,0
DA:63,0
DA:65,0
DA:66,0
DA:72,0
DA:73,0
DA:79,0
DA:80,0
DA:86,0
DA:95,2
DA:96,0
DA:97,0
DA:99,0
DA:100,0
DA:106,0
DA:115,0
DA:122,0
DA:124,0
DA:125,0
DA:131,0
DA:140,2
DA:141,0
DA:142,0
DA:144,0
DA:150,0
DA:151,0
LF:46
LH:6
BRDA:7,0,0,0
BRDA:7,0,1,0
BRDA:9,1,0,0
BRDA:9,1,1,0
BRDA:26,2,0,0
BRDA:26,2,1,0
BRDA:36,3,0,0
BRDA:36,3,1,0
BRDA:44,4,0,0
BRDA:44,4,1,0
BRDA:45,5,0,0
BRDA:45,5,1,0
BRDA:47,6,0,0
BRDA:47,6,1,0
BRDA:65,7,0,0
BRDA:65,7,1,0
BRDA:72,8,0,0
BRDA:72,8,1,0
BRDA:79,9,0,0
BRDA:79,9,1,0
BRDA:89,10,0,0
BRDA:89,10,1,0
BRDA:99,11,0,0
BRDA:99,11,1,0
BRDA:99,12,0,0
BRDA:99,12,1,0
BRDA:99,12,2,0
BRDA:124,13,0,0
BRDA:124,13,1,0
BRDA:134,14,0,0
BRDA:134,14,1,0
BRDA:154,15,0,0
BRDA:154,15,1,0
BRF:33
BRH:0
end_of_record
TN:
SF:controllers\uploadController.js
FN:9,(anonymous_0)
FN:117,(anonymous_1)
FN:118,(anonymous_2)
FN:119,(anonymous_3)
FN:120,(anonymous_4)
FN:145,(anonymous_5)
FNF:6
FNH:0
FNDA:0,(anonymous_0)
FNDA:0,(anonymous_1)
FNDA:0,(anonymous_2)
FNDA:0,(anonymous_3)
FNDA:0,(anonymous_4)
FNDA:0,(anonymous_5)
DA:1,2
DA:2,2
DA:3,2
DA:4,2
DA:5,2
DA:6,2
DA:7,2
DA:9,2
DA:10,0
DA:12,0
DA:14,0
DA:15,0
DA:20,0
DA:21,0
DA:24,0
DA:25,0
DA:27,0
DA:34,0
DA:35,0
DA:36,0
DA:37,0
DA:38,0
DA:41,0
DA:54,0
DA:55,0
DA:63,0
DA:76,0
DA:77,0
DA:83,0
DA:93,0
DA:98,0
DA:105,0
DA:113,0
DA:115,0
DA:117,0
DA:118,0
DA:119,0
DA:120,0
DA:123,0
DA:126,0
DA:127,0
DA:128,0
DA:133,0
DA:134,0
DA:135,0
DA:138,0
DA:145,2
DA:146,0
DA:147,0
DA:156,0
DA:158,0
DA:162,2
LF:52
LH:10
BRDA:14,0,0,0
BRDA:14,0,1,0
BRDA:20,1,0,0
BRDA:20,1,1,0
BRDA:37,2,0,0
BRDA:37,2,1,0
BRDA:37,3,0,0
BRDA:37,3,1,0
BRDA:54,4,0,0
BRDA:54,4,1,0
BRDA:76,5,0,0
BRDA:76,5,1,0
BRDA:95,6,0,0
BRDA:95,6,1,0
BRDA:134,7,0,0
BRDA:134,7,1,0
BRDA:134,8,0,0
BRDA:134,8,1,0
BRF:18
BRH:0
end_of_record
TN:
SF:controllers\workflowStepDefinitionController.js
FN:9,(anonymous_0)
FN:64,(anonymous_1)
FN:95,(anonymous_2)
FN:200,(anonymous_3)
FN:293,(anonymous_4)
FN:342,(anonymous_5)
FN:361,(anonymous_6)
FN:377,(anonymous_7)
FN:405,(anonymous_8)
FNF:9
FNH:0
FNDA:0,(anonymous_0)
FNDA:0,(anonymous_1)
FNDA:0,(anonymous_2)
FNDA:0,(anonymous_3)
FNDA:0,(anonymous_4)
FNDA:0,(anonymous_5)
FNDA:0,(anonymous_6)
FNDA:0,(anonymous_7)
FNDA:0,(anonymous_8)
DA:1,2
DA:2,2
DA:3,2
DA:10,0
DA:11,0
DA:13,0
DA:16,0
DA:17,0
DA:21,0
DA:22,0
DA:29,0
DA:31,0
DA:38,0
DA:52,0
DA:53,0
DA:65,0
DA:66,0
DA:68,0
DA:70,0
DA:71,0
DA:77,0
DA:83,0
DA:84,0
DA:96,0
DA:105,0
DA:108,0
DA:109,0
DA:116,0
DA:117,0
DA:124,0
DA:125,0
DA:132,0
DA:136,0
DA:137,0
DA:144,0
DA:148,0
DA:149,0
DA:156,0
DA:157,0
DA:158,0
DA:159,0
DA:163,0
DA:170,0
DA:180,0
DA:182,0
DA:188,0
DA:189,0
DA:201,0
DA:202,0
DA:203,0
DA:205,0
DA:207,0
DA:208,0
DA:215,0
DA:216,0
DA:217,0
DA:223,0
DA:231,0
DA:232,0
DA:240,0
DA:241,0
DA:249,0
DA:250,0
DA:258,0
DA:259,0
DA:260,0
DA:264,0
DA:271,0
DA:273,0
DA:275,0
DA:281,0
DA:282,0
DA:294,0
DA:295,0
DA:297,0
DA:299,0
DA:300,0
DA:307,0
DA:314,0
DA:315,0
DA:321,0
DA:323,0
DA:325,0
DA:330,0
DA:331,0
DA:343,0
DA:344,0
DA:346,0
DA:347,0
DA:353,0
DA:354,0
DA:361,0
DA:362,0
DA:369,0
DA:370,0
DA:377,0
DA:378,0
DA:384,0
DA:386,0
DA:388,0
DA:393,0
DA:394,0
DA:406,0
DA:407,0
DA:409,0
DA:411,0
DA:412,0
DA:419,0
DA:428,0
DA:439,0
DA:440,0
DA:449,2
LF:112
LH:4
BRDA:11,0,0,0
BRDA:11,1,0,0
BRDA:16,2,0,0
BRDA:16,2,1,0
BRDA:16,3,0,0
BRDA:16,3,1,0
BRDA:21,4,0,0
BRDA:21,4,1,0
BRDA:56,5,0,0
BRDA:56,5,1,0
BRDA:70,6,0,0
BRDA:70,6,1,0
BRDA:87,7,0,0
BRDA:87,7,1,0
BRDA:103,8,0,0
BRDA:104,9,0,0
BRDA:108,10,0,0
BRDA:108,10,1,0
BRDA:108,11,0,0
BRDA:108,11,1,0
BRDA:108,11,2,0
BRDA:108,11,3,0
BRDA:116,12,0,0
BRDA:116,12,1,0
BRDA:124,13,0,0
BRDA:124,13,1,0
BRDA:136,14,0,0
BRDA:136,14,1,0
BRDA:148,15,0,0
BRDA:148,15,1,0
BRDA:157,16,0,0
BRDA:157,16,1,0
BRDA:159,17,0,0
BRDA:159,17,1,0
BRDA:192,18,0,0
BRDA:192,18,1,0
BRDA:207,19,0,0
BRDA:207,19,1,0
BRDA:215,20,0,0
BRDA:215,20,1,0
BRDA:215,21,0,0
BRDA:215,21,1,0
BRDA:216,22,0,0
BRDA:216,22,1,0
BRDA:231,23,0,0
BRDA:231,23,1,0
BRDA:240,24,0,0
BRDA:240,24,1,0
BRDA:240,25,0,0
BRDA:240,25,1,0
BRDA:249,26,0,0
BRDA:249,26,1,0
BRDA:258,27,0,0
BRDA:258,27,1,0
BRDA:260,28,0,0
BRDA:260,28,1,0
BRDA:285,29,0,0
BRDA:285,29,1,0
BRDA:299,30,0,0
BRDA:299,30,1,0
BRDA:314,31,0,0
BRDA:314,31,1,0
BRDA:334,32,0,0
BRDA:334,32,1,0
BRDA:346,33,0,0
BRDA:346,33,1,0
BRDA:346,34,0,0
BRDA:346,34,1,0
BRDA:353,35,0,0
BRDA:353,35,1,0
BRDA:369,36,0,0
BRDA:369,36,1,0
BRDA:397,37,0,0
BRDA:397,37,1,0
BRDA:411,38,0,0
BRDA:411,38,1,0
BRDA:443,39,0,0
BRDA:443,39,1,0
BRF:78
BRH:0
end_of_record
TN:
SF:controllers\documents\acceptanceApprovalController.js
FN:5,loadAcceptance
FN:18,(anonymous_1)
FN:38,(anonymous_2)
FN:60,(anonymous_3)
FN:95,(anonymous_4)
FN:135,(anonymous_5)
FNF:6
FNH:0
FNDA:0,loadAcceptance
FNDA:0,(anonymous_1)
FNDA:0,(anonymous_2)
FNDA:0,(anonymous_3)
FNDA:0,(anonymous_4)
FNDA:0,(anonymous_5)
DA:1,2
DA:2,2
DA:3,2
DA:6,0
DA:9,0
DA:10,0
DA:11,0
DA:12,0
DA:14,0
DA:18,2
DA:19,0
DA:20,0
DA:38,0
DA:52,0
DA:54,0
DA:55,0
DA:60,2
DA:61,0
DA:62,0
DA:63,0
DA:64,0
DA:66,0
DA:67,0
DA:68,0
DA:71,0
DA:78,0
DA:87,0
DA:89,0
DA:90,0
DA:95,2
DA:96,0
DA:97,0
DA:98,0
DA:99,0
DA:101,0
DA:102,0
DA:104,0
DA:105,0
DA:108,0
DA:109,0
DA:111,0
DA:121,0
DA:122,0
DA:124,0
DA:127,0
DA:129,0
DA:130,0
DA:135,2
DA:136,0
DA:137,0
DA:138,0
DA:139,0
DA:140,0
DA:142,0
DA:143,0
DA:144,0
DA:145,0
DA:147,0
DA:148,0
DA:157,0
DA:158,0
DA:159,0
DA:160,0
DA:169,0
DA:171,0
DA:173,0
DA:174,0
LF:67
LH:7
BRDA:9,0,0,0
BRDA:9,0,1,0
BRDA:42,1,0,0
BRDA:42,1,1,0
BRDA:48,2,0,0
BRDA:48,2,1,0
BRDA:55,3,0,0
BRDA:55,3,1,0
BRDA:55,4,0,0
BRDA:55,4,1,0
BRDA:63,5,0,0
BRDA:63,5,1,0
BRDA:67,6,0,0
BRDA:67,6,1,0
BRDA:75,7,0,0
BRDA:75,7,1,0
BRDA:84,8,0,0
BRDA:84,8,1,0
BRDA:90,9,0,0
BRDA:90,9,1,0
BRDA:90,10,0,0
BRDA:90,10,1,0
BRDA:98,11,0,0
BRDA:98,11,1,0
BRDA:101,12,0,0
BRDA:101,12,1,0
BRDA:104,13,0,0
BRDA:104,13,1,0
BRDA:117,14,0,0
BRDA:117,14,1,0
BRDA:130,15,0,0
BRDA:130,15,1,0
BRDA:130,16,0,0
BRDA:130,16,1,0
BRDA:138,17,0,0
BRDA:138,17,1,0
BRDA:139,18,0,0
BRDA:139,18,1,0
BRDA:144,19,0,0
BRDA:144,19,1,0
BRDA:159,20,0,0
BRDA:159,20,1,0
BRDA:174,21,0,0
BRDA:174,21,1,0
BRDA:174,22,0,0
BRDA:174,22,1,0
BRF:46
BRH:0
end_of_record
TN:
SF:controllers\documents\cp05ApprovalController.js
FN:6,loadCS05
FN:19,(anonymous_1)
FN:24,(anonymous_2)
FN:59,(anonymous_3)
FN:86,(anonymous_4)
FN:127,(anonymous_5)
FN:165,(anonymous_6)
FNF:7
FNH:0
FNDA:0,loadCS05
FNDA:0,(anonymous_1)
FNDA:0,(anonymous_2)
FNDA:0,(anonymous_3)
FNDA:0,(anonymous_4)
FNDA:0,(anonymous_5)
FNDA:0,(anonymous_6)
DA:1,2
DA:2,2
DA:3,2
DA:7,0
DA:10,0
DA:11,0
DA:12,0
DA:13,0
DA:15,0
DA:19,2
DA:20,0
DA:22,0
DA:24,0
DA:27,0
DA:30,0
DA:59,0
DA:78,0
DA:80,0
DA:81,0
DA:86,2
DA:87,0
DA:88,0
DA:89,0
DA:91,0
DA:94,0
DA:95,0
DA:96,0
DA:103,0
DA:110,0
DA:119,0
DA:121,0
DA:122,0
DA:127,2
DA:128,0
DA:129,0
DA:130,0
DA:132,0
DA:133,0
DA:136,0
DA:137,0
DA:141,0
DA:142,0
DA:146,0
DA:148,0
DA:157,0
DA:159,0
DA:160,0
DA:165,2
DA:166,0
DA:167,0
DA:168,0
DA:170,0
DA:171,0
DA:174,0
DA:175,0
DA:178,0
DA:179,0
DA:182,0
DA:189,0
DA:199,0
DA:200,0
DA:201,0
DA:202,0
DA:211,0
DA:214,0
DA:216,0
DA:217,0
LF:67
LH:7
BRDA:10,0,0,0
BRDA:10,0,1,0
BRDA:22,1,0,0
BRDA:22,1,1,0
BRDA:27,2,0,0
BRDA:27,2,1,0
BRDA:27,3,0,0
BRDA:27,3,1,0
BRDA:71,4,0,0
BRDA:71,4,1,0
BRDA:73,5,0,0
BRDA:73,5,1,0
BRDA:74,6,0,0
BRDA:74,6,1,0
BRDA:75,7,0,0
BRDA:75,7,1,0
BRDA:81,8,0,0
BRDA:81,8,1,0
BRDA:89,9,0,0
BRDA:89,9,1,0
BRDA:95,10,0,0
BRDA:95,10,1,0
BRDA:107,11,0,0
BRDA:107,11,1,0
BRDA:116,12,0,0
BRDA:116,12,1,0
BRDA:122,13,0,0
BRDA:122,13,1,0
BRDA:122,14,0,0
BRDA:122,14,1,0
BRDA:130,15,0,0
BRDA:130,15,1,0
BRDA:136,16,0,0
BRDA:136,16,1,0
BRDA:141,17,0,0
BRDA:141,17,1,0
BRDA:154,18,0,0
BRDA:154,18,1,0
BRDA:160,19,0,0
BRDA:160,19,1,0
BRDA:160,20,0,0
BRDA:160,20,1,0
BRDA:168,21,0,0
BRDA:168,21,1,0
BRDA:170,22,0,0
BRDA:170,22,1,0
BRDA:178,23,0,0
BRDA:178,23,1,0
BRDA:201,24,0,0
BRDA:201,24,1,0
BRDA:217,25,0,0
BRDA:217,25,1,0
BRDA:217,26,0,0
BRDA:217,26,1,0
BRF:54
BRH:0
end_of_record
TN:
SF:controllers\documents\documentController.js
FN:6,(anonymous_0)
FN:36,(anonymous_1)
FN:71,(anonymous_2)
FN:105,(anonymous_3)
FN:130,(anonymous_4)
FN:143,(anonymous_5)
FN:168,(anonymous_6)
FN:200,(anonymous_7)
FN:220,(anonymous_8)
FN:242,(anonymous_9)
FN:279,(anonymous_10)
FN:321,(anonymous_11)
FN:344,(anonymous_12)
FN:359,(anonymous_13)
FN:392,(anonymous_14)
FN:397,(anonymous_15)
FN:402,(anonymous_16)
FN:436,(anonymous_17)
FN:462,(anonymous_18)
FN:483,(anonymous_19)
FN:496,(anonymous_20)
FN:509,(anonymous_21)
FN:525,(anonymous_22)
FNF:23
FNH:0
FNDA:0,(anonymous_0)
FNDA:0,(anonymous_1)
FNDA:0,(anonymous_2)
FNDA:0,(anonymous_3)
FNDA:0,(anonymous_4)
FNDA:0,(anonymous_5)
FNDA:0,(anonymous_6)
FNDA:0,(anonymous_7)
FNDA:0,(anonymous_8)
FNDA:0,(anonymous_9)
FNDA:0,(anonymous_10)
FNDA:0,(anonymous_11)
FNDA:0,(anonymous_12)
FNDA:0,(anonymous_13)
FNDA:0,(anonymous_14)
FNDA:0,(anonymous_15)
FNDA:0,(anonymous_16)
FNDA:0,(anonymous_17)
FNDA:0,(anonymous_18)
FNDA:0,(anonymous_19)
FNDA:0,(anonymous_20)
FNDA:0,(anonymous_21)
FNDA:0,(anonymous_22)
DA:1,2
DA:2,2
DA:3,2
DA:4,2
DA:6,2
DA:7,0
DA:8,0
DA:9,0
DA:15,0
DA:21,0
DA:27,0
DA:28,0
DA:36,2
DA:37,0
DA:38,0
DA:40,0
DA:46,0
DA:48,0
DA:49,0
DA:55,0
DA:56,0
DA:62,0
DA:71,2
DA:72,0
DA:73,0
DA:75,0
DA:82,0
DA:88,0
DA:90,0
DA:91,0
DA:97,0
DA:105,2
DA:106,0
DA:107,0
DA:109,0
DA:110,0
DA:115,0
DA:117,0
DA:120,0
DA:121,0
DA:130,2
DA:131,0
DA:132,0
DA:133,0
DA:134,0
DA:135,0
DA:137,0
DA:138,0
DA:143,2
DA:144,0
DA:145,0
DA:147,0
DA:152,0
DA:154,0
DA:155,0
DA:161,0
DA:168,2
DA:169,0
DA:170,0
DA:172,0
DA:178,0
DA:183,0
DA:185,0
DA:186,0
DA:192,0
DA:200,2
DA:201,0
DA:202,0
DA:204,0
DA:206,0
DA:211,0
DA:212,0
DA:220,2
DA:221,0
DA:222,0
DA:224,0
DA:228,0
DA:233,0
DA:234,0
DA:242,2
DA:243,0
DA:244,0
DA:247,0
DA:248,0
DA:251,0
DA:252,0
DA:255,0
DA:257,0
DA:258,0
DA:264,0
DA:265,0
DA:271,0
DA:279,2
DA:280,0
DA:281,0
DA:284,0
DA:285,0
DA:286,0
DA:289,0
DA:290,0
DA:293,0
DA:295,0
DA:296,0
DA:302,0
DA:303,0
DA:309,0
DA:321,2
DA:322,0
DA:323,0
DA:325,0
DA:326,0
DA:328,0
DA:330,0
DA:335,0
DA:336,0
DA:344,2
DA:345,0
DA:346,0
DA:347,0
DA:348,0
DA:350,0
DA:351,0
DA:352,0
DA:359,2
DA:360,0
DA:361,0
DA:362,0
DA:363,0
DA:365,0
DA:371,0
DA:377,0
DA:379,0
DA:382,0
DA:392,2
DA:393,0
DA:394,0
DA:397,0
DA:398,0
DA:402,0
DA:403,0
DA:404,0
DA:406,0
DA:412,0
DA:421,0
DA:423,0
DA:426,0
DA:436,2
DA:437,0
DA:438,0
DA:440,0
DA:442,0
DA:443,0
DA:444,0
DA:447,0
DA:449,0
DA:452,0
DA:462,2
DA:463,0
DA:464,0
DA:469,0
DA:474,0
DA:475,0
DA:483,2
DA:484,0
DA:485,0
DA:486,0
DA:487,0
DA:489,0
DA:490,0
DA:491,0
DA:496,2
DA:497,0
DA:498,0
DA:499,0
DA:500,0
DA:502,0
DA:503,0
DA:504,0
DA:509,2
DA:510,0
DA:511,0
DA:512,0
DA:513,0
DA:514,0
DA:515,0
DA:516,0
DA:518,0
DA:519,0
DA:520,0
DA:525,2
DA:526,0
DA:527,0
DA:528,0
DA:529,0
DA:530,0
DA:531,0
DA:532,0
DA:534,0
DA:535,0
DA:536,0
DA:540,2
LF:201
LH:26
BRDA:8,0,0,0
BRDA:8,0,1,0
BRDA:30,1,0,0
BRDA:30,1,1,0
BRDA:48,2,0,0
BRDA:48,2,1,0
BRDA:55,3,0,0
BRDA:55,3,1,0
BRDA:90,4,0,0
BRDA:90,4,1,0
BRDA:111,5,0,0
BRDA:111,5,1,0
BRDA:112,6,0,0
BRDA:112,6,1,0
BRDA:154,7,0,0
BRDA:154,7,1,0
BRDA:185,8,0,0
BRDA:185,8,1,0
BRDA:225,9,0,0
BRDA:225,9,1,0
BRDA:248,10,0,0
BRDA:248,10,1,0
BRDA:257,11,0,0
BRDA:257,11,1,0
BRDA:264,12,0,0
BRDA:264,12,1,0
BRDA:284,13,0,0
BRDA:284,13,1,0
BRDA:285,14,0,0
BRDA:285,14,1,0
BRDA:295,15,0,0
BRDA:295,15,1,0
BRDA:302,16,0,0
BRDA:302,16,1,0
BRDA:338,17,0,0
BRDA:338,17,1,0
BRDA:351,18,0,0
BRDA:351,18,1,0
BRDA:352,19,0,0
BRDA:352,19,1,0
BRDA:379,20,0,0
BRDA:379,20,1,0
BRDA:380,21,0,0
BRDA:380,21,1,0
BRDA:384,22,0,0
BRDA:384,22,1,0
BRDA:423,23,0,0
BRDA:423,23,1,0
BRDA:424,24,0,0
BRDA:424,24,1,0
BRDA:428,25,0,0
BRDA:428,25,1,0
BRDA:449,26,0,0
BRDA:449,26,1,0
BRDA:450,27,0,0
BRDA:450,27,1,0
BRDA:454,28,0,0
BRDA:454,28,1,0
BRDA:490,29,0,0
BRDA:490,29,1,0
BRDA:491,30,0,0
BRDA:491,30,1,0
BRDA:503,31,0,0
BRDA:503,31,1,0
BRDA:504,32,0,0
BRDA:504,32,1,0
BRDA:513,33,0,0
BRDA:513,33,1,0
BRDA:519,34,0,0
BRDA:519,34,1,0
BRDA:520,35,0,0
BRDA:520,35,1,0
BRDA:529,36,0,0
BRDA:529,36,1,0
BRDA:535,37,0,0
BRDA:535,37,1,0
BRDA:536,38,0,0
BRDA:536,38,1,0
BRF:78
BRH:0
end_of_record
TN:
SF:controllers\documents\internshipController.js
FN:29,(anonymous_0)
FN:52,(anonymous_1)
FN:74,(anonymous_2)
FN:115,(anonymous_3)
FN:140,(anonymous_4)
FN:170,(anonymous_5)
FN:227,(anonymous_6)
FN:252,(anonymous_7)
FN:283,(anonymous_8)
FN:343,(anonymous_9)
FN:379,(anonymous_10)
FN:402,(anonymous_11)
FN:425,(anonymous_12)
FN:498,(anonymous_13)
FN:527,(anonymous_14)
FN:558,(anonymous_15)
FN:636,(anonymous_16)
FN:671,(anonymous_17)
FN:728,(anonymous_18)
FN:833,(anonymous_19)
FN:885,(anonymous_20)
FN:992,(anonymous_21)
FN:1029,(anonymous_22)
FN:1062,(anonymous_23)
FN:1090,(anonymous_24)
FN:1117,(anonymous_25)
FN:1155,(anonymous_26)
FN:1185,(anonymous_27)
FN:1216,(anonymous_28)
FNF:29
FNH:0
FNDA:0,(anonymous_0)
FNDA:0,(anonymous_1)
FNDA:0,(anonymous_2)
FNDA:0,(anonymous_3)
FNDA:0,(anonymous_4)
FNDA:0,(anonymous_5)
FNDA:0,(anonymous_6)
FNDA:0,(anonymous_7)
FNDA:0,(anonymous_8)
FNDA:0,(anonymous_9)
FNDA:0,(anonymous_10)
FNDA:0,(anonymous_11)
FNDA:0,(anonymous_12)
FNDA:0,(anonymous_13)
FNDA:0,(anonymous_14)
FNDA:0,(anonymous_15)
FNDA:0,(anonymous_16)
FNDA:0,(anonymous_17)
FNDA:0,(anonymous_18)
FNDA:0,(anonymous_19)
FNDA:0,(anonymous_20)
FNDA:0,(anonymous_21)
FNDA:0,(anonymous_22)
FNDA:0,(anonymous_23)
FNDA:0,(anonymous_24)
FNDA:0,(anonymous_25)
FNDA:0,(anonymous_26)
FNDA:0,(anonymous_27)
FNDA:0,(anonymous_28)
DA:12,2
DA:13,2
DA:14,2
DA:19,2
DA:20,2
DA:21,2
DA:22,2
DA:23,2
DA:29,2
DA:30,0
DA:31,0
DA:35,0
DA:40,0
DA:41,0
DA:52,2
DA:53,0
DA:54,0
DA:58,0
DA:63,0
DA:64,0
DA:74,2
DA:75,0
DA:84,0
DA:86,0
DA:99,0
DA:104,0
DA:105,0
DA:115,2
DA:116,0
DA:118,0
DA:124,0
DA:129,0
DA:130,0
DA:140,2
DA:141,0
DA:142,0
DA:143,0
DA:149,0
DA:154,0
DA:155,0
DA:160,0
DA:170,2
DA:171,0
DA:178,0
DA:179,0
DA:182,0
DA:183,0
DA:189,0
DA:190,0
DA:197,0
DA:209,0
DA:215,0
DA:216,0
DA:217,0
DA:227,2
DA:228,0
DA:229,0
DA:230,0
DA:235,0
DA:240,0
DA:241,0
DA:242,0
DA:252,2
DA:253,0
DA:255,0
DA:257,0
DA:259,0
DA:266,0
DA:273,0
DA:283,2
DA:284,0
DA:285,0
DA:289,0
DA:291,0
DA:292,0
DA:299,0
DA:300,0
DA:308,0
DA:311,0
DA:312,0
DA:315,0
DA:316,0
DA:320,0
DA:322,0
DA:324,0
DA:326,0
DA:327,0
DA:333,0
DA:343,2
DA:344,0
DA:345,0
DA:349,0
DA:351,0
DA:352,0
DA:360,0
DA:363,0
DA:364,0
DA:366,0
DA:368,0
DA:369,0
DA:379,2
DA:380,0
DA:381,0
DA:385,0
DA:390,0
DA:391,0
DA:402,2
DA:403,0
DA:404,0
DA:408,0
DA:413,0
DA:414,0
DA:415,0
DA:425,2
DA:426,0
DA:427,0
DA:428,0
DA:431,0
DA:432,0
DA:438,0
DA:442,0
DA:447,0
DA:456,0
DA:459,0
DA:460,0
DA:469,0
DA:470,0
DA:477,0
DA:478,0
DA:485,0
DA:498,2
DA:499,0
DA:500,0
DA:502,0
DA:506,0
DA:512,0
DA:514,0
DA:517,0
DA:527,2
DA:528,0
DA:529,0
DA:530,0
DA:532,0
DA:537,0
DA:542,0
DA:545,0
DA:547,0
DA:558,2
DA:559,0
DA:560,0
DA:561,0
DA:562,0
DA:565,0
DA:566,0
DA:572,0
DA:573,0
DA:580,0
DA:581,0
DA:588,0
DA:589,0
DA:596,0
DA:602,0
DA:608,0
DA:611,0
DA:612,0
DA:613,0
DA:614,0
DA:616,0
DA:620,0
DA:626,0
DA:636,2
DA:637,0
DA:638,0
DA:639,0
DA:641,0
DA:642,0
DA:648,0
DA:653,0
DA:658,0
DA:660,0
DA:661,0
DA:671,2
DA:672,0
DA:673,0
DA:674,0
DA:676,0
DA:677,0
DA:683,0
DA:688,0
DA:689,0
DA:696,0
DA:697,0
DA:699,0
DA:700,0
DA:707,0
DA:708,0
DA:709,0
DA:714,0
DA:716,0
DA:717,0
DA:718,0
DA:728,2
DA:729,0
DA:730,0
DA:731,0
DA:733,0
DA:740,0
DA:741,0
DA:749,0
DA:750,0
DA:751,0
DA:759,0
DA:764,0
DA:767,0
DA:789,0
DA:795,0
DA:798,0
DA:799,0
DA:800,0
DA:802,0
DA:803,0
DA:804,0
DA:805,0
DA:806,0
DA:807,0
DA:808,0
DA:809,0
DA:810,0
DA:811,0
DA:812,0
DA:813,0
DA:816,0
DA:833,2
DA:834,0
DA:835,0
DA:836,0
DA:838,0
DA:844,0
DA:845,0
DA:853,0
DA:858,0
DA:860,0
DA:866,0
DA:869,0
DA:875,0
DA:885,2
DA:886,0
DA:887,0
DA:888,0
DA:890,0
DA:891,0
DA:898,0
DA:903,0
DA:904,0
DA:911,0
DA:912,0
DA:916,0
DA:920,0
DA:928,0
DA:929,0
DA:930,0
DA:934,0
DA:937,0
DA:939,0
DA:942,0
DA:943,0
DA:944,0
DA:946,0
DA:948,0
DA:953,0
DA:958,0
DA:963,0
DA:969,0
DA:976,0
DA:982,0
DA:992,2
DA:993,0
DA:994,0
DA:995,0
DA:997,0
DA:998,0
DA:1005,0
DA:1010,0
DA:1016,0
DA:1018,0
DA:1019,0
DA:1029,2
DA:1030,0
DA:1031,0
DA:1033,0
DA:1038,0
DA:1040,0
DA:1046,0
DA:1047,0
DA:1052,0
DA:1062,2
DA:1063,0
DA:1064,0
DA:1066,0
DA:1068,0
DA:1072,0
DA:1073,0
DA:1077,0
DA:1079,0
DA:1080,0
DA:1090,2
DA:1091,0
DA:1092,0
DA:1094,0
DA:1098,0
DA:1102,0
DA:1104,0
DA:1106,0
DA:1107,0
DA:1117,2
DA:1118,0
DA:1119,0
DA:1121,0
DA:1126,0
DA:1129,0
DA:1130,0
DA:1132,0
DA:1138,0
DA:1139,0
DA:1144,0
DA:1155,2
DA:1156,0
DA:1157,0
DA:1159,0
DA:1163,0
DA:1167,0
DA:1173,0
DA:1174,0
DA:1175,0
DA:1185,2
DA:1186,0
DA:1188,0
DA:1190,0
DA:1192,0
DA:1199,0
DA:1206,0
DA:1216,2
DA:1217,0
DA:1218,0
DA:1219,0
DA:1221,0
DA:1226,0
DA:1227,0
DA:1233,0
DA:1238,0
DA:1244,0
DA:1245,0
DA:1250,0
LF:353
LH:37
BRDA:43,0,0,0
BRDA:43,0,1,0
BRDA:66,1,0,0
BRDA:66,1,1,0
BRDA:107,2,0,0
BRDA:107,2,1,0
BRDA:121,3,0,0
BRDA:121,3,1,0
BRDA:132,4,0,0
BRDA:132,4,1,0
BRDA:155,5,0,0
BRDA:155,5,1,0
BRDA:157,6,0,0
BRDA:157,6,1,0
BRDA:162,7,0,0
BRDA:162,7,1,0
BRDA:182,8,0,0
BRDA:182,8,1,0
BRDA:189,9,0,0
BRDA:189,9,1,0
BRDA:189,10,0,0
BRDA:189,10,1,0
BRDA:189,10,2,0
BRDA:216,11,0,0
BRDA:216,11,1,0
BRDA:219,12,0,0
BRDA:219,12,1,0
BRDA:241,13,0,0
BRDA:241,13,1,0
BRDA:244,14,0,0
BRDA:244,14,1,0
BRDA:257,15,0,0
BRDA:257,15,1,0
BRDA:275,16,0,0
BRDA:275,16,1,0
BRDA:291,17,0,0
BRDA:291,17,1,0
BRDA:299,18,0,0
BRDA:299,18,1,0
BRDA:299,19,0,0
BRDA:299,19,1,0
BRDA:326,20,0,0
BRDA:326,20,1,0
BRDA:351,21,0,0
BRDA:351,21,1,0
BRDA:393,22,0,0
BRDA:393,22,1,0
BRDA:414,23,0,0
BRDA:414,23,1,0
BRDA:417,24,0,0
BRDA:417,24,1,0
BRDA:431,25,0,0
BRDA:431,25,1,0
BRDA:459,26,0,0
BRDA:459,26,1,0
BRDA:469,27,0,0
BRDA:469,27,1,0
BRDA:477,28,0,0
BRDA:477,28,1,0
BRDA:487,29,0,0
BRDA:487,29,1,0
BRDA:514,30,0,0
BRDA:514,30,1,0
BRDA:514,31,0,0
BRDA:514,31,1,0
BRDA:519,32,0,0
BRDA:519,32,1,0
BRDA:545,33,0,0
BRDA:545,33,1,0
BRDA:549,34,0,0
BRDA:549,34,1,0
BRDA:565,35,0,0
BRDA:565,35,1,0
BRDA:572,36,0,0
BRDA:572,36,1,0
BRDA:580,37,0,0
BRDA:580,37,1,0
BRDA:588,38,0,0
BRDA:588,38,1,0
BRDA:611,39,0,0
BRDA:611,39,1,0
BRDA:611,40,0,0
BRDA:611,40,1,0
BRDA:620,41,0,0
BRDA:620,41,1,0
BRDA:622,42,0,0
BRDA:622,42,1,0
BRDA:628,43,0,0
BRDA:628,43,1,0
BRDA:641,44,0,0
BRDA:641,44,1,0
BRDA:660,45,0,0
BRDA:660,45,1,0
BRDA:663,46,0,0
BRDA:663,46,1,0
BRDA:676,47,0,0
BRDA:676,47,1,0
BRDA:688,48,0,0
BRDA:688,48,1,0
BRDA:688,49,0,0
BRDA:688,49,1,0
BRDA:699,50,0,0
BRDA:699,50,1,0
BRDA:707,51,0,0
BRDA:707,51,1,0
BRDA:717,52,0,0
BRDA:717,52,1,0
BRDA:720,53,0,0
BRDA:720,53,1,0
BRDA:740,54,0,0
BRDA:740,54,1,0
BRDA:750,55,0,0
BRDA:750,55,1,0
BRDA:770,56,0,0
BRDA:770,56,1,0
BRDA:772,57,0,0
BRDA:772,57,1,0
BRDA:774,58,0,0
BRDA:774,58,1,0
BRDA:785,59,0,0
BRDA:785,59,1,0
BRDA:802,60,0,0
BRDA:802,60,1,0
BRDA:806,61,0,0
BRDA:806,61,1,0
BRDA:810,62,0,0
BRDA:810,62,1,0
BRDA:844,63,0,0
BRDA:844,63,1,0
BRDA:869,64,0,0
BRDA:869,64,1,0
BRDA:871,65,0,0
BRDA:871,65,1,0
BRDA:877,66,0,0
BRDA:877,66,1,0
BRDA:890,67,0,0
BRDA:890,67,1,0
BRDA:903,68,0,0
BRDA:903,68,1,0
BRDA:903,69,0,0
BRDA:903,69,1,0
BRDA:928,70,0,0
BRDA:928,70,1,0
BRDA:942,71,0,0
BRDA:942,71,1,0
BRDA:946,72,0,0
BRDA:946,72,1,0
BRDA:946,72,2,0
BRDA:946,72,3,0
BRDA:946,72,4,0
BRDA:950,73,0,0
BRDA:950,73,1,0
BRDA:971,74,0,0
BRDA:971,74,1,0
BRDA:976,75,0,0
BRDA:976,75,1,0
BRDA:978,76,0,0
BRDA:978,76,1,0
BRDA:984,77,0,0
BRDA:984,77,1,0
BRDA:997,78,0,0
BRDA:997,78,1,0
BRDA:1018,79,0,0
BRDA:1018,79,1,0
BRDA:1021,80,0,0
BRDA:1021,80,1,0
BRDA:1047,81,0,0
BRDA:1047,81,1,0
BRDA:1049,82,0,0
BRDA:1049,82,1,0
BRDA:1054,83,0,0
BRDA:1054,83,1,0
BRDA:1080,84,0,0
BRDA:1080,84,1,0
BRDA:1082,85,0,0
BRDA:1082,85,1,0
BRDA:1107,86,0,0
BRDA:1107,86,1,0
BRDA:1109,87,0,0
BRDA:1109,87,1,0
BRDA:1139,88,0,0
BRDA:1139,88,1,0
BRDA:1141,89,0,0
BRDA:1141,89,1,0
BRDA:1147,90,0,0
BRDA:1147,90,1,0
BRDA:1174,91,0,0
BRDA:1174,91,1,0
BRDA:1177,92,0,0
BRDA:1177,92,1,0
BRDA:1190,93,0,0
BRDA:1190,93,1,0
BRDA:1208,94,0,0
BRDA:1208,94,1,0
BRDA:1226,95,0,0
BRDA:1226,95,1,0
BRDA:1226,96,0,0
BRDA:1226,96,1,0
BRDA:1245,97,0,0
BRDA:1245,97,1,0
BRDA:1247,98,0,0
BRDA:1247,98,1,0
BRDA:1252,99,0,0
BRDA:1252,99,1,0
BRF:204
BRH:0
end_of_record
TN:
SF:controllers\logbooks\emailApprovalController.js
FN:21,(anonymous_0)
FN:56,(anonymous_1)
FN:136,(anonymous_2)
FN:251,(anonymous_3)
FN:286,(anonymous_4)
FN:328,(anonymous_5)
FN:417,(anonymous_6)
FN:418,(anonymous_7)
FN:472,(anonymous_8)
FN:515,(anonymous_9)
FNF:10
FNH:0
FNDA:0,(anonymous_0)
FNDA:0,(anonymous_1)
FNDA:0,(anonymous_2)
FNDA:0,(anonymous_3)
FNDA:0,(anonymous_4)
FNDA:0,(anonymous_5)
FNDA:0,(anonymous_6)
FNDA:0,(anonymous_7)
FNDA:0,(anonymous_8)
FNDA:0,(anonymous_9)
DA:4,2
DA:5,2
DA:14,2
DA:15,2
DA:21,2
DA:22,0
DA:23,0
DA:24,0
DA:26,0
DA:33,0
DA:38,0
DA:44,0
DA:45,0
DA:56,2
DA:57,0
DA:58,0
DA:59,0
DA:61,0
DA:67,0
DA:124,0
DA:125,0
DA:136,2
DA:137,0
DA:138,0
DA:139,0
DA:142,0
DA:144,0
DA:145,0
DA:146,0
DA:147,0
DA:148,0
DA:151,0
DA:154,0
DA:195,0
DA:201,0
DA:231,0
DA:232,0
DA:251,2
DA:252,0
DA:253,0
DA:254,0
DA:256,0
DA:258,0
DA:261,0
DA:273,0
DA:274,0
DA:286,2
DA:287,0
DA:288,0
DA:289,0
DA:291,0
DA:293,0
DA:294,0
DA:300,0
DA:303,0
DA:315,0
DA:316,0
DA:328,2
DA:329,0
DA:330,0
DA:333,0
DA:334,0
DA:335,0
DA:341,0
DA:344,0
DA:346,0
DA:347,0
DA:348,0
DA:354,0
DA:362,0
DA:390,0
DA:391,0
DA:392,0
DA:398,0
DA:409,0
DA:411,0
DA:413,0
DA:414,0
DA:415,0
DA:416,0
DA:417,0
DA:418,0
DA:420,0
DA:421,0
DA:422,0
DA:425,0
DA:426,0
DA:429,0
DA:435,0
DA:437,0
DA:465,0
DA:471,0
DA:472,0
DA:488,0
DA:497,0
DA:500,0
DA:504,0
DA:506,0
DA:508,0
DA:515,0
DA:523,0
DA:526,0
DA:533,0
DA:536,0
DA:537,0
DA:538,0
DA:541,0
DA:542,0
DA:545,0
DA:561,0
DA:562,0
DA:563,0
DA:566,0
DA:577,0
DA:578,0
DA:594,0
DA:595,0
DA:596,0
DA:598,0
DA:601,0
DA:606,0
DA:607,0
DA:612,0
DA:626,0
DA:636,0
DA:643,0
DA:645,0
LF:127
LH:10
BRDA:47,0,0,0
BRDA:47,0,1,0
BRDA:48,1,0,0
BRDA:48,1,1,0
BRDA:59,2,0,0
BRDA:59,2,1,0
BRDA:127,3,0,0
BRDA:127,3,1,0
BRDA:128,4,0,0
BRDA:128,4,1,0
BRDA:139,5,0,0
BRDA:139,5,1,0
BRDA:142,6,0,0
BRDA:142,6,1,0
BRDA:142,7,0,0
BRDA:142,7,1,0
BRDA:147,8,0,0
BRDA:147,8,1,0
BRDA:147,9,0,0
BRDA:147,9,1,0
BRDA:238,10,0,0
BRDA:238,10,1,0
BRDA:254,11,0,0
BRDA:254,11,1,0
BRDA:268,12,0,0
BRDA:268,12,1,0
BRDA:276,13,0,0
BRDA:276,13,1,0
BRDA:277,14,0,0
BRDA:277,14,1,0
BRDA:289,15,0,0
BRDA:289,15,1,0
BRDA:293,16,0,0
BRDA:293,16,1,0
BRDA:293,17,0,0
BRDA:293,17,1,0
BRDA:318,18,0,0
BRDA:318,18,1,0
BRDA:319,19,0,0
BRDA:319,19,1,0
BRDA:333,20,0,0
BRDA:333,20,1,0
BRDA:333,21,0,0
BRDA:333,21,1,0
BRDA:346,22,0,0
BRDA:346,22,1,0
BRDA:390,23,0,0
BRDA:390,23,1,0
BRDA:411,24,0,0
BRDA:411,24,1,0
BRDA:414,25,0,0
BRDA:414,25,1,0
BRDA:415,26,0,0
BRDA:415,26,1,0
BRDA:421,27,0,0
BRDA:421,27,1,0
BRDA:425,28,0,0
BRDA:425,28,1,0
BRDA:435,29,0,0
BRDA:435,29,1,0
BRDA:466,30,0,0
BRDA:466,30,1,0
BRDA:467,31,0,0
BRDA:467,31,1,0
BRDA:471,32,0,0
BRDA:471,32,1,0
BRDA:471,33,0,0
BRDA:471,33,1,0
BRDA:482,34,0,0
BRDA:482,34,1,0
BRDA:485,35,0,0
BRDA:485,35,1,0
BRDA:506,36,0,0
BRDA:506,36,1,0
BRDA:536,37,0,0
BRDA:536,37,1,0
BRDA:561,38,0,0
BRDA:561,38,1,0
BRDA:577,39,0,0
BRDA:577,39,1,0
BRDA:594,40,0,0
BRDA:594,40,1,0
BRDA:615,41,0,0
BRDA:615,41,1,0
BRDA:648,42,0,0
BRDA:648,42,1,0
BRF:86
BRH:0
end_of_record
TN:
SF:controllers\logbooks\internshipLogbookController.js
FN:9,(anonymous_0)
FN:40,(anonymous_1)
FN:70,(anonymous_2)
FN:116,(anonymous_3)
FN:159,(anonymous_4)
FN:198,(anonymous_5)
FN:237,(anonymous_6)
FN:276,(anonymous_7)
FN:314,(anonymous_8)
FN:359,(anonymous_9)
FN:396,(anonymous_10)
FN:452,(anonymous_11)
FNF:12
FNH:0
FNDA:0,(anonymous_0)
FNDA:0,(anonymous_1)
FNDA:0,(anonymous_2)
FNDA:0,(anonymous_3)
FNDA:0,(anonymous_4)
FNDA:0,(anonymous_5)
FNDA:0,(anonymous_6)
FNDA:0,(anonymous_7)
FNDA:0,(anonymous_8)
FNDA:0,(anonymous_9)
FNDA:0,(anonymous_10)
FNDA:0,(anonymous_11)
DA:1,2
DA:2,2
DA:9,2
DA:10,0
DA:11,0
DA:12,0
DA:13,0
DA:19,0
DA:21,0
DA:28,0
DA:29,0
DA:40,2
DA:41,0
DA:42,0
DA:43,0
DA:49,0
DA:51,0
DA:58,0
DA:59,0
DA:70,2
DA:71,0
DA:72,0
DA:73,0
DA:79,0
DA:80,0
DA:82,0
DA:89,0
DA:91,0
DA:92,0
DA:98,0
DA:99,0
DA:105,0
DA:116,2
DA:117,0
DA:118,0
DA:119,0
DA:125,0
DA:127,0
DA:134,0
DA:136,0
DA:142,0
DA:148,0
DA:159,2
DA:160,0
DA:161,0
DA:162,0
DA:163,0
DA:169,0
DA:171,0
DA:178,0
DA:180,0
DA:181,0
DA:187,0
DA:198,2
DA:199,0
DA:200,0
DA:201,0
DA:202,0
DA:208,0
DA:210,0
DA:217,0
DA:219,0
DA:220,0
DA:226,0
DA:237,2
DA:238,0
DA:239,0
DA:240,0
DA:246,0
DA:247,0
DA:249,0
DA:256,0
DA:258,0
DA:259,0
DA:265,0
DA:276,2
DA:277,0
DA:278,0
DA:279,0
DA:285,0
DA:287,0
DA:294,0
DA:296,0
DA:297,0
DA:303,0
DA:314,2
DA:315,0
DA:316,0
DA:317,0
DA:323,0
DA:325,0
DA:332,0
DA:334,0
DA:336,0
DA:342,0
DA:344,0
DA:350,0
DA:359,2
DA:360,0
DA:361,0
DA:362,0
DA:363,0
DA:365,0
DA:367,0
DA:374,0
DA:376,0
DA:377,0
DA:383,0
DA:396,2
DA:397,0
DA:399,0
DA:400,0
DA:406,0
DA:409,0
DA:410,0
DA:416,0
DA:423,0
DA:425,0
DA:432,0
DA:434,0
DA:435,0
DA:441,0
DA:452,2
DA:453,0
DA:455,0
DA:456,0
DA:462,0
DA:464,0
DA:465,0
DA:472,0
DA:479,0
DA:481,0
DA:482,0
DA:488,0
LF:134
LH:14
BRDA:11,0,0,0
BRDA:11,0,1,0
BRDA:11,1,0,0
BRDA:11,1,1,0
BRDA:31,2,0,0
BRDA:31,2,1,0
BRDA:32,3,0,0
BRDA:32,3,1,0
BRDA:42,4,0,0
BRDA:42,4,1,0
BRDA:42,5,0,0
BRDA:42,5,1,0
BRDA:61,6,0,0
BRDA:61,6,1,0
BRDA:62,7,0,0
BRDA:62,7,1,0
BRDA:72,8,0,0
BRDA:72,8,1,0
BRDA:72,9,0,0
BRDA:72,9,1,0
BRDA:91,10,0,0
BRDA:91,10,1,0
BRDA:98,11,0,0
BRDA:98,11,1,0
BRDA:107,12,0,0
BRDA:107,12,1,0
BRDA:108,13,0,0
BRDA:108,13,1,0
BRDA:118,14,0,0
BRDA:118,14,1,0
BRDA:118,15,0,0
BRDA:118,15,1,0
BRDA:136,16,0,0
BRDA:136,16,1,0
BRDA:137,17,0,0
BRDA:137,17,1,0
BRDA:137,17,2,0
BRDA:150,18,0,0
BRDA:150,18,1,0
BRDA:151,19,0,0
BRDA:151,19,1,0
BRDA:161,20,0,0
BRDA:161,20,1,0
BRDA:161,21,0,0
BRDA:161,21,1,0
BRDA:180,22,0,0
BRDA:180,22,1,0
BRDA:189,23,0,0
BRDA:189,23,1,0
BRDA:190,24,0,0
BRDA:190,24,1,0
BRDA:200,25,0,0
BRDA:200,25,1,0
BRDA:200,26,0,0
BRDA:200,26,1,0
BRDA:219,27,0,0
BRDA:219,27,1,0
BRDA:228,28,0,0
BRDA:228,28,1,0
BRDA:229,29,0,0
BRDA:229,29,1,0
BRDA:239,30,0,0
BRDA:239,30,1,0
BRDA:239,31,0,0
BRDA:239,31,1,0
BRDA:258,32,0,0
BRDA:258,32,1,0
BRDA:258,33,0,0
BRDA:258,33,1,0
BRDA:267,34,0,0
BRDA:267,34,1,0
BRDA:268,35,0,0
BRDA:268,35,1,0
BRDA:278,36,0,0
BRDA:278,36,1,0
BRDA:278,37,0,0
BRDA:278,37,1,0
BRDA:289,38,0,0
BRDA:289,38,1,0
BRDA:296,39,0,0
BRDA:296,39,1,0
BRDA:296,40,0,0
BRDA:296,40,1,0
BRDA:305,41,0,0
BRDA:305,41,1,0
BRDA:306,42,0,0
BRDA:306,42,1,0
BRDA:316,43,0,0
BRDA:316,43,1,0
BRDA:316,44,0,0
BRDA:316,44,1,0
BRDA:334,45,0,0
BRDA:334,45,1,0
BRDA:334,46,0,0
BRDA:334,46,1,0
BRDA:342,47,0,0
BRDA:342,47,1,0
BRDA:342,48,0,0
BRDA:342,48,1,0
BRDA:352,49,0,0
BRDA:352,49,1,0
BRDA:353,50,0,0
BRDA:353,50,1,0
BRDA:376,51,0,0
BRDA:376,51,1,0
BRDA:376,52,0,0
BRDA:376,52,1,0
BRDA:386,53,0,0
BRDA:386,53,1,0
BRDA:399,54,0,0
BRDA:399,54,1,0
BRDA:399,55,0,0
BRDA:399,55,1,0
BRDA:409,56,0,0
BRDA:409,56,1,0
BRDA:409,57,0,0
BRDA:409,57,1,0
BRDA:409,57,2,0
BRDA:420,58,0,0
BRDA:420,58,1,0
BRDA:434,59,0,0
BRDA:434,59,1,0
BRDA:444,60,0,0
BRDA:444,60,1,0
BRDA:455,61,0,0
BRDA:455,61,1,0
BRDA:455,62,0,0
BRDA:455,62,1,0
BRDA:464,63,0,0
BRDA:464,63,1,0
BRDA:481,64,0,0
BRDA:481,64,1,0
BRDA:491,65,0,0
BRDA:491,65,1,0
BRF:134
BRH:0
end_of_record
TN:
SF:middleware\authMiddleware.js
FN:10,(anonymous_0)
FN:72,(anonymous_1)
FN:72,(anonymous_2)
FN:94,(anonymous_3)
FN:94,(anonymous_4)
FN:149,(anonymous_5)
FN:149,(anonymous_6)
FN:203,(anonymous_7)
FN:236,(anonymous_8)
FN:237,(anonymous_9)
FNF:10
FNH:3
FNDA:0,(anonymous_0)
FNDA:156,(anonymous_1)
FNDA:0,(anonymous_2)
FNDA:16,(anonymous_3)
FNDA:0,(anonymous_4)
FNDA:10,(anonymous_5)
FNDA:0,(anonymous_6)
FNDA:0,(anonymous_7)
FNDA:0,(anonymous_8)
FNDA:0,(anonymous_9)
DA:1,2
DA:2,2
DA:3,2
DA:4,2
DA:7,2
DA:9,2
DA:11,0
DA:13,0
DA:14,0
DA:17,0
DA:18,0
DA:26,0
DA:29,0
DA:36,0
DA:37,0
DA:41,0
DA:42,0
DA:46,0
DA:48,0
DA:53,0
DA:59,0
DA:60,0
DA:62,0
DA:63,0
DA:72,156
DA:74,0
DA:75,0
DA:83,0
DA:84,0
DA:90,0
DA:94,16
DA:95,0
DA:96,0
DA:97,0
DA:105,0
DA:106,0
DA:114,0
DA:115,0
DA:119,0
DA:120,0
DA:128,0
DA:129,0
DA:137,0
DA:138,0
DA:140,0
DA:141,0
DA:149,10
DA:150,0
DA:151,0
DA:152,0
DA:160,0
DA:161,0
DA:164,0
DA:165,0
DA:172,0
DA:173,0
DA:175,0
DA:176,0
DA:183,0
DA:184,0
DA:192,0
DA:193,0
DA:195,0
DA:196,0
DA:204,0
DA:206,0
DA:213,0
DA:214,0
DA:218,0
DA:219,0
DA:220,0
DA:222,0
DA:223,0
DA:225,0
DA:231,0
DA:232,0
DA:237,0
DA:239,0
DA:240,0
DA:247,0
DA:249,0
DA:257,0
DA:271,0
DA:272,0
DA:273,0
DA:280,0
DA:281,0
DA:288,0
DA:290,0
DA:291,0
DA:301,2
LF:91
LH:10
BRDA:17,0,0,0
BRDA:17,0,1,0
BRDA:36,1,0,0
BRDA:36,1,1,0
BRDA:41,2,0,0
BRDA:41,2,1,0
BRDA:46,3,0,0
BRDA:46,3,1,0
BRDA:56,4,0,0
BRDA:56,4,1,0
BRDA:65,5,0,0
BRDA:65,5,1,0
BRDA:74,6,0,0
BRDA:74,6,1,0
BRDA:83,7,0,0
BRDA:83,7,1,0
BRDA:96,8,0,0
BRDA:96,8,1,0
BRDA:105,9,0,0
BRDA:105,9,1,0
BRDA:119,10,0,0
BRDA:119,10,1,0
BRDA:128,11,0,0
BRDA:128,11,1,0
BRDA:151,12,0,0
BRDA:151,12,1,0
BRDA:160,13,0,0
BRDA:160,13,1,0
BRDA:164,14,0,0
BRDA:164,14,1,0
BRDA:175,15,0,0
BRDA:175,15,1,0
BRDA:183,16,0,0
BRDA:183,16,1,0
BRDA:213,17,0,0
BRDA:213,17,1,0
BRDA:222,18,0,0
BRDA:222,18,1,0
BRDA:222,19,0,0
BRDA:222,19,1,0
BRDA:239,20,0,0
BRDA:239,20,1,0
BRDA:259,21,0,0
BRDA:259,21,1,0
BRDA:263,22,0,0
BRDA:263,22,1,0
BRDA:263,22,2,0
BRDA:272,23,0,0
BRDA:272,23,1,0
BRDA:272,24,0,0
BRDA:272,24,1,0
BRDA:280,25,0,0
BRDA:280,25,1,0
BRDA:283,26,0,0
BRDA:283,26,1,0
BRF:55
BRH:0
end_of_record
TN:
SF:middleware\rateLimiter.js
FN:9,(anonymous_0)
FNF:1
FNH:0
FNDA:0,(anonymous_0)
DA:1,2
DA:3,2
DA:10,0
DA:18,2
LF:4
LH:3
BRF:0
BRH:0
end_of_record
TN:
SF:models\Academic.js
FN:3,(anonymous_0)
FN:5,(anonymous_1)
FNF:2
FNH:2
FNDA:4,(anonymous_0)
FNDA:4,(anonymous_1)
DA:1,4
DA:3,4
DA:7,4
DA:14,4
DA:86,4
LF:5
LH:5
BRF:0
BRH:0
end_of_record
TN:
SF:models\Admin.js
FN:3,(anonymous_0)
FN:5,(anonymous_1)
FNF:2
FNH:2
FNDA:4,(anonymous_0)
FNDA:4,(anonymous_1)
DA:1,4
DA:3,4
DA:6,4
DA:13,4
DA:59,4
LF:5
LH:5
BRF:0
BRH:0
end_of_record
TN:
SF:models\ApprovalToken.js
FN:4,(anonymous_0)
FN:5,(anonymous_1)
FNF:2
FNH:2
FNDA:4,(anonymous_0)
FNDA:4,(anonymous_1)
DA:2,4
DA:4,4
DA:7,4
DA:12,4
DA:19,4
DA:27,4
DA:106,4
LF:7
LH:7
BRF:0
BRH:0
end_of_record
TN:
SF:models\Curriculum.js
FN:3,(anonymous_0)
FN:5,(anonymous_1)
FNF:2
FNH:2
FNDA:4,(anonymous_0)
FNDA:4,(anonymous_1)
DA:1,4
DA:3,4
DA:7,4
DA:17,4
DA:91,4
LF:5
LH:5
BRF:0
BRH:0
end_of_record
TN:
SF:models\Document.js
FN:3,(anonymous_0)
FN:5,(anonymous_1)
FNF:2
FNH:2
FNDA:6,(anonymous_0)
FNDA:4,(anonymous_1)
DA:1,5
DA:3,5
DA:6,4
DA:10,4
DA:14,4
DA:18,4
DA:23,4
DA:30,6
DA:184,6
LF:9
LH:9
BRF:0
BRH:0
end_of_record
TN:
SF:models\DocumentLog.js
FN:3,(anonymous_0)
FN:5,(anonymous_1)
FNF:2
FNH:2
FNDA:4,(anonymous_0)
FNDA:4,(anonymous_1)
DA:1,4
DA:3,4
DA:6,4
DA:11,4
DA:18,4
DA:78,4
LF:6
LH:6
BRF:0
BRH:0
end_of_record
TN:
SF:models\ImportantDeadline.js
FN:3,(anonymous_0)
FN:5,(anonymous_1)
FNF:2
FNH:2
FNDA:6,(anonymous_0)
FNDA:4,(anonymous_1)
DA:1,5
DA:3,5
DA:10,6
DA:157,6
LF:4
LH:4
BRF:0
BRH:0
end_of_record
TN:
SF:models\InternshipCertificateRequest.js
FN:3,(anonymous_0)
FN:92,(anonymous_1)
FNF:2
FNH:2
FNDA:4,(anonymous_0)
FNDA:4,(anonymous_1)
DA:1,4
DA:3,4
DA:4,4
DA:92,4
DA:93,4
DA:99,4
DA:105,4
LF:7
LH:7
BRF:0
BRH:0
end_of_record
TN:
SF:models\InternshipDocument.js
FN:3,(anonymous_0)
FN:5,(anonymous_1)
FNF:2
FNH:2
FNDA:4,(anonymous_0)
FNDA:4,(anonymous_1)
DA:1,4
DA:3,4
DA:6,4
DA:11,4
DA:18,4
DA:128,4
LF:6
LH:6
BRF:0
BRH:0
end_of_record
TN:
SF:models\InternshipEvaluation.js
FN:10,(anonymous_0)
FN:17,(anonymous_1)
FNF:2
FNH:2
FNDA:4,(anonymous_0)
FNDA:4,(anonymous_1)
DA:1,4
DA:6,4
DA:7,4
DA:8,4
DA:10,4
DA:19,4
DA:22,4
DA:25,4
DA:30,4
DA:163,4
LF:10
LH:10
BRF:0
BRH:0
end_of_record
TN:
SF:models\InternshipLogbook.js
FN:3,(anonymous_0)
FN:5,(anonymous_1)
FNF:2
FNH:2
FNDA:4,(anonymous_0)
FNDA:4,(anonymous_1)
DA:1,4
DA:3,4
DA:6,4
DA:11,4
DA:16,4
DA:21,4
DA:28,4
DA:150,4
LF:8
LH:8
BRF:0
BRH:0
end_of_record
TN:
SF:models\InternshipLogbookAttachment.js
FN:3,(anonymous_0)
FN:5,(anonymous_1)
FNF:2
FNH:2
FNDA:4,(anonymous_0)
FNDA:4,(anonymous_1)
DA:1,4
DA:3,4
DA:6,4
DA:13,4
DA:67,4
LF:5
LH:5
BRF:0
BRH:0
end_of_record
TN:
SF:models\InternshipLogbookReflection.js
FN:4,(anonymous_0)
FN:6,(anonymous_1)
FNF:2
FNH:2
FNDA:4,(anonymous_0)
FNDA:4,(anonymous_1)
DA:2,4
DA:4,4
DA:8,4
DA:14,4
DA:21,4
DA:60,4
LF:6
LH:6
BRF:0
BRH:0
end_of_record
TN:
SF:models\InternshipLogbookRevision.js
FN:3,(anonymous_0)
FN:5,(anonymous_1)
FNF:2
FNH:2
FNDA:4,(anonymous_0)
FNDA:4,(anonymous_1)
DA:1,4
DA:3,4
DA:6,4
DA:10,4
DA:17,4
DA:78,4
LF:6
LH:6
BRF:0
BRH:0
end_of_record
TN:
SF:models\Meeting.js
FN:3,(anonymous_0)
FN:5,(anonymous_1)
FNF:2
FNH:2
FNDA:4,(anonymous_0)
FNDA:4,(anonymous_1)
DA:1,4
DA:3,4
DA:6,4
DA:10,4
DA:14,4
DA:18,4
DA:25,4
DA:89,4
LF:8
LH:8
BRF:0
BRH:0
end_of_record
TN:
SF:models\MeetingActionItem.js
FN:3,(anonymous_0)
FN:5,(anonymous_1)
FNF:2
FNH:2
FNDA:4,(anonymous_0)
FNDA:4,(anonymous_1)
DA:1,4
DA:3,4
DA:6,4
DA:10,4
DA:17,4
DA:76,4
LF:6
LH:6
BRF:0
BRH:0
end_of_record
TN:
SF:models\MeetingAttachment.js
FN:3,(anonymous_0)
FN:5,(anonymous_1)
FNF:2
FNH:2
FNDA:4,(anonymous_0)
FNDA:4,(anonymous_1)
DA:1,4
DA:3,4
DA:6,4
DA:10,4
DA:17,4
DA:76,4
LF:6
LH:6
BRF:0
BRH:0
end_of_record
TN:
SF:models\MeetingLog.js
FN:3,(anonymous_0)
FN:5,(anonymous_1)
FNF:2
FNH:2
FNDA:4,(anonymous_0)
FNDA:4,(anonymous_1)
DA:1,4
DA:3,4
DA:6,4
DA:10,4
DA:14,4
DA:21,4
DA:81,4
LF:7
LH:7
BRF:0
BRH:0
end_of_record
TN:
SF:models\MeetingParticipant.js
FN:3,(anonymous_0)
FN:5,(anonymous_1)
FNF:2
FNH:2
FNDA:4,(anonymous_0)
FNDA:4,(anonymous_1)
DA:1,4
DA:3,4
DA:6,4
DA:10,4
DA:17,4
DA:64,4
LF:6
LH:6
BRF:0
BRH:0
end_of_record
TN:
SF:models\NotificationSetting.js
FN:3,(anonymous_0)
FN:5,(anonymous_1)
FN:18,(anonymous_2)
FN:25,(anonymous_3)
FN:102,(anonymous_4)
FNF:5
FNH:2
FNDA:4,(anonymous_0)
FNDA:4,(anonymous_1)
FNDA:0,(anonymous_2)
FNDA:0,(anonymous_3)
FNDA:0,(anonymous_4)
DA:1,4
DA:3,4
DA:7,4
DA:19,0
DA:26,0
DA:41,4
DA:104,0
DA:105,0
DA:106,0
DA:112,4
LF:10
LH:5
BRDA:32,0,0,0
BRDA:32,0,1,0
BRDA:105,1,0,0
BRDA:105,1,1,0
BRF:4
BRH:0
end_of_record
TN:
SF:models\PasswordResetToken.js
FN:3,(anonymous_0)
FN:5,(anonymous_1)
FNF:2
FNH:2
FNDA:4,(anonymous_0)
FNDA:4,(anonymous_1)
DA:1,4
DA:3,4
DA:7,4
DA:15,4
DA:70,4
LF:5
LH:5
BRF:0
BRH:0
end_of_record
TN:
SF:models\ProjectDocument.js
FN:3,(anonymous_0)
FN:5,(anonymous_1)
FNF:2
FNH:2
FNDA:4,(anonymous_0)
FNDA:4,(anonymous_1)
DA:1,4
DA:3,4
DA:6,4
DA:10,4
DA:14,4
DA:18,4
DA:22,4
DA:29,4
DA:87,4
LF:9
LH:9
BRF:0
BRH:0
end_of_record
TN:
SF:models\ProjectMember.js
FN:3,(anonymous_0)
FN:5,(anonymous_1)
FNF:2
FNH:2
FNDA:4,(anonymous_0)
FNDA:4,(anonymous_1)
DA:1,4
DA:3,4
DA:6,4
DA:10,4
DA:17,4
DA:51,4
LF:6
LH:6
BRF:0
BRH:0
end_of_record
TN:
SF:models\Student.js
FN:3,(anonymous_0)
FN:5,(anonymous_1)
FN:52,(anonymous_2)
FN:148,(anonymous_3)
FNF:4
FNH:2
FNDA:4,(anonymous_0)
FNDA:4,(anonymous_1)
FNDA:0,(anonymous_2)
FNDA:0,(anonymous_3)
DA:1,4
DA:3,4
DA:6,4
DA:11,4
DA:16,4
DA:21,4
DA:29,4
DA:33,4
DA:38,4
DA:42,4
DA:46,4
DA:53,0
DA:54,0
DA:56,0
DA:60,0
DA:62,0
DA:63,0
DA:64,0
DA:65,0
DA:66,0
DA:73,0
DA:76,0
DA:79,0
DA:81,0
DA:86,0
DA:87,0
DA:88,0
DA:89,0
DA:90,0
DA:93,0
DA:97,0
DA:101,0
DA:102,0
DA:103,0
DA:106,0
DA:113,0
DA:114,0
DA:122,0
DA:123,0
DA:124,0
DA:133,0
DA:134,0
DA:140,0
DA:141,0
DA:149,0
DA:150,0
DA:152,0
DA:156,0
DA:157,0
DA:159,0
DA:160,0
DA:161,0
DA:162,0
DA:163,0
DA:164,0
DA:166,0
DA:167,0
DA:168,0
DA:169,0
DA:172,0
DA:173,0
DA:174,0
DA:175,0
DA:176,0
DA:177,0
DA:182,0
DA:183,0
DA:184,0
DA:186,0
DA:187,0
DA:190,0
DA:197,0
DA:198,0
DA:204,0
DA:205,0
DA:206,0
DA:213,0
DA:214,0
DA:215,0
DA:222,0
DA:223,0
DA:230,0
DA:231,0
DA:237,0
DA:238,0
DA:246,4
DA:382,4
LF:87
LH:13
BRDA:62,0,0,0
BRDA:62,0,1,0
BRDA:79,1,0,0
BRDA:79,1,1,0
BRDA:86,2,0,0
BRDA:86,2,1,0
BRDA:101,3,0,0
BRDA:101,3,1,0
BRDA:101,4,0,0
BRDA:101,4,1,0
BRDA:113,5,0,0
BRDA:113,5,1,0
BRDA:122,6,0,0
BRDA:122,6,1,0
BRDA:122,7,0,0
BRDA:122,7,1,0
BRDA:123,8,0,0
BRDA:123,8,1,0
BRDA:159,9,0,0
BRDA:159,9,1,0
BRDA:168,10,0,0
BRDA:168,10,1,0
BRDA:172,11,0,0
BRDA:172,11,1,0
BRDA:182,12,0,0
BRDA:182,12,1,0
BRDA:182,13,0,0
BRDA:182,13,1,0
BRDA:186,14,0,0
BRDA:186,14,1,0
BRDA:186,15,0,0
BRDA:186,15,1,0
BRDA:197,16,0,0
BRDA:197,16,1,0
BRDA:204,17,0,0
BRDA:204,17,1,0
BRDA:204,18,0,0
BRDA:204,18,1,0
BRDA:205,19,0,0
BRDA:205,19,1,0
BRDA:213,20,0,0
BRDA:213,20,1,0
BRDA:222,21,0,0
BRDA:222,21,1,0
BRF:44
BRH:0
end_of_record
TN:
SF:models\StudentAcademicHistory.js
FN:3,(anonymous_0)
FN:5,(anonymous_1)
FNF:2
FNH:2
FNDA:4,(anonymous_0)
FNDA:4,(anonymous_1)
DA:1,4
DA:3,4
DA:6,4
DA:14,4
DA:56,4
LF:5
LH:5
BRF:0
BRH:0
end_of_record
TN:
SF:models\StudentProgress.js
FN:3,(anonymous_0)
FN:5,(anonymous_1)
FNF:2
FNH:2
FNDA:4,(anonymous_0)
FNDA:4,(anonymous_1)
DA:1,4
DA:3,4
DA:6,4
DA:13,4
DA:73,4
LF:5
LH:5
BRF:0
BRH:0
end_of_record
TN:
SF:models\SystemLog.js
FN:3,(anonymous_0)
FN:5,(anonymous_1)
FNF:2
FNH:2
FNDA:4,(anonymous_0)
FNDA:4,(anonymous_1)
DA:1,4
DA:3,4
DA:6,4
DA:13,4
DA:69,4
LF:5
LH:5
BRF:0
BRH:0
end_of_record
TN:
SF:models\Teacher.js
FN:3,(anonymous_0)
FN:5,(anonymous_1)
FNF:2
FNH:2
FNDA:4,(anonymous_0)
FNDA:4,(anonymous_1)
DA:1,4
DA:3,4
DA:6,4
DA:10,4
DA:14,4
DA:18,4
DA:25,4
DA:84,4
LF:8
LH:8
BRF:0
BRH:0
end_of_record
TN:
SF:models\TeacherProjectManagement.js
FN:3,(anonymous_0)
FN:5,(anonymous_1)
FNF:2
FNH:2
FNDA:4,(anonymous_0)
FNDA:4,(anonymous_1)
DA:1,4
DA:3,4
DA:6,4
DA:13,4
DA:68,4
LF:5
LH:5
BRF:0
BRH:0
end_of_record
TN:
SF:models\TimelineStep.js
FN:3,(anonymous_0)
FN:5,(anonymous_1)
FNF:2
FNH:2
FNDA:4,(anonymous_0)
FNDA:4,(anonymous_1)
DA:1,4
DA:3,4
DA:6,4
DA:13,4
DA:83,4
LF:5
LH:5
BRF:0
BRH:0
end_of_record
TN:
SF:models\UploadHistory.js
FN:3,(anonymous_0)
FN:5,(anonymous_1)
FNF:2
FNH:2
FNDA:4,(anonymous_0)
FNDA:4,(anonymous_1)
DA:1,4
DA:3,4
DA:6,4
DA:13,4
DA:66,4
LF:5
LH:5
BRF:0
BRH:0
end_of_record
TN:
SF:models\User.js
FN:3,(anonymous_0)
FN:5,(anonymous_1)
FN:41,(anonymous_2)
FN:48,(anonymous_3)
FN:58,(anonymous_4)
FNF:5
FNH:2
FNDA:4,(anonymous_0)
FNDA:4,(anonymous_1)
FNDA:0,(anonymous_2)
FNDA:0,(anonymous_3)
FNDA:0,(anonymous_4)
DA:1,4
DA:3,4
DA:6,4
DA:11,4
DA:15,4
DA:20,4
DA:25,4
DA:32,4
DA:42,0
DA:49,0
DA:59,0
DA:60,0
DA:63,0
DA:77,4
DA:148,4
LF:15
LH:10
BRDA:59,0,0,0
BRDA:59,0,1,0
BRDA:69,1,0,0
BRDA:69,1,1,0
BRDA:69,2,0,0
BRDA:69,2,1,0
BRF:6
BRH:0
end_of_record
TN:
SF:models\index.js
FN:11,(anonymous_0)
FN:18,(anonymous_1)
FN:24,(anonymous_2)
FNF:3
FNH:3
FNDA:140,(anonymous_0)
FNDA:136,(anonymous_1)
FNDA:136,(anonymous_2)
DA:3,4
DA:4,4
DA:5,4
DA:7,4
DA:10,4
DA:12,140
DA:19,136
DA:20,136
DA:24,4
DA:25,136
DA:26,136
DA:30,4
LF:12
LH:12
BRDA:13,0,0,140
BRDA:13,0,1,140
BRDA:13,0,2,136
BRDA:25,1,0,136
BRDA:25,1,1,0
BRF:5
BRH:4
end_of_record
TN:
SF:models\studentWorkflowActivity.js
FN:4,(anonymous_0)
FN:6,(anonymous_1)
FN:19,(anonymous_2)
FNF:3
FNH:2
FNDA:4,(anonymous_0)
FNDA:4,(anonymous_1)
FNDA:0,(anonymous_2)
DA:2,4
DA:4,4
DA:8,4
DA:20,0
DA:21,0
DA:22,0
DA:29,0
DA:30,0
DA:35,4
DA:112,4
LF:10
LH:5
BRF:0
BRH:0
end_of_record
TN:
SF:models\workflowStepDefinition.js
FN:5,(anonymous_0)
FN:7,(anonymous_1)
FNF:2
FNH:2
FNDA:4,(anonymous_0)
FNDA:4,(anonymous_1)
DA:3,4
DA:5,4
DA:12,4
DA:65,4
LF:4
LH:4
BRF:0
BRH:0
end_of_record
TN:
SF:routes\academicRoutes.js
FNF:0
FNH:0
DA:1,2
DA:2,2
DA:3,2
DA:7,2
DA:10,2
DA:17,2
DA:31,2
DA:39,2
DA:47,2
DA:54,2
LF:10
LH:10
BRF:0
BRH:0
end_of_record
TN:
SF:routes\adminRoutes.js
FN:21,(anonymous_0)
FNF:1
FNH:0
FNDA:0,(anonymous_0)
DA:1,2
DA:2,2
DA:3,2
DA:4,2
DA:5,2
DA:7,2
DA:8,2
DA:9,2
DA:10,2
DA:12,2
DA:13,2
DA:14,2
DA:18,2
DA:21,2
DA:22,0
DA:23,0
DA:24,0
DA:26,0
DA:27,0
DA:32,2
DA:33,2
DA:34,2
DA:37,2
DA:40,2
DA:41,2
DA:42,2
DA:43,2
DA:44,2
DA:45,2
DA:46,2
DA:50,2
DA:51,2
DA:52,2
DA:53,2
DA:54,2
DA:55,2
DA:58,2
DA:60,2
DA:61,2
DA:62,2
DA:65,2
DA:66,2
DA:67,2
DA:68,2
DA:69,2
DA:70,2
DA:73,2
DA:74,2
DA:75,2
DA:76,2
DA:77,2
DA:80,2
DA:81,2
DA:82,2
DA:83,2
DA:84,2
DA:87,2
DA:88,2
DA:89,2
DA:90,2
DA:94,2
DA:96,2
DA:98,2
DA:100,2
DA:102,2
DA:104,2
DA:106,2
DA:109,2
DA:110,2
DA:111,2
DA:112,2
DA:115,2
DA:116,2
DA:117,2
DA:118,2
DA:119,2
DA:120,2
DA:123,2
DA:124,2
DA:126,2
LF:80
LH:75
BRF:0
BRH:0
end_of_record
TN:
SF:routes\authRoutes.js
FN:26,(anonymous_0)
FNF:1
FNH:0
FNDA:0,(anonymous_0)
DA:1,2
DA:2,2
DA:3,2
DA:4,2
DA:5,2
DA:6,2
DA:7,2
DA:10,2
DA:11,0
DA:15,2
DA:18,2
DA:19,2
DA:22,2
DA:23,2
DA:26,2
DA:27,0
DA:38,2
DA:39,2
DA:41,2
LF:19
LH:17
BRDA:10,0,0,0
BRDA:10,0,1,2
BRF:2
BRH:1
end_of_record
TN:
SF:routes\emailApprovalRoutes.js
FNF:0
FNH:0
DA:3,2
DA:4,2
DA:5,2
DA:6,2
DA:10,2
DA:13,2
DA:16,2
DA:21,2
DA:22,2
DA:23,2
DA:24,2
DA:29,2
DA:30,2
DA:32,2
LF:14
LH:14
BRF:0
BRH:0
end_of_record
TN:
SF:routes\internshipCompanyStatsRoutes.js
FNF:0
FNH:0
DA:1,2
DA:2,2
DA:3,2
DA:4,2
DA:7,2
DA:9,2
DA:11,2
LF:7
LH:7
BRF:0
BRH:0
end_of_record
TN:
SF:routes\reportRoutes.js
FNF:0
FNH:0
DA:2,2
DA:3,2
DA:4,2
DA:5,2
DA:8,2
DA:9,2
DA:10,2
DA:11,2
DA:12,2
DA:13,2
DA:14,2
DA:16,2
LF:12
LH:12
BRF:0
BRH:0
end_of_record
TN:
SF:routes\studentRoutes.js
FNF:0
FNH:0
DA:1,3
DA:2,3
DA:3,3
DA:4,3
DA:5,3
DA:10,3
DA:13,3
DA:19,3
DA:23,3
DA:29,3
DA:34,3
DA:39,3
DA:44,3
DA:49,3
DA:54,3
LF:15
LH:15
BRF:0
BRH:0
end_of_record
TN:
SF:routes\teacherRoutes.js
FNF:0
FNH:0
DA:1,2
DA:2,2
DA:3,2
DA:4,2
DA:7,2
DA:10,2
DA:15,2
DA:20,2
DA:26,2
DA:31,2
DA:36,2
DA:42,2
DA:48,2
DA:55,2
DA:61,2
DA:68,2
DA:73,2
LF:17
LH:17
BRF:0
BRH:0
end_of_record
TN:
SF:routes\timelineRoutes.js
FNF:0
FNH:0
DA:1,2
DA:2,2
DA:3,2
DA:7,2
DA:14,2
DA:26,2
DA:38,2
DA:50,2
DA:57,2
LF:9
LH:9
BRF:0
BRH:0
end_of_record
TN:
SF:routes\upload.js
FNF:0
FNH:0
DA:1,2
DA:2,2
DA:3,2
DA:4,2
DA:6,2
DA:7,2
DA:9,2
DA:11,2
LF:8
LH:8
BRF:0
BRH:0
end_of_record
TN:
SF:routes\workflowRoutes.js
FN:15,(anonymous_0)
FN:50,(anonymous_1)
FN:93,(anonymous_2)
FNF:3
FNH:0
FNDA:0,(anonymous_0)
FNDA:0,(anonymous_1)
FNDA:0,(anonymous_2)
DA:1,2
DA:2,2
DA:3,2
DA:7,2
DA:13,2
DA:16,0
DA:17,0
DA:19,0
DA:20,0
DA:26,0
DA:28,0
DA:34,0
DA:35,0
DA:48,2
DA:51,0
DA:52,0
DA:54,0
DA:55,0
DA:61,0
DA:62,0
DA:69,0
DA:71,0
DA:77,0
DA:78,0
DA:91,2
DA:94,0
DA:95,0
DA:97,0
DA:98,0
DA:104,0
DA:112,0
DA:118,0
DA:119,0
DA:128,2
LF:34
LH:8
BRDA:19,0,0,0
BRDA:19,0,1,0
BRDA:38,1,0,0
BRDA:38,1,1,0
BRDA:54,2,0,0
BRDA:54,2,1,0
BRDA:61,3,0,0
BRDA:61,3,1,0
BRDA:81,4,0,0
BRDA:81,4,1,0
BRDA:97,5,0,0
BRDA:97,5,1,0
BRDA:97,6,0,0
BRDA:97,6,1,0
BRDA:97,6,2,0
BRDA:97,6,3,0
BRDA:122,7,0,0
BRDA:122,7,1,0
BRF:18
BRH:0
end_of_record
TN:
SF:routes\documents\documentsRoutes.js
FN:11,(anonymous_0)
FN:15,(anonymous_1)
FNF:2
FNH:0
FNDA:0,(anonymous_0)
FNDA:0,(anonymous_1)
DA:1,2
DA:2,2
DA:3,2
DA:4,2
DA:5,2
DA:6,2
DA:7,2
DA:10,2
DA:12,0
DA:13,0
DA:16,0
DA:17,0
DA:21,2
DA:28,2
DA:30,2
DA:32,2
DA:34,2
DA:35,2
DA:39,2
DA:41,2
DA:42,2
DA:44,2
DA:46,2
LF:23
LH:19
BRF:0
BRH:0
end_of_record
TN:
SF:routes\documents\internshipRoutes.js
FN:61,(anonymous_0)
FN:187,(anonymous_1)
FNF:2
FNH:0
FNDA:0,(anonymous_0)
FNDA:0,(anonymous_1)
DA:1,2
DA:2,2
DA:3,2
DA:4,2
DA:5,2
DA:6,2
DA:7,2
DA:8,2
DA:9,2
DA:15,2
DA:19,2
DA:29,2
DA:37,2
DA:45,2
DA:54,2
DA:57,2
DA:64,0
DA:65,0
DA:66,0
DA:71,0
DA:77,2
DA:87,2
DA:97,2
DA:107,2
DA:115,2
DA:123,2
DA:130,2
DA:141,2
DA:149,2
DA:157,2
DA:165,2
DA:173,2
DA:182,2
DA:188,0
DA:190,0
DA:199,0
DA:200,0
DA:207,0
DA:214,0
DA:220,0
DA:221,0
DA:232,2
DA:241,2
DA:249,2
DA:259,2
DA:267,2
DA:275,2
DA:282,2
DA:286,2
DA:295,2
DA:304,2
DA:313,2
DA:321,2
DA:331,2
DA:340,2
DA:349,2
DA:358,2
LF:57
LH:45
BRDA:65,0,0,0
BRDA:65,0,1,0
BRDA:199,1,0,0
BRDA:199,1,1,0
BRF:4
BRH:0
end_of_record
TN:
SF:routes\documents\logbookRoutes.js
FNF:0
FNH:0
DA:2,2
DA:3,2
DA:4,2
DA:5,2
DA:14,2
DA:25,2
DA:36,2
DA:47,2
DA:60,2
DA:71,2
DA:82,2
DA:93,2
DA:104,2
DA:117,2
DA:130,2
DA:141,2
DA:159,2
LF:17
LH:17
BRF:0
BRH:0
end_of_record
TN:
SF:routes\swagger\documents.js
FNF:0
FNH:0
LF:0
LH:0
BRF:0
BRH:0
end_of_record
TN:
SF:services\academicService.js
FN:14,(anonymous_0)
FN:40,(anonymous_1)
FN:75,(anonymous_2)
FN:104,(anonymous_3)
FN:154,(anonymous_4)
FN:238,(anonymous_5)
FNF:6
FNH:0
FNDA:0,(anonymous_0)
FNDA:0,(anonymous_1)
FNDA:0,(anonymous_2)
FNDA:0,(anonymous_3)
FNDA:0,(anonymous_4)
FNDA:0,(anonymous_5)
DA:1,2
DA:2,2
DA:3,2
DA:15,0
DA:16,0
DA:18,0
DA:20,0
DA:21,0
DA:22,0
DA:25,0
DA:26,0
DA:29,0
DA:30,0
DA:41,0
DA:42,0
DA:44,0
DA:46,0
DA:50,0
DA:51,0
DA:54,0
DA:56,0
DA:57,0
DA:59,0
DA:62,0
DA:65,0
DA:66,0
DA:76,0
DA:77,0
DA:79,0
DA:80,0
DA:83,0
DA:85,0
DA:86,0
DA:89,0
DA:91,0
DA:94,0
DA:95,0
DA:105,0
DA:107,0
DA:108,0
DA:110,0
DA:113,0
DA:114,0
DA:115,0
DA:116,0
DA:117,0
DA:122,0
DA:123,0
DA:127,0
DA:136,0
DA:138,0
DA:139,0
DA:142,0
DA:143,0
DA:144,0
DA:155,0
DA:157,0
DA:158,0
DA:159,0
DA:161,0
DA:162,0
DA:163,0
DA:166,0
DA:169,0
DA:170,0
DA:171,0
DA:172,0
DA:173,0
DA:178,0
DA:179,0
DA:183,0
DA:185,0
DA:188,0
DA:189,0
DA:190,0
DA:192,0
DA:193,0
DA:195,0
DA:196,0
DA:200,0
DA:203,0
DA:208,0
DA:210,0
DA:211,0
DA:212,0
DA:215,0
DA:218,0
DA:219,0
DA:221,0
DA:222,0
DA:225,0
DA:226,0
DA:228,0
DA:229,0
DA:239,0
DA:240,0
DA:242,0
DA:244,0
DA:245,0
DA:246,0
DA:249,0
DA:250,0
DA:253,0
DA:254,0
DA:259,2
LF:105
LH:4
BRDA:20,0,0,0
BRDA:20,0,1,0
BRDA:40,1,0,0
BRDA:42,2,0,0
BRDA:42,2,1,0
BRDA:50,3,0,0
BRDA:50,3,1,0
BRDA:56,4,0,0
BRDA:56,4,1,0
BRDA:75,5,0,0
BRDA:75,6,0,0
BRDA:79,7,0,0
BRDA:79,7,1,0
BRDA:85,8,0,0
BRDA:85,8,1,0
BRDA:89,9,0,0
BRDA:89,9,1,0
BRDA:113,10,0,0
BRDA:113,10,1,0
BRDA:115,11,0,0
BRDA:115,11,1,0
BRDA:122,12,0,0
BRDA:122,12,1,0
BRDA:131,13,0,0
BRDA:131,13,1,0
BRDA:144,14,0,0
BRDA:144,14,1,0
BRDA:161,15,0,0
BRDA:161,15,1,0
BRDA:169,16,0,0
BRDA:169,16,1,0
BRDA:171,17,0,0
BRDA:171,17,1,0
BRDA:178,18,0,0
BRDA:178,18,1,0
BRDA:188,19,0,0
BRDA:188,19,1,0
BRDA:189,20,0,0
BRDA:189,20,1,0
BRDA:189,21,0,0
BRDA:189,21,1,0
BRDA:192,22,0,0
BRDA:192,22,1,0
BRDA:192,23,0,0
BRDA:192,23,1,0
BRDA:195,24,0,0
BRDA:195,24,1,0
BRDA:195,25,0,0
BRDA:195,25,1,0
BRDA:210,26,0,0
BRDA:210,26,1,0
BRDA:225,27,0,0
BRDA:225,27,1,0
BRDA:225,28,0,0
BRDA:225,28,1,0
BRDA:229,29,0,0
BRDA:229,29,1,0
BRDA:244,30,0,0
BRDA:244,30,1,0
BRF:59
BRH:0
end_of_record
TN:
SF:services\adminService.js
FN:12,(anonymous_0)
FN:50,(anonymous_1)
FN:77,(anonymous_2)
FN:93,(anonymous_3)
FN:109,(anonymous_4)
FN:123,(anonymous_5)
FN:146,(anonymous_6)
FN:150,(anonymous_7)
FN:152,(anonymous_8)
FN:160,(anonymous_9)
FNF:10
FNH:0
FNDA:0,(anonymous_0)
FNDA:0,(anonymous_1)
FNDA:0,(anonymous_2)
FNDA:0,(anonymous_3)
FNDA:0,(anonymous_4)
FNDA:0,(anonymous_5)
FNDA:0,(anonymous_6)
FNDA:0,(anonymous_7)
FNDA:0,(anonymous_8)
FNDA:0,(anonymous_9)
DA:1,2
DA:2,2
DA:3,2
DA:4,2
DA:13,0
DA:14,0
DA:15,0
DA:29,0
DA:34,0
DA:35,0
DA:36,0
DA:38,0
DA:39,0
DA:41,0
DA:42,0
DA:44,0
DA:45,0
DA:51,0
DA:52,0
DA:53,0
DA:62,0
DA:68,0
DA:69,0
DA:71,0
DA:72,0
DA:78,0
DA:79,0
DA:80,0
DA:81,0
DA:82,0
DA:83,0
DA:84,0
DA:85,0
DA:87,0
DA:88,0
DA:94,0
DA:95,0
DA:96,0
DA:101,0
DA:103,0
DA:104,0
DA:110,0
DA:111,0
DA:112,0
DA:113,0
DA:114,0
DA:115,0
DA:116,0
DA:118,0
DA:119,0
DA:120,0
DA:122,0
DA:123,0
DA:134,0
DA:135,0
DA:136,0
DA:137,0
DA:138,0
DA:140,0
DA:146,0
DA:147,0
DA:148,0
DA:149,0
DA:150,0
DA:152,0
DA:153,0
DA:154,0
DA:155,0
DA:156,0
DA:157,0
DA:159,0
DA:160,0
DA:163,0
DA:164,0
DA:165,0
DA:167,0
DA:168,0
DA:169,0
DA:172,0
DA:173,0
DA:175,0
DA:176,0
DA:181,2
LF:83
LH:5
BRDA:30,0,0,0
BRDA:30,0,1,0
BRDA:31,1,0,0
BRDA:31,1,1,0
BRDA:32,2,0,0
BRDA:32,2,1,0
BRDA:34,3,0,0
BRDA:34,3,1,0
BRDA:63,4,0,0
BRDA:63,4,1,0
BRDA:64,5,0,0
BRDA:64,5,1,0
BRDA:65,6,0,0
BRDA:65,6,1,0
BRDA:66,7,0,0
BRDA:66,7,1,0
BRDA:109,8,0,0
BRDA:112,9,0,0
BRDA:112,9,1,0
BRDA:112,10,0,0
BRDA:112,10,1,0
BRDA:112,11,0,0
BRDA:112,11,1,0
BRDA:113,12,0,0
BRDA:113,12,1,0
BRDA:115,13,0,0
BRDA:115,13,1,0
BRDA:116,14,0,0
BRDA:116,14,1,0
BRDA:120,15,0,0
BRDA:120,15,1,0
BRDA:120,15,2,0
BRDA:134,16,0,0
BRDA:134,16,1,0
BRDA:136,17,0,0
BRDA:136,17,1,0
BRDA:138,18,0,0
BRDA:138,18,1,0
BRDA:148,19,0,0
BRDA:148,19,1,0
BRDA:148,20,0,0
BRDA:148,20,1,0
BRDA:152,21,0,0
BRDA:152,21,1,0
BRDA:153,22,0,0
BRDA:153,22,1,0
BRDA:155,23,0,0
BRDA:155,23,1,0
BRDA:157,24,0,0
BRDA:157,24,1,0
BRDA:160,25,0,0
BRDA:160,25,1,0
BRDA:164,26,0,0
BRDA:164,26,1,0
BRDA:165,27,0,0
BRDA:165,27,1,0
BRDA:167,28,0,0
BRDA:167,28,1,0
BRDA:169,29,0,0
BRDA:169,29,1,0
BRDA:173,30,0,0
BRDA:173,30,1,0
BRF:62
BRH:0
end_of_record
TN:
SF:services\authService.js
FN:21,(anonymous_0)
FN:49,(anonymous_1)
FN:74,(anonymous_2)
FN:145,(anonymous_3)
FN:183,(anonymous_4)
FN:205,(anonymous_5)
FN:243,(anonymous_6)
FN:316,(anonymous_7)
FN:360,(anonymous_8)
FN:370,(anonymous_9)
FN:393,(anonymous_10)
FN:424,(anonymous_11)
FN:469,(anonymous_12)
FNF:13
FNH:0
FNDA:0,(anonymous_0)
FNDA:0,(anonymous_1)
FNDA:0,(anonymous_2)
FNDA:0,(anonymous_3)
FNDA:0,(anonymous_4)
FNDA:0,(anonymous_5)
FNDA:0,(anonymous_6)
FNDA:0,(anonymous_7)
FNDA:0,(anonymous_8)
FNDA:0,(anonymous_9)
FNDA:0,(anonymous_10)
FNDA:0,(anonymous_11)
FNDA:0,(anonymous_12)
DA:1,1
DA:2,1
DA:3,1
DA:4,1
DA:5,1
DA:6,1
DA:7,1
DA:8,1
DA:22,0
DA:23,0
DA:25,0
DA:29,0
DA:30,0
DA:31,0
DA:34,0
DA:35,0
DA:38,0
DA:39,0
DA:50,0
DA:51,0
DA:53,0
DA:55,0
DA:56,0
DA:58,0
DA:61,0
DA:64,0
DA:65,0
DA:75,0
DA:76,0
DA:78,0
DA:80,0
DA:82,0
DA:87,0
DA:94,0
DA:97,0
DA:102,0
DA:109,0
DA:112,0
DA:117,0
DA:123,0
DA:126,0
DA:127,0
DA:130,0
DA:131,0
DA:134,0
DA:135,0
DA:146,0
DA:147,0
DA:149,0
DA:164,0
DA:170,0
DA:171,0
DA:174,0
DA:175,0
DA:184,0
DA:185,0
DA:187,0
DA:192,0
DA:195,0
DA:196,0
DA:206,0
DA:207,0
DA:210,0
DA:212,0
DA:213,0
DA:218,0
DA:219,0
DA:228,0
DA:244,0
DA:245,0
DA:248,0
DA:249,0
DA:250,0
DA:258,0
DA:259,0
DA:260,0
DA:268,0
DA:271,0
DA:274,0
DA:277,0
DA:280,0
DA:286,0
DA:300,0
DA:301,0
DA:317,0
DA:318,0
DA:320,0
DA:324,0
DA:325,0
DA:332,0
DA:339,0
DA:341,0
DA:347,0
DA:348,0
DA:361,0
DA:372,0
DA:375,0
DA:380,0
DA:382,0
DA:383,0
DA:394,0
DA:395,0
DA:397,0
DA:401,0
DA:405,0
DA:406,0
DA:407,0
DA:410,0
DA:411,0
DA:414,0
DA:415,0
DA:425,0
DA:426,0
DA:428,0
DA:429,0
DA:430,0
DA:432,0
DA:443,0
DA:446,0
DA:447,0
DA:448,0
DA:449,0
DA:450,0
DA:451,0
DA:454,0
DA:455,0
DA:458,0
DA:459,0
DA:470,0
DA:471,0
DA:473,0
DA:474,0
DA:475,0
DA:476,0
DA:477,0
DA:478,0
DA:480,0
DA:482,0
DA:483,0
DA:486,0
DA:487,0
DA:492,1
LF:142
LH:9
BRDA:29,0,0,0
BRDA:29,0,1,0
BRDA:55,1,0,0
BRDA:55,1,1,0
BRDA:80,2,0,0
BRDA:80,2,1,0
BRDA:80,2,2,0
BRDA:80,2,3,0
BRDA:89,3,0,0
BRDA:89,3,1,0
BRDA:90,4,0,0
BRDA:90,4,1,0
BRDA:91,5,0,0
BRDA:91,5,1,0
BRDA:92,6,0,0
BRDA:92,6,1,0
BRDA:105,7,0,0
BRDA:105,7,1,0
BRDA:120,8,0,0
BRDA:120,8,1,0
BRDA:145,9,0,0
BRDA:153,10,0,0
BRDA:153,10,1,0
BRDA:153,10,2,0
BRDA:156,11,0,0
BRDA:156,11,1,0
BRDA:157,12,0,0
BRDA:157,12,1,0
BRDA:161,13,0,0
BRDA:161,13,1,0
BRDA:212,14,0,0
BRDA:212,14,1,0
BRDA:212,15,0,0
BRDA:212,15,1,0
BRDA:218,16,0,0
BRDA:218,16,1,0
BRDA:218,17,0,0
BRDA:218,17,1,0
BRDA:222,18,0,0
BRDA:222,18,1,0
BRDA:249,19,0,0
BRDA:249,19,1,0
BRDA:259,20,0,0
BRDA:259,20,1,0
BRDA:303,21,0,0
BRDA:303,21,1,0
BRDA:324,22,0,0
BRDA:324,22,1,0
BRDA:372,23,0,0
BRDA:372,23,1,0
BRDA:372,23,2,0
BRDA:372,23,3,0
BRDA:372,23,4,0
BRDA:393,24,0,0
BRDA:397,25,0,0
BRDA:397,25,1,0
BRDA:405,26,0,0
BRDA:405,26,1,0
BRDA:446,27,0,0
BRDA:446,27,1,0
BRDA:448,28,0,0
BRDA:448,28,1,0
BRDA:450,29,0,0
BRDA:450,29,1,0
BRDA:474,30,0,0
BRDA:474,30,1,0
BRDA:475,31,0,0
BRDA:475,31,1,0
BRDA:476,32,0,0
BRDA:476,32,1,0
BRF:70
BRH:0
end_of_record
TN:
SF:services\curriculumService.js
FN:14,(anonymous_0)
FN:34,(anonymous_1)
FN:58,(anonymous_2)
FN:86,(anonymous_3)
FN:116,(anonymous_4)
FN:148,(anonymous_5)
FN:216,(anonymous_6)
FN:294,(anonymous_7)
FNF:8
FNH:0
FNDA:0,(anonymous_0)
FNDA:0,(anonymous_1)
FNDA:0,(anonymous_2)
FNDA:0,(anonymous_3)
FNDA:0,(anonymous_4)
FNDA:0,(anonymous_5)
FNDA:0,(anonymous_6)
FNDA:0,(anonymous_7)
DA:1,2
DA:2,2
DA:3,2
DA:15,0
DA:16,0
DA:18,0
DA:20,0
DA:21,0
DA:24,0
DA:25,0
DA:35,0
DA:36,0
DA:38,0
DA:40,0
DA:41,0
DA:42,0
DA:45,0
DA:46,0
DA:49,0
DA:50,0
DA:59,0
DA:60,0
DA:62,0
DA:67,0
DA:68,0
DA:69,0
DA:72,0
DA:73,0
DA:76,0
DA:77,0
DA:87,0
DA:88,0
DA:90,0
DA:91,0
DA:94,0
DA:96,0
DA:97,0
DA:100,0
DA:102,0
DA:105,0
DA:106,0
DA:117,0
DA:118,0
DA:120,0
DA:121,0
DA:124,0
DA:126,0
DA:127,0
DA:130,0
DA:132,0
DA:133,0
DA:134,0
DA:138,0
DA:139,0
DA:149,0
DA:151,0
DA:152,0
DA:167,0
DA:170,0
DA:171,0
DA:175,0
DA:194,0
DA:195,0
DA:198,0
DA:200,0
DA:201,0
DA:204,0
DA:205,0
DA:206,0
DA:217,0
DA:219,0
DA:220,0
DA:223,0
DA:225,0
DA:226,0
DA:227,0
DA:228,0
DA:244,0
DA:247,0
DA:248,0
DA:252,0
DA:268,0
DA:271,0
DA:272,0
DA:274,0
DA:277,0
DA:279,0
DA:280,0
DA:283,0
DA:284,0
DA:285,0
DA:295,0
DA:296,0
DA:299,0
DA:300,0
DA:301,0
DA:302,0
DA:304,0
DA:308,0
DA:310,0
DA:311,0
DA:313,0
DA:316,0
DA:319,0
DA:320,0
DA:325,2
LF:106
LH:4
BRDA:40,0,0,0
BRDA:40,0,1,0
BRDA:67,1,0,0
BRDA:67,1,1,0
BRDA:86,2,0,0
BRDA:86,3,0,0
BRDA:90,4,0,0
BRDA:90,4,1,0
BRDA:96,5,0,0
BRDA:96,5,1,0
BRDA:100,6,0,0
BRDA:100,6,1,0
BRDA:116,7,0,0
BRDA:120,8,0,0
BRDA:120,8,1,0
BRDA:124,9,0,0
BRDA:124,9,1,0
BRDA:132,10,0,0
BRDA:132,10,1,0
BRDA:132,11,0,0
BRDA:132,11,1,0
BRDA:170,12,0,0
BRDA:170,12,1,0
BRDA:182,13,0,0
BRDA:182,13,1,0
BRDA:194,14,0,0
BRDA:194,14,1,0
BRDA:225,15,0,0
BRDA:225,15,1,0
BRDA:247,16,0,0
BRDA:247,16,1,0
BRDA:247,17,0,0
BRDA:247,17,1,0
BRDA:258,18,0,0
BRDA:258,18,1,0
BRDA:271,19,0,0
BRDA:271,19,1,0
BRDA:300,20,0,0
BRDA:300,20,1,0
BRDA:300,21,0,0
BRDA:300,21,1,0
BRDA:302,22,0,0
BRDA:302,22,1,0
BRDA:310,23,0,0
BRDA:310,23,1,0
BRF:45
BRH:0
end_of_record
TN:
SF:services\documentService.js
FN:10,(anonymous_0)
FN:117,(anonymous_1)
FN:187,(anonymous_2)
FN:213,(anonymous_3)
FN:278,(anonymous_4)
FN:308,(anonymous_5)
FN:326,(anonymous_6)
FN:328,(anonymous_7)
FN:352,(anonymous_8)
FN:421,(anonymous_9)
FN:451,(anonymous_10)
FN:486,(anonymous_11)
FN:504,(anonymous_12)
FN:526,(anonymous_13)
FN:545,(anonymous_14)
FN:579,(anonymous_15)
FN:634,(anonymous_16)
FN:656,(anonymous_17)
FN:689,(anonymous_18)
FN:718,(anonymous_19)
FN:794,(anonymous_20)
FN:831,(anonymous_21)
FN:902,(anonymous_22)
FN:918,(anonymous_23)
FN:963,(anonymous_24)
FN:982,(anonymous_25)
FN:996,(anonymous_26)
FN:1025,(anonymous_27)
FN:1060,(anonymous_28)
FN:1113,(anonymous_29)
FN:1133,(anonymous_30)
FN:1153,(anonymous_31)
FN:1170,(anonymous_32)
FNF:33
FNH:1
FNDA:5,(anonymous_0)
FNDA:0,(anonymous_1)
FNDA:0,(anonymous_2)
FNDA:0,(anonymous_3)
FNDA:0,(anonymous_4)
FNDA:0,(anonymous_5)
FNDA:0,(anonymous_6)
FNDA:0,(anonymous_7)
FNDA:0,(anonymous_8)
FNDA:0,(anonymous_9)
FNDA:0,(anonymous_10)
FNDA:0,(anonymous_11)
FNDA:0,(anonymous_12)
FNDA:0,(anonymous_13)
FNDA:0,(anonymous_14)
FNDA:0,(anonymous_15)
FNDA:0,(anonymous_16)
FNDA:0,(anonymous_17)
FNDA:0,(anonymous_18)
FNDA:0,(anonymous_19)
FNDA:0,(anonymous_20)
FNDA:0,(anonymous_21)
FNDA:0,(anonymous_22)
FNDA:0,(anonymous_23)
FNDA:0,(anonymous_24)
FNDA:0,(anonymous_25)
FNDA:0,(anonymous_26)
FNDA:0,(anonymous_27)
FNDA:0,(anonymous_28)
FNDA:0,(anonymous_29)
FNDA:0,(anonymous_30)
FNDA:0,(anonymous_31)
FNDA:0,(anonymous_32)
DA:1,3
DA:2,3
DA:3,3
DA:4,3
DA:5,3
DA:11,5
DA:12,5
DA:15,5
DA:16,5
DA:17,0
DA:21,5
DA:22,5
DA:23,5
DA:24,5
DA:25,5
DA:27,0
DA:30,0
DA:31,0
DA:32,0
DA:33,0
DA:36,0
DA:37,0
DA:38,0
DA:39,0
DA:40,0
DA:41,0
DA:42,0
DA:46,0
DA:49,0
DA:50,0
DA:51,0
DA:54,0
DA:55,0
DA:57,0
DA:59,0
DA:60,0
DA:62,0
DA:63,0
DA:67,0
DA:68,0
DA:70,0
DA:71,0
DA:74,0
DA:75,0
DA:82,0
DA:99,0
DA:101,0
DA:109,5
DA:110,5
DA:118,0
DA:119,0
DA:120,0
DA:124,0
DA:128,0
DA:129,0
DA:132,0
DA:135,0
DA:136,0
DA:137,0
DA:138,0
DA:139,0
DA:143,0
DA:145,0
DA:146,0
DA:155,0
DA:156,0
DA:161,0
DA:171,0
DA:172,0
DA:176,0
DA:177,0
DA:179,0
DA:180,0
DA:188,0
DA:189,0
DA:191,0
DA:192,0
DA:195,0
DA:202,0
DA:203,0
DA:205,0
DA:206,0
DA:214,0
DA:215,0
DA:216,0
DA:219,0
DA:221,0
DA:222,0
DA:225,0
DA:226,0
DA:230,0
DA:231,0
DA:233,0
DA:245,0
DA:275,0
DA:278,0
DA:291,0
DA:293,0
DA:298,0
DA:299,0
DA:309,0
DA:310,0
DA:311,0
DA:312,0
DA:313,0
DA:315,0
DA:322,0
DA:323,0
DA:324,0
DA:326,0
DA:328,0
DA:344,0
DA:345,0
DA:353,0
DA:354,0
DA:365,0
DA:366,0
DA:371,0
DA:372,0
DA:373,0
DA:374,0
DA:375,0
DA:376,0
DA:379,0
DA:386,0
DA:387,0
DA:396,0
DA:399,0
DA:400,0
DA:404,0
DA:410,0
DA:411,0
DA:413,0
DA:414,0
DA:422,0
DA:423,0
DA:425,0
DA:426,0
DA:430,0
DA:437,0
DA:438,0
DA:443,0
DA:444,0
DA:452,0
DA:453,0
DA:455,0
DA:456,0
DA:459,0
DA:465,0
DA:466,0
DA:469,0
DA:475,0
DA:476,0
DA:478,0
DA:479,0
DA:487,0
DA:488,0
DA:493,0
DA:494,0
DA:496,0
DA:497,0
DA:505,0
DA:506,0
DA:508,0
DA:509,0
DA:512,0
DA:513,0
DA:516,0
DA:518,0
DA:519,0
DA:527,0
DA:528,0
DA:535,0
DA:537,0
DA:538,0
DA:546,0
DA:548,0
DA:556,0
DA:557,0
DA:561,0
DA:565,0
DA:568,0
DA:571,0
DA:572,0
DA:580,0
DA:581,0
DA:582,0
DA:583,0
DA:586,0
DA:589,0
DA:596,0
DA:597,0
DA:598,0
DA:610,0
DA:623,0
DA:624,0
DA:626,0
DA:627,0
DA:635,0
DA:636,0
DA:644,0
DA:646,0
DA:657,0
DA:658,0
DA:659,0
DA:661,0
DA:662,0
DA:663,0
DA:665,0
DA:667,0
DA:689,0
DA:697,0
DA:699,0
DA:709,0
DA:710,0
DA:719,0
DA:720,0
DA:722,0
DA:734,0
DA:737,0
DA:738,0
DA:739,0
DA:740,0
DA:741,0
DA:744,0
DA:746,0
DA:747,0
DA:748,0
DA:751,0
DA:755,0
DA:756,0
DA:757,0
DA:758,0
DA:764,0
DA:767,0
DA:768,0
DA:769,0
DA:770,0
DA:771,0
DA:772,0
DA:773,0
DA:774,0
DA:775,0
DA:777,0
DA:781,0
DA:782,0
DA:783,0
DA:784,0
DA:785,0
DA:786,0
DA:793,0
DA:794,0
DA:795,0
DA:796,0
DA:797,0
DA:798,0
DA:799,0
DA:800,0
DA:801,0
DA:802,0
DA:803,0
DA:804,0
DA:806,0
DA:822,0
DA:831,0
DA:832,0
DA:841,0
DA:844,0
DA:846,0
DA:892,0
DA:894,0
DA:895,0
DA:903,0
DA:904,0
DA:905,0
DA:906,0
DA:909,0
DA:910,0
DA:911,0
DA:913,0
DA:914,0
DA:915,0
DA:916,0
DA:917,0
DA:918,0
DA:930,0
DA:931,0
DA:932,0
DA:935,0
DA:953,0
DA:954,0
DA:964,0
DA:965,0
DA:966,0
DA:967,0
DA:968,0
DA:969,0
DA:970,0
DA:972,0
DA:974,0
DA:975,0
DA:983,0
DA:984,0
DA:986,0
DA:987,0
DA:988,0
DA:991,0
DA:992,0
DA:996,0
DA:997,0
DA:998,0
DA:999,0
DA:1000,0
DA:1004,0
DA:1012,0
DA:1014,0
DA:1015,0
DA:1017,0
DA:1018,0
DA:1026,0
DA:1027,0
DA:1029,0
DA:1030,0
DA:1031,0
DA:1034,0
DA:1035,0
DA:1039,0
DA:1047,0
DA:1049,0
DA:1050,0
DA:1052,0
DA:1053,0
DA:1061,0
DA:1062,0
DA:1064,0
DA:1080,0
DA:1081,0
DA:1084,0
DA:1085,0
DA:1089,0
DA:1100,0
DA:1102,0
DA:1103,0
DA:1105,0
DA:1106,0
DA:1114,0
DA:1115,0
DA:1123,0
DA:1125,0
DA:1134,0
DA:1135,0
DA:1143,0
DA:1145,0
DA:1154,0
DA:1159,0
DA:1160,0
DA:1162,0
DA:1163,0
DA:1172,0
DA:1185,3
LF:360
LH:17
BRDA:16,0,0,0
BRDA:16,0,1,5
BRDA:22,1,0,5
BRDA:22,1,1,0
BRDA:25,2,0,5
BRDA:25,2,1,0
BRDA:27,3,0,0
BRDA:27,3,1,0
BRDA:33,4,0,0
BRDA:33,4,1,0
BRDA:37,5,0,0
BRDA:37,5,1,0
BRDA:39,6,0,0
BRDA:39,6,1,0
BRDA:41,7,0,0
BRDA:41,7,1,0
BRDA:46,8,0,0
BRDA:46,8,1,0
BRDA:50,9,0,0
BRDA:50,9,1,0
BRDA:50,10,0,0
BRDA:50,10,1,0
BRDA:50,10,2,0
BRDA:54,11,0,0
BRDA:54,11,1,0
BRDA:55,12,0,0
BRDA:55,12,1,0
BRDA:57,13,0,0
BRDA:57,13,1,0
BRDA:59,14,0,0
BRDA:59,14,1,0
BRDA:67,15,0,0
BRDA:67,15,1,0
BRDA:70,16,0,0
BRDA:70,16,1,0
BRDA:86,17,0,0
BRDA:86,17,1,0
BRDA:86,17,2,0
BRDA:86,17,3,0
BRDA:92,18,0,0
BRDA:92,18,1,0
BRDA:96,19,0,0
BRDA:96,19,1,0
BRDA:117,20,0,0
BRDA:119,21,0,0
BRDA:119,21,1,0
BRDA:128,22,0,0
BRDA:128,22,1,0
BRDA:135,23,0,0
BRDA:135,23,1,0
BRDA:135,24,0,0
BRDA:135,24,1,0
BRDA:135,24,2,0
BRDA:138,25,0,0
BRDA:138,25,1,0
BRDA:143,26,0,0
BRDA:143,26,1,0
BRDA:145,27,0,0
BRDA:145,27,1,0
BRDA:155,28,0,0
BRDA:155,28,1,0
BRDA:171,29,0,0
BRDA:171,29,1,0
BRDA:187,30,0,0
BRDA:191,31,0,0
BRDA:191,31,1,0
BRDA:213,32,0,0
BRDA:213,33,0,0
BRDA:216,34,0,0
BRDA:216,35,0,0
BRDA:221,36,0,0
BRDA:221,36,1,0
BRDA:221,37,0,0
BRDA:221,37,1,0
BRDA:225,38,0,0
BRDA:225,38,1,0
BRDA:225,39,0,0
BRDA:225,39,1,0
BRDA:230,40,0,0
BRDA:230,40,1,0
BRDA:279,41,0,0
BRDA:279,41,1,0
BRDA:282,42,0,0
BRDA:282,42,1,0
BRDA:287,43,0,0
BRDA:287,43,1,0
BRDA:288,44,0,0
BRDA:288,44,1,0
BRDA:308,45,0,0
BRDA:312,46,0,0
BRDA:312,46,1,0
BRDA:312,47,0,0
BRDA:312,47,1,0
BRDA:323,48,0,0
[...]
DA:422,0
DA:427,0
DA:428,0
DA:439,0
DA:440,0
DA:442,0
DA:447,0
DA:449,0
DA:450,0
DA:460,0
DA:462,0
DA:464,0
DA:465,0
DA:476,0
DA:478,0
DA:479,0
DA:480,0
DA:482,0
DA:483,0
DA:484,0
DA:486,0
DA:489,0
DA:490,0
DA:491,0
DA:496,0
DA:497,0
DA:498,0
DA:500,0
DA:501,0
DA:502,0
DA:504,0
DA:507,0
DA:508,0
DA:509,0
DA:513,0
DA:515,0
DA:516,0
DA:526,0
DA:528,0
DA:530,0
DA:532,0
DA:537,2
LF:149
LH:5
BRDA:19,0,0,0
BRDA:19,0,1,0
BRDA:59,1,0,0
BRDA:59,1,1,0
BRDA:66,2,0,0
BRDA:66,2,1,0
BRDA:75,3,0,0
BRDA:75,3,1,0
BRDA:98,4,0,0
BRDA:98,4,1,0
BRDA:98,5,0,0
BRDA:98,5,1,0
BRDA:98,5,2,0
BRDA:99,6,0,0
BRDA:99,6,1,0
BRDA:100,7,0,0
BRDA:100,7,1,0
BRDA:101,8,0,0
BRDA:101,8,1,0
BRDA:101,9,0,0
BRDA:101,9,1,0
BRDA:101,9,2,0
BRDA:102,10,0,0
BRDA:102,10,1,0
BRDA:103,11,0,0
BRDA:103,11,1,0
BRDA:136,12,0,0
BRDA:136,12,1,0
BRDA:137,13,0,0
BRDA:137,13,1,0
BRDA:138,14,0,0
BRDA:138,14,1,0
BRDA:138,15,0,0
BRDA:138,15,1,0
BRDA:154,16,0,0
BRDA:154,16,1,0
BRDA:183,17,0,0
BRDA:183,17,1,0
BRDA:205,18,0,0
BRDA:205,18,1,0
BRDA:248,19,0,0
BRDA:248,19,1,0
BRDA:248,20,0,0
BRDA:248,20,1,0
BRDA:248,20,2,0
BRDA:249,21,0,0
BRDA:249,21,1,0
BRDA:250,22,0,0
BRDA:250,22,1,0
BRDA:258,23,0,0
BRDA:258,23,1,0
BRDA:262,24,0,0
BRDA:262,24,1,0
BRDA:275,25,0,0
BRDA:281,26,0,0
BRDA:281,26,1,0
BRDA:287,27,0,0
BRDA:287,27,1,0
BRDA:289,28,0,0
BRDA:289,28,1,0
BRDA:297,29,0,0
BRDA:297,29,1,0
BRDA:299,30,0,0
BRDA:299,30,1,0
BRDA:336,31,0,0
BRDA:336,31,1,0
BRDA:345,32,0,0
BRDA:345,32,1,0
BRDA:346,33,0,0
BRDA:346,33,1,0
BRDA:347,34,0,0
BRDA:347,34,1,0
BRDA:392,35,0,0
BRDA:392,35,1,0
BRDA:393,36,0,0
BRDA:393,36,1,0
BRDA:394,37,0,0
BRDA:394,37,1,0
BRDA:398,38,0,0
BRDA:398,38,1,0
BRDA:399,39,0,0
BRDA:399,39,1,0
BRDA:400,40,0,0
BRDA:400,40,1,0
BRDA:440,41,0,0
BRDA:440,41,1,0
BRDA:440,42,0,0
BRDA:440,42,1,0
BRDA:447,43,0,0
BRDA:447,43,1,0
BRDA:478,44,0,0
BRDA:478,44,1,0
BRDA:478,45,0,0
BRDA:478,45,1,0
BRDA:480,46,0,0
BRDA:480,46,1,0
BRDA:482,47,0,0
BRDA:482,47,1,0
BRDA:483,48,0,0
BRDA:483,48,1,0
BRDA:490,49,0,0
BRDA:490,49,1,0
BRDA:496,50,0,0
BRDA:496,50,1,0
BRDA:496,51,0,0
BRDA:496,51,1,0
BRDA:498,52,0,0
BRDA:498,52,1,0
BRDA:500,53,0,0
BRDA:500,53,1,0
BRDA:501,54,0,0
BRDA:501,54,1,0
BRDA:508,55,0,0
BRDA:508,55,1,0
BRDA:526,56,0,0
BRDA:526,56,1,0
BRDA:526,56,2,0
BRF:117
BRH:0
end_of_record
TN:
SF:services\workflowService.js
FN:10,(anonymous_0)
FN:23,(anonymous_1)
FN:36,(anonymous_2)
FN:85,(anonymous_3)
FN:178,(anonymous_4)
FN:182,(anonymous_5)
FN:189,(anonymous_6)
FN:288,(anonymous_7)
FN:303,(anonymous_8)
FN:317,(anonymous_9)
FN:343,(anonymous_10)
FN:359,(anonymous_11)
FNF:12
FNH:0
FNDA:0,(anonymous_0)
FNDA:0,(anonymous_1)
FNDA:0,(anonymous_2)
FNDA:0,(anonymous_3)
FNDA:0,(anonymous_4)
FNDA:0,(anonymous_5)
FNDA:0,(anonymous_6)
FNDA:0,(anonymous_7)
FNDA:0,(anonymous_8)
FNDA:0,(anonymous_9)
FNDA:0,(anonymous_10)
FNDA:0,(anonymous_11)
DA:5,2
DA:6,2
DA:11,0
DA:14,0
DA:18,0
DA:24,0
DA:25,0
DA:30,0
DA:31,0
DA:37,0
DA:38,0
DA:41,0
DA:46,0
DA:47,0
DA:48,0
DA:52,0
DA:53,0
DA:54,0
DA:65,0
DA:68,0
DA:76,0
DA:77,0
DA:79,0
DA:80,0
DA:86,0
DA:87,0
DA:89,0
DA:94,0
DA:103,0
DA:114,0
DA:115,0
DA:119,0
DA:122,0
DA:123,0
DA:124,0
DA:125,0
DA:126,0
DA:128,0
DA:129,0
DA:130,0
DA:131,0
DA:132,0
DA:133,0
DA:134,0
DA:138,0
DA:140,0
DA:146,0
DA:147,0
DA:148,0
DA:159,0
DA:160,0
DA:161,0
DA:163,0
DA:164,0
DA:165,0
DA:166,0
DA:167,0
DA:170,0
DA:171,0
DA:175,0
DA:176,0
DA:177,0
DA:178,0
DA:181,0
DA:182,0
DA:183,0
DA:186,0
DA:189,0
DA:190,0
DA:191,0
DA:192,0
DA:194,0
DA:195,0
DA:196,0
DA:197,0
DA:199,0
DA:202,0
DA:204,0
DA:205,0
DA:206,0
DA:207,0
DA:210,0
DA:211,0
DA:214,0
DA:215,0
DA:217,0
DA:218,0
DA:220,0
DA:224,0
DA:227,0
DA:228,0
DA:232,0
DA:244,0
DA:247,0
DA:248,0
DA:249,0
DA:251,0
DA:252,0
DA:253,0
DA:258,0
DA:259,0
DA:261,0
DA:263,0
DA:271,0
DA:272,0
DA:289,0
DA:290,0
DA:292,0
DA:293,0
DA:304,0
DA:305,0
DA:307,0
DA:308,0
DA:318,0
DA:320,0
DA:330,0
DA:332,0
DA:337,0
DA:338,0
DA:344,0
DA:355,0
DA:360,0
DA:361,0
DA:364,0
DA:371,0
DA:375,2
LF:126
LH:3
BRDA:36,0,0,0
BRDA:47,1,0,0
BRDA:47,1,1,0
BRDA:47,2,0,0
BRDA:47,2,1,0
BRDA:52,3,0,0
BRDA:52,3,1,0
BRDA:122,4,0,0
BRDA:122,4,1,0
BRDA:122,5,0,0
BRDA:122,5,1,0
BRDA:128,6,0,0
BRDA:128,6,1,0
BRDA:128,7,0,0
BRDA:128,7,1,0
BRDA:131,8,0,0
BRDA:131,8,1,0
BRDA:134,9,0,0
BRDA:134,9,1,0
BRDA:134,10,0,0
BRDA:134,10,1,0
BRDA:138,11,0,0
BRDA:138,11,1,0
BRDA:146,12,0,0
BRDA:146,12,1,0
BRDA:164,13,0,0
BRDA:164,13,1,0
BRDA:164,14,0,0
BRDA:164,14,1,0
BRDA:165,15,0,0
BRDA:165,15,1,0
BRDA:166,16,0,0
BRDA:166,16,1,0
BRDA:166,17,0,0
BRDA:166,17,1,0
BRDA:167,18,0,0
BRDA:167,18,1,0
BRDA:170,19,0,0
BRDA:170,19,1,0
BRDA:175,20,0,0
BRDA:175,20,1,0
BRDA:176,21,0,0
BRDA:176,21,1,0
BRDA:194,22,0,0
BRDA:194,22,1,0
BRDA:194,23,0,0
BRDA:194,23,1,0
BRDA:195,24,0,0
BRDA:195,24,1,0
BRDA:199,25,0,0
BRDA:199,25,1,0
BRDA:202,26,0,0
BRDA:202,26,1,0
BRDA:202,26,2,0
BRDA:202,26,3,0
BRDA:202,26,4,0
BRDA:202,26,5,0
BRDA:202,26,6,0
BRDA:224,27,0,0
BRDA:224,27,1,0
BRDA:224,28,0,0
BRDA:224,28,1,0
BRDA:224,28,2,0
BRDA:224,28,3,0
BRDA:227,29,0,0
BRDA:227,29,1,0
BRDA:244,30,0,0
BRDA:244,30,1,0
BRDA:244,31,0,0
BRDA:244,31,1,0
BRDA:244,31,2,0
BRDA:247,32,0,0
BRDA:247,32,1,0
BRDA:249,33,0,0
BRDA:249,33,1,0
BRDA:249,34,0,0
BRDA:249,34,1,0
BRDA:249,34,2,0
BRDA:249,34,3,0
BRDA:252,35,0,0
BRDA:252,35,1,0
BRDA:258,36,0,0
BRDA:258,36,1,0
BRDA:259,37,0,0
BRDA:259,37,1,0
BRDA:267,38,0,0
BRDA:267,38,1,0
BRDA:267,39,0,0
BRDA:267,39,1,0
BRDA:267,40,0,0
BRDA:267,40,1,0
BRDA:355,41,0,0
BRDA:355,41,1,0
BRDA:360,42,0,0
BRDA:360,42,1,0
BRDA:360,43,0,0
BRDA:360,43,1,0
BRDA:371,44,0,0
BRDA:371,44,1,0
BRF:99
BRH:0
end_of_record
TN:
SF:tests\helpers\deadlineStatusUtil.js
FN:4,computeStatus
FN:39,computeDaysLeft
FNF:2
FNH:2
FNDA:6,computeStatus
FNDA:2,computeDaysLeft
DA:5,6
DA:6,6
DA:7,6
DA:8,1
DA:10,5
DA:11,0
DA:13,5
DA:14,5
DA:15,5
DA:16,4
DA:19,5
DA:20,2
DA:22,3
DA:23,1
DA:25,2
DA:26,1
DA:28,1
DA:29,1
DA:30,1
DA:31,1
DA:33,0
DA:35,0
DA:36,0
DA:40,2
DA:41,2
DA:42,2
DA:43,2
DA:44,2
DA:45,1
DA:48,1
LF:30
LH:26
BRDA:4,0,0,0
BRDA:6,1,0,6
BRDA:6,1,1,5
BRDA:6,1,2,1
BRDA:7,2,0,1
BRDA:7,2,1,5
BRDA:10,3,0,0
BRDA:10,3,1,5
BRDA:15,4,0,4
BRDA:15,4,1,1
BRDA:15,5,0,5
BRDA:15,5,1,5
BRDA:19,6,0,2
BRDA:19,6,1,3
BRDA:20,7,0,1
BRDA:20,7,1,1
BRDA:22,8,0,1
BRDA:22,8,1,2
BRDA:22,9,0,3
BRDA:22,9,1,1
BRDA:25,10,0,1
BRDA:25,10,1,1
BRDA:25,11,0,2
BRDA:25,11,1,1
BRDA:28,12,0,1
BRDA:28,12,1,0
BRDA:30,13,0,1
BRDA:30,13,1,0
BRDA:30,14,0,1
BRDA:30,14,1,1
BRDA:33,15,0,0
BRDA:33,15,1,0
BRDA:35,16,0,0
BRDA:35,16,1,0
BRDA:39,17,0,0
BRDA:40,18,0,2
BRDA:40,18,1,2
BRDA:40,18,2,0
BRDA:41,19,0,0
BRDA:41,19,1,2
BRDA:44,20,0,1
BRDA:44,20,1,1
BRF:42
BRH:31
end_of_record
TN:
SF:utils\csvParser.js
FN:3,(anonymous_0)
FN:13,(anonymous_1)
FN:16,(anonymous_2)
FNF:3
FNH:0
FNDA:0,(anonymous_0)
FNDA:0,(anonymous_1)
FNDA:0,(anonymous_2)
DA:3,2
DA:4,0
DA:6,0
DA:7,0
DA:8,0
DA:10,0
DA:13,2
DA:14,0
DA:16,0
DA:17,0
DA:25,0
DA:26,0
DA:27,0
DA:28,0
DA:29,0
DA:32,0
DA:36,0
DA:37,0
DA:38,0
DA:39,0
DA:44,0
DA:47,0
DA:59,0
DA:66,2
LF:24
LH:3
BRDA:4,0,0,0
BRDA:4,0,1,0
BRDA:7,1,0,0
BRDA:7,1,1,0
BRDA:16,2,0,0
BRDA:16,2,1,0
BRDA:16,3,0,0
BRDA:16,3,1,0
BRDA:26,4,0,0
BRDA:26,4,1,0
BRDA:28,5,0,0
BRDA:28,5,1,0
BRDA:38,6,0,0
BRDA:38,6,1,0
BRDA:47,7,0,0
BRDA:47,7,1,0
BRF:16
BRH:0
end_of_record
TN:
SF:utils\dateUtils.js
FN:10,(anonymous_0)
FN:41,(anonymous_1)
FNF:2
FNH:0
FNDA:0,(anonymous_0)
FNDA:0,(anonymous_1)
DA:1,2
DA:2,2
DA:10,2
DA:11,0
DA:12,0
DA:13,0
DA:14,0
DA:16,0
DA:17,0
DA:18,0
DA:21,0
DA:22,0
DA:25,0
DA:28,0
DA:30,0
DA:31,0
DA:41,2
DA:42,0
DA:44,0
DA:45,0
DA:47,0
DA:48,0
DA:50,0
DA:51,0
DA:52,0
DA:56,0
DA:57,0
LF:27
LH:4
BRDA:16,0,0,0
BRDA:16,0,1,0
BRDA:21,1,0,0
BRDA:21,1,1,0
BRDA:21,2,0,0
BRDA:21,2,1,0
BRDA:42,3,0,0
BRDA:42,3,1,0
BRDA:42,4,0,0
BRDA:42,4,1,0
BRDA:50,5,0,0
BRDA:50,5,1,0
BRF:12
BRH:0
end_of_record
TN:
SF:utils\deadlineStatusUtil.js
FN:4,computeStatus
FN:34,computeDaysLeft
FNF:2
FNH:2
FNDA:9,computeStatus
FNDA:9,computeDaysLeft
DA:5,9
DA:6,9
DA:7,9
DA:8,3
DA:10,6
DA:11,6
DA:12,6
DA:13,6
DA:14,6
DA:16,6
DA:17,4
DA:19,2
DA:20,1
DA:22,1
DA:23,1
DA:25,0
DA:26,0
DA:27,0
DA:28,0
DA:30,0
DA:31,0
DA:35,9
DA:36,9
DA:37,9
DA:38,9
DA:39,9
DA:40,5
DA:43,1
LF:28
LH:22
BRDA:4,0,0,0
BRDA:6,1,0,9
BRDA:6,1,1,9
BRDA:6,1,2,0
BRDA:7,2,0,3
BRDA:7,2,1,6
BRDA:10,3,0,0
BRDA:10,3,1,6
BRDA:13,4,0,6
BRDA:13,4,1,0
BRDA:13,5,0,6
BRDA:13,5,1,6
BRDA:16,6,0,4
BRDA:16,6,1,2
BRDA:17,7,0,2
BRDA:17,7,1,2
BRDA:19,8,0,1
BRDA:19,8,1,1
BRDA:19,9,0,2
BRDA:19,9,1,1
BRDA:22,10,0,1
BRDA:22,10,1,0
BRDA:22,11,0,1
BRDA:22,11,1,1
BRDA:25,12,0,0
BRDA:25,12,1,0
BRDA:27,13,0,0
BRDA:27,13,1,0
BRDA:27,14,0,0
BRDA:27,14,1,0
BRDA:28,15,0,0
BRDA:28,15,1,0
BRDA:30,16,0,0
BRDA:30,16,1,0
BRDA:34,17,0,0
BRDA:35,18,0,9
BRDA:35,18,1,9
BRDA:35,18,2,0
BRDA:36,19,0,0
BRDA:36,19,1,9
BRDA:39,20,0,4
BRDA:39,20,1,5
BRF:42
BRH:24
end_of_record
TN:
SF:utils\emailTransport.js
FN:14,init
FN:45,(anonymous_1)
FN:59,(anonymous_2)
FN:68,(anonymous_3)
FN:94,(anonymous_4)
FN:103,ensureReady
FN:105,send
FN:120,(anonymous_7)
FNF:8
FNH:0
FNDA:0,init
FNDA:0,(anonymous_1)
FNDA:0,(anonymous_2)
FNDA:0,(anonymous_3)
FNDA:0,(anonymous_4)
FNDA:0,ensureReady
FNDA:0,send
FNDA:0,(anonymous_7)
DA:5,2
DA:6,2
DA:7,2
DA:9,2
DA:10,2
DA:15,0
DA:16,0
DA:17,0
DA:19,0
DA:20,0
DA:26,0
DA:27,0
DA:30,0
DA:39,0
DA:40,0
DA:43,0
DA:46,0
DA:47,0
DA:50,0
DA:51,0
DA:55,0
DA:56,0
DA:57,0
DA:58,0
DA:60,0
DA:61,0
DA:65,0
DA:66,0
DA:69,0
DA:70,0
DA:71,0
DA:74,0
DA:76,0
DA:81,0
DA:82,0
DA:83,0
DA:84,0
DA:86,0
DA:89,0
DA:91,0
DA:93,0
DA:95,0
DA:96,0
DA:99,0
DA:103,0
DA:106,0
DA:107,0
DA:109,0
DA:110,0
DA:111,0
DA:112,0
DA:113,0
DA:117,0
DA:120,2
LF:54
LH:6
BRDA:10,0,0,2
BRDA:10,0,1,0
BRDA:15,1,0,0
BRDA:15,1,1,0
BRDA:17,2,0,0
BRDA:17,2,1,0
BRDA:17,2,2,0
BRDA:17,2,3,0
BRDA:17,2,4,0
BRDA:32,3,0,0
BRDA:32,3,1,0
BRDA:34,4,0,0
BRDA:34,4,1,0
BRDA:34,5,0,0
BRDA:34,5,1,0
BRDA:56,6,0,0
BRDA:56,6,1,0
BRDA:81,7,0,0
BRDA:81,7,1,0
BRDA:81,8,0,0
BRDA:81,8,1,0
BRDA:109,9,0,0
BRDA:109,9,1,0
BRDA:112,10,0,0
BRDA:112,10,1,0
BRF:25
BRH:1
end_of_record
TN:
SF:utils\logger.js
FN:20,(anonymous_0)
FN:65,(anonymous_1)
FN:95,(anonymous_2)
FN:120,(anonymous_3)
FN:125,(anonymous_4)
FN:125,(anonymous_5)
FNF:6
FNH:4
FNDA:6,(anonymous_0)
FNDA:6,(anonymous_1)
FNDA:6,(anonymous_2)
FNDA:6,(anonymous_3)
FNDA:0,(anonymous_4)
FNDA:0,(anonymous_5)
DA:6,5
DA:7,5
DA:8,5
DA:11,5
DA:12,5
DA:13,0
DA:17,5
DA:21,6
DA:24,6
DA:25,6
DA:29,6
DA:30,5
DA:33,6
DA:38,5
DA:67,6
DA:68,0
DA:70,6
DA:88,5
DA:97,6
DA:105,0
DA:107,6
DA:113,5
DA:122,6
DA:123,6
DA:124,6
DA:125,0
DA:127,6
DA:133,5
LF:28
LH:24
BRDA:12,0,0,0
BRDA:12,0,1,5
BRDA:24,1,0,6
BRDA:24,1,1,0
BRDA:29,2,0,5
BRDA:29,2,1,1
BRDA:39,3,0,5
BRDA:39,3,1,5
BRDA:67,4,0,0
BRDA:67,4,1,6
BRDA:67,5,0,6
BRDA:67,5,1,6
BRDA:67,5,2,6
BRDA:76,6,0,5
BRDA:76,6,1,0
BRDA:97,7,0,0
BRDA:97,7,1,6
BRDA:97,8,0,6
BRDA:97,8,1,6
BRDA:97,8,2,6
BRDA:97,8,3,6
BRDA:97,8,4,6
BRDA:97,8,5,6
BRDA:97,8,6,6
BRDA:122,9,0,6
BRDA:122,9,1,0
BRDA:123,10,0,6
BRDA:123,10,1,6
BRDA:124,11,0,0
BRDA:124,11,1,6
BRDA:125,12,0,0
BRDA:125,12,1,0
BRDA:125,13,0,0
BRDA:125,13,1,0
BRF:34
BRH:23
end_of_record
TN:
SF:utils\mailer.js
FN:14,sendEmail
FN:20,extractMessageId
FN:27,loadTemplate
FN:38,(anonymous_3)
FN:51,(anonymous_4)
FN:76,sendLoginNotification
FN:121,sendDocumentApprovalNotification
FN:173,sendLogbookSubmissionNotification
FN:218,sendTimeSheetApprovalRequest
FN:260,(anonymous_9)
FN:325,sendTimeSheetApprovalResultNotification
FN:370,sendInternshipEvaluationRequestEmail
FN:429,sendEvaluationSubmittedNotificationToStudent
FN:479,sendEvaluationSubmittedNotificationToAdvisor
FNF:14
FNH:0
FNDA:0,sendEmail
FNDA:0,extractMessageId
FNDA:0,loadTemplate
FNDA:0,(anonymous_3)
FNDA:0,(anonymous_4)
FNDA:0,sendLoginNotification
FNDA:0,sendDocumentApprovalNotification
FNDA:0,sendLogbookSubmissionNotification
FNDA:0,sendTimeSheetApprovalRequest
FNDA:0,(anonymous_9)
FNDA:0,sendTimeSheetApprovalResultNotification
FNDA:0,sendInternshipEvaluationRequestEmail
FNDA:0,sendEvaluationSubmittedNotificationToStudent
FNDA:0,sendEvaluationSubmittedNotificationToAdvisor
DA:1,2
DA:3,2
DA:4,2
DA:5,2
DA:6,2
DA:7,2
DA:8,2
DA:15,0
DA:16,0
DA:21,0
DA:22,0
DA:23,0
DA:28,0
DA:29,0
DA:31,0
DA:32,0
DA:35,0
DA:38,0
DA:39,0
DA:40,0
DA:43,0
DA:45,0
DA:46,0
DA:51,2
DA:52,0
DA:54,0
DA:56,0
DA:61,0
DA:63,0
DA:70,0
DA:71,0
DA:77,0
DA:79,0
DA:81,0
DA:82,0
DA:87,0
DA:90,0
DA:97,0
DA:105,0
DA:106,0
DA:107,0
DA:108,0
DA:110,0
DA:116,0
DA:122,0
DA:123,0
DA:125,0
DA:126,0
DA:133,0
DA:137,0
DA:139,0
DA:147,0
DA:155,0
DA:156,0
DA:157,0
DA:158,0
DA:160,0
DA:168,0
DA:174,0
DA:175,0
DA:177,0
DA:178,0
DA:184,0
DA:187,0
DA:193,0
DA:201,0
DA:202,0
DA:203,0
DA:204,0
DA:206,0
DA:213,0
DA:219,0
DA:221,0
DA:223,0
DA:224,0
DA:231,0
DA:238,0
DA:240,0
DA:241,0
DA:242,0
DA:244,0
DA:245,0
DA:246,0
DA:248,0
DA:249,0
DA:250,0
DA:252,0
DA:253,0
DA:256,0
DA:259,0
DA:260,0
DA:261,0
DA:273,0
DA:275,0
DA:288,0
DA:299,0
DA:307,0
DA:308,0
DA:309,0
DA:310,0
DA:312,0
DA:320,0
DA:326,0
DA:327,0
DA:328,0
DA:331,0
DA:332,0
DA:333,0
DA:336,0
DA:344,0
DA:352,0
DA:360,0
DA:361,0
DA:362,0
DA:364,0
DA:365,0
DA:371,0
DA:373,0
DA:375,0
DA:376,0
DA:384,0
DA:387,0
DA:403,0
DA:411,0
DA:412,0
DA:413,0
DA:414,0
DA:416,0
DA:424,0
DA:430,0
DA:432,0
DA:434,0
DA:435,0
DA:442,0
DA:445,0
DA:452,0
DA:454,0
DA:462,0
DA:463,0
DA:464,0
DA:465,0
DA:467,0
DA:474,0
DA:480,0
DA:482,0
DA:484,0
DA:485,0
DA:493,0
DA:496,0
DA:504,0
DA:506,0
DA:514,0
DA:515,0
DA:516,0
DA:517,0
DA:519,0
DA:526,0
DA:531,2
LF:158
LH:9
BRDA:15,0,0,0
BRDA:15,0,1,0
BRDA:21,1,0,0
BRDA:21,1,1,0
BRDA:22,2,0,0
BRDA:22,2,1,0
BRDA:22,3,0,0
BRDA:22,3,1,0
BRDA:23,4,0,0
BRDA:23,4,1,0
BRDA:27,5,0,0
BRDA:31,6,0,0
BRDA:31,6,1,0
BRDA:40,7,0,0
BRDA:40,7,1,0
BRDA:81,8,0,0
BRDA:81,8,1,0
BRDA:125,9,0,0
BRDA:125,9,1,0
BRDA:137,10,0,0
BRDA:137,10,1,0
BRDA:177,11,0,0
BRDA:177,11,1,0
BRDA:218,12,0,0
BRDA:223,13,0,0
BRDA:223,13,1,0
BRDA:238,14,0,0
BRDA:238,14,1,0
BRDA:238,14,2,0
BRDA:238,14,3,0
BRDA:259,15,0,0
BRDA:259,15,1,0
BRDA:264,16,0,0
BRDA:264,16,1,0
BRDA:265,17,0,0
BRDA:265,17,1,0
BRDA:266,18,0,0
BRDA:266,18,1,0
BRDA:267,19,0,0
BRDA:267,19,1,0
BRDA:268,20,0,0
BRDA:268,20,1,0
BRDA:269,21,0,0
BRDA:269,21,1,0
BRDA:273,22,0,0
BRDA:273,22,1,0
BRDA:278,23,0,0
BRDA:278,23,1,0
BRDA:279,24,0,0
BRDA:279,24,1,0
BRDA:280,25,0,0
BRDA:280,25,1,0
BRDA:281,26,0,0
BRDA:281,26,1,0
BRDA:282,27,0,0
BRDA:282,27,1,0
BRDA:283,28,0,0
BRDA:283,28,1,0
BRDA:291,29,0,0
BRDA:291,29,1,0
BRDA:291,29,2,0
BRDA:291,29,3,0
BRDA:292,30,0,0
BRDA:292,30,1,0
BRDA:292,30,2,0
BRDA:292,30,3,0
BRDA:326,31,0,0
BRDA:326,31,1,0
BRDA:332,32,0,0
BRDA:332,32,1,0
BRDA:333,33,0,0
BRDA:333,33,1,0
BRDA:336,34,0,0
BRDA:336,34,1,0
BRDA:375,35,0,0
BRDA:375,35,1,0
BRDA:434,36,0,0
BRDA:434,36,1,0
BRDA:484,37,0,0
BRDA:484,37,1,0
BRF:80
BRH:0
end_of_record
TN:
SF:utils\passwordMailer.js
FN:1,(anonymous_0)
FN:5,(anonymous_1)
FN:11,sendPasswordChangeOtpEmail
FN:28,sendPasswordChangedNotice
FNF:4
FNH:1
FNDA:2,(anonymous_0)
FNDA:0,(anonymous_1)
FNDA:0,sendPasswordChangeOtpEmail
FNDA:0,sendPasswordChangedNotice
DA:1,2
DA:3,2
DA:4,2
DA:5,0
DA:9,2
DA:12,0
DA:20,0
DA:21,0
DA:23,0
DA:24,0
DA:29,0
DA:34,0
DA:35,0
DA:37,0
DA:41,2
LF:15
LH:5
BRDA:14,0,0,0
BRDA:14,0,1,0
BRDA:31,1,0,0
BRDA:31,1,1,0
BRF:4
BRH:0
end_of_record
TN:
SF:utils\studentUtils.js
FN:67,(anonymous_0)
FN:312,(anonymous_1)
FN:322,(anonymous_2)
FN:381,(anonymous_3)
FN:394,(anonymous_4)
FN:416,(anonymous_5)
FN:486,(anonymous_6)
FN:514,(anonymous_7)
FN:548,(anonymous_8)
FN:568,(anonymous_9)
FNF:10
FNH:0
FNDA:0,(anonymous_0)
FNDA:0,(anonymous_1)
FNDA:0,(anonymous_2)
FNDA:0,(anonymous_3)
FNDA:0,(anonymous_4)
FNDA:0,(anonymous_5)
FNDA:0,(anonymous_6)
FNDA:0,(anonymous_7)
FNDA:0,(anonymous_8)
FNDA:0,(anonymous_9)
DA:2,3
DA:59,3
DA:60,3
DA:61,3
DA:67,3
DA:68,0
DA:69,0
DA:72,0
DA:76,0
DA:77,0
DA:78,0
DA:79,0
DA:80,0
DA:81,0
DA:82,0
DA:85,0
DA:90,0
DA:92,0
DA:93,0
DA:94,0
DA:95,0
DA:98,0
DA:101,0
DA:102,0
DA:104,0
DA:108,0
DA:110,0
DA:115,0
DA:116,0
DA:121,0
DA:129,0
DA:130,0
DA:131,0
DA:136,0
DA:137,0
DA:140,0
DA:148,0
DA:149,0
DA:150,0
DA:154,0
DA:155,0
DA:158,0
DA:163,0
DA:164,0
DA:165,0
DA:169,0
DA:170,0
DA:175,0
DA:180,0
DA:187,0
DA:192,0
DA:196,0
DA:198,0
DA:199,0
DA:200,0
DA:201,0
DA:202,0
DA:205,0
DA:206,0
DA:209,0
DA:210,0
DA:212,0
DA:221,0
DA:222,0
DA:223,0
DA:224,0
DA:225,0
DA:228,0
DA:230,0
DA:233,0
DA:234,0
DA:236,0
DA:245,0
DA:246,0
DA:247,0
DA:248,0
DA:249,0
DA:252,0
DA:254,0
DA:257,0
DA:258,0
DA:260,0
DA:270,0
DA:273,0
DA:278,0
DA:283,0
DA:287,0
DA:288,0
DA:289,0
DA:292,0
DA:293,0
DA:297,0
DA:301,0
DA:306,0
DA:311,3
DA:312,0
DA:313,0
DA:322,3
DA:323,0
DA:324,0
DA:330,0
DA:331,0
DA:333,0
DA:334,0
DA:340,0
DA:341,0
DA:342,0
DA:343,0
DA:344,0
DA:346,0
DA:347,0
DA:350,0
DA:351,0
DA:357,0
DA:359,0
DA:368,0
DA:369,0
DA:381,3
DA:382,0
DA:383,0
DA:384,0
DA:385,0
DA:387,0
DA:394,3
DA:395,0
DA:396,0
DA:397,0
DA:400,0
DA:404,0
DA:407,0
DA:416,3
DA:417,0
DA:420,0
DA:424,0
DA:428,0
DA:432,0
DA:436,0
DA:440,0
DA:444,0
DA:448,0
DA:452,0
DA:458,0
DA:461,0
DA:465,0
DA:469,0
DA:473,0
DA:477,0
DA:486,3
DA:487,0
DA:488,0
DA:494,0
DA:495,0
DA:501,0
DA:514,3
DA:515,0
DA:516,0
DA:522,0
DA:523,0
DA:529,0
DA:530,0
DA:536,0
DA:548,3
DA:549,0
DA:550,0
DA:551,0
DA:553,0
DA:568,3
DA:569,0
DA:570,0
DA:573,0
DA:574,0
DA:577,0
DA:578,0
DA:582,3
LF:174
LH:15
BRDA:76,0,0,0
BRDA:76,0,1,0
BRDA:78,1,0,0
BRDA:78,1,1,0
BRDA:79,2,0,0
BRDA:79,2,1,0
BRDA:92,3,0,0
BRDA:92,3,1,0
BRDA:94,4,0,0
BRDA:94,4,1,0
BRDA:101,5,0,0
BRDA:101,5,1,0
BRDA:108,6,0,0
BRDA:108,6,1,0
BRDA:115,7,0,0
BRDA:115,7,1,0
BRDA:129,8,0,0
BRDA:129,8,1,0
BRDA:136,9,0,0
BRDA:136,9,1,0
BRDA:148,10,0,0
BRDA:148,10,1,0
BRDA:154,11,0,0
BRDA:154,11,1,0
BRDA:163,12,0,0
BRDA:163,12,1,0
BRDA:167,13,0,0
BRDA:167,13,1,0
BRDA:172,14,0,0
BRDA:172,14,1,0
BRDA:177,15,0,0
BRDA:177,15,1,0
BRDA:182,16,0,0
BRDA:182,16,1,0
BRDA:196,17,0,0
BRDA:196,17,1,0
BRDA:198,18,0,0
BRDA:198,18,1,0
BRDA:200,19,0,0
BRDA:200,19,1,0
BRDA:200,20,0,0
BRDA:200,20,1,0
BRDA:221,21,0,0
BRDA:221,21,1,0
BRDA:223,22,0,0
BRDA:223,22,1,0
BRDA:223,23,0,0
BRDA:223,23,1,0
BRDA:245,24,0,0
BRDA:245,24,1,0
BRDA:247,25,0,0
BRDA:247,25,1,0
BRDA:247,26,0,0
BRDA:247,26,1,0
BRDA:270,27,0,0
BRDA:270,27,1,0
BRDA:273,28,0,0
BRDA:273,28,1,0
BRDA:278,29,0,0
BRDA:278,29,1,0
BRDA:283,30,0,0
BRDA:283,30,1,0
BRDA:311,31,0,0
BRDA:311,31,1,3
BRDA:323,32,0,0
BRDA:323,32,1,0
BRDA:333,33,0,0
BRDA:333,33,1,0
BRDA:346,34,0,0
BRDA:346,34,1,0
BRDA:350,35,0,0
BRDA:350,35,1,0
BRDA:382,36,0,0
BRDA:382,36,1,0
BRDA:384,37,0,0
BRDA:384,37,1,0
BRDA:400,38,0,0
BRDA:400,38,1,0
BRDA:401,39,0,0
BRDA:401,39,1,0
BRDA:407,40,0,0
BRDA:407,40,1,0
BRDA:420,41,0,0
BRDA:420,41,1,0
BRDA:421,42,0,0
BRDA:421,42,1,0
BRDA:424,43,0,0
BRDA:424,43,1,0
BRDA:425,44,0,0
BRDA:425,44,1,0
BRDA:432,45,0,0
BRDA:432,45,1,0
BRDA:433,46,0,0
BRDA:433,46,1,0
BRDA:436,47,0,0
BRDA:436,47,1,0
BRDA:437,48,0,0
BRDA:437,48,1,0
BRDA:444,49,0,0
BRDA:444,49,1,0
BRDA:445,50,0,0
BRDA:445,50,1,0
BRDA:448,51,0,0
BRDA:448,51,1,0
BRDA:449,52,0,0
BRDA:449,52,1,0
BRDA:461,53,0,0
BRDA:461,53,1,0
BRDA:462,54,0,0
BRDA:462,54,1,0
BRDA:469,55,0,0
BRDA:469,55,1,0
BRDA:470,56,0,0
BRDA:470,56,1,0
BRDA:487,57,0,0
BRDA:487,57,1,0
BRDA:494,58,0,0
BRDA:494,58,1,0
BRDA:515,59,0,0
BRDA:515,59,1,0
BRDA:522,60,0,0
BRDA:522,60,1,0
BRDA:529,61,0,0
BRDA:529,61,1,0
BRDA:569,62,0,0
BRDA:569,62,1,0
BRDA:569,63,0,0
BRDA:569,63,1,0
BRDA:573,64,0,0
BRDA:573,64,1,0
BRDA:578,65,0,0
BRDA:578,65,1,0
BRDA:578,65,2,0
BRF:133
BRH:1
end_of_record
TN:
SF:utils\validateEnv.js
FN:9,validateEnv
FN:14,(anonymous_1)
FN:44,(anonymous_2)
FNF:3
FNH:1
FNDA:2,validateEnv
FNDA:0,(anonymous_1)
FNDA:0,(anonymous_2)
DA:1,5
DA:10,2
DA:14,2
DA:16,2
DA:17,0
DA:24,2
DA:25,0
DA:26,0
DA:28,0
DA:29,0
DA:30,0
DA:32,0
DA:37,2
DA:38,0
DA:39,0
DA:43,2
DA:44,0
DA:45,0
DA:46,0
DA:51,2
DA:54,5
LF:21
LH:9
BRDA:9,0,0,0
BRDA:9,1,0,2
BRDA:10,2,0,0
BRDA:10,2,1,2
BRDA:12,3,0,2
BRDA:12,3,1,2
BRDA:16,4,0,0
BRDA:16,4,1,2
BRDA:16,5,0,2
BRDA:16,5,1,0
BRDA:24,6,0,0
BRDA:24,6,1,2
BRDA:24,7,0,2
BRDA:24,7,1,2
BRDA:25,8,0,0
BRDA:25,8,1,0
BRDA:25,9,0,0
BRDA:25,9,1,0
BRDA:28,10,0,0
BRDA:28,10,1,0
BRDA:37,11,0,0
BRDA:37,11,1,2
BRDA:37,12,0,2
BRDA:37,12,1,2
BRDA:38,13,0,0
BRDA:38,13,1,0
BRDA:38,14,0,0
BRDA:38,14,1,0
BRDA:43,15,0,0
BRDA:43,15,1,2
BRDA:43,16,0,2
BRDA:43,16,1,2
BRDA:45,17,0,0
BRDA:45,17,1,0
BRDA:45,18,0,0
BRDA:45,18,1,0
BRF:36
BRH:15
end_of_record
