TN:
SF:controllers\academicController.js
FN:5,(anonymous_0)
FN:23,(anonymous_1)
FN:52,(anonymous_2)
FN:71,(anonymous_3)
FN:91,(anonymous_4)
FN:105,(anonymous_5)
FN:118,(anonymous_6)
FN:131,(anonymous_7)
FN:146,(anonymous_8)
FNF:9
FNH:0
FNDA:0,(anonymous_0)
FNDA:0,(anonymous_1)
FNDA:0,(anonymous_2)
FNDA:0,(anonymous_3)
FNDA:0,(anonymous_4)
FNDA:0,(anonymous_5)
FNDA:0,(anonymous_6)
FNDA:0,(anonymous_7)
FNDA:0,(anonymous_8)
DA:1,6
DA:2,6
DA:5,6
DA:6,0
DA:7,0
DA:8,0
DA:9,0
DA:13,0
DA:15,0
DA:16,0
DA:23,6
DA:24,0
DA:26,0
DA:28,0
DA:29,0
DA:35,0
DA:37,0
DA:39,0
DA:41,0
DA:44,0
DA:52,6
DA:53,0
DA:54,0
DA:56,0
DA:58,0
DA:61,0
DA:63,0
DA:71,6
DA:72,0
DA:73,0
DA:74,0
DA:76,0
DA:77,0
DA:82,0
DA:84,0
DA:85,0
DA:91,6
DA:92,0
DA:93,0
DA:96,0
DA:98,0
DA:99,0
DA:105,6
DA:106,0
DA:107,0
DA:108,0
DA:110,0
DA:111,0
DA:112,0
DA:118,6
DA:119,0
DA:120,0
DA:121,0
DA:123,0
DA:124,0
DA:125,0
DA:131,6
DA:132,0
DA:133,0
DA:134,0
DA:135,0
DA:137,0
DA:138,0
DA:139,0
DA:140,0
DA:141,0
DA:142,0
DA:146,6
DA:147,0
DA:148,0
DA:149,0
DA:150,0
DA:152,0
DA:153,0
DA:154,0
DA:155,0
DA:156,0
LF:77
LH:11
BRDA:8,0,0,0
BRDA:8,0,1,0
BRDA:28,1,0,0
BRDA:28,1,1,0
BRDA:41,2,0,0
BRDA:41,2,1,0
BRDA:42,3,0,0
BRDA:42,3,1,0
BRDA:46,4,0,0
BRDA:46,4,1,0
BRDA:61,5,0,0
BRDA:61,5,1,0
BRDA:65,6,0,0
BRDA:65,6,1,0
BRDA:76,7,0,0
BRDA:76,7,1,0
BRDA:87,8,0,0
BRDA:87,8,1,0
BRDA:101,9,0,0
BRDA:101,9,1,0
BRDA:111,10,0,0
BRDA:111,10,1,0
BRDA:114,11,0,0
BRDA:114,11,1,0
BRDA:124,12,0,0
BRDA:124,12,1,0
BRDA:127,13,0,0
BRDA:127,13,1,0
BRDA:139,14,0,0
BRDA:139,14,1,0
BRDA:140,15,0,0
BRDA:140,15,1,0
BRDA:141,16,0,0
BRDA:141,16,1,0
BRDA:154,17,0,0
BRDA:154,17,1,0
BRDA:155,18,0,0
BRDA:155,18,1,0
BRF:38
BRH:0
end_of_record
TN:
SF:controllers\adminController.js
FN:7,(anonymous_0)
FN:24,(anonymous_1)
FN:37,(anonymous_2)
FN:50,(anonymous_3)
FN:63,(anonymous_4)
FN:86,(anonymous_5)
FN:120,(anonymous_6)
FNF:7
FNH:0
FNDA:0,(anonymous_0)
FNDA:0,(anonymous_1)
FNDA:0,(anonymous_2)
FNDA:0,(anonymous_3)
FNDA:0,(anonymous_4)
FNDA:0,(anonymous_5)
FNDA:0,(anonymous_6)
DA:2,6
DA:3,6
DA:6,6
DA:8,0
DA:10,0
DA:12,0
DA:15,0
DA:16,0
DA:25,0
DA:26,0
DA:27,0
DA:29,0
DA:30,0
DA:38,0
DA:39,0
DA:40,0
DA:42,0
DA:43,0
DA:51,0
DA:52,0
DA:53,0
DA:55,0
DA:56,0
DA:64,0
DA:65,0
DA:66,0
DA:67,0
DA:68,0
DA:69,0
DA:71,0
DA:72,0
DA:73,0
DA:75,0
DA:76,0
DA:87,0
DA:88,0
DA:90,0
DA:92,0
DA:93,0
DA:94,0
DA:100,0
DA:101,0
DA:108,0
DA:109,0
DA:121,0
DA:122,0
DA:124,0
DA:125,0
DA:131,0
DA:133,0
DA:135,0
DA:136,0
DA:137,0
DA:143,0
DA:144,0
DA:151,0
DA:152,0
LF:57
LH:3
BRDA:18,0,0,0
BRDA:18,0,1,0
BRDA:32,1,0,0
BRDA:32,1,1,0
BRDA:45,2,0,0
BRDA:45,2,1,0
BRDA:58,3,0,0
BRDA:58,3,1,0
BRDA:65,4,0,0
BRDA:65,4,1,0
BRDA:66,5,0,0
BRDA:66,5,1,0
BRDA:67,6,0,0
BRDA:67,6,1,0
BRDA:68,7,0,0
BRDA:68,7,1,0
BRDA:69,8,0,0
BRDA:69,8,1,0
BRDA:78,9,0,0
BRDA:78,9,1,0
BRDA:92,10,0,0
BRDA:92,10,1,0
BRDA:124,11,0,0
BRDA:124,11,1,0
BRDA:135,12,0,0
BRDA:135,12,1,0
BRDA:143,13,0,0
BRDA:143,13,1,0
BRDA:146,14,0,0
BRDA:146,14,1,0
BRF:30
BRH:0
end_of_record
TN:
SF:controllers\agentStatusController.js
FN:14,(anonymous_0)
FN:35,(anonymous_1)
FN:70,(anonymous_2)
FN:100,(anonymous_3)
FNF:4
FNH:0
FNDA:0,(anonymous_0)
FNDA:0,(anonymous_1)
FNDA:0,(anonymous_2)
FNDA:0,(anonymous_3)
DA:6,6
DA:7,6
DA:15,0
DA:16,0
DA:18,0
DA:23,0
DA:24,0
DA:36,0
DA:37,0
DA:39,0
DA:40,0
DA:46,0
DA:48,0
DA:58,0
DA:59,0
DA:71,0
DA:72,0
DA:74,0
DA:75,0
DA:81,0
DA:83,0
DA:88,0
DA:89,0
DA:101,0
DA:102,0
DA:104,0
DA:105,0
DA:112,0
DA:115,0
DA:132,0
DA:137,0
DA:138,0
DA:146,6
LF:33
LH:3
BRDA:26,0,0,0
BRDA:26,0,1,0
BRDA:37,1,0,0
BRDA:37,1,1,0
BRDA:39,2,0,0
BRDA:39,2,1,0
BRDA:39,3,0,0
BRDA:39,3,1,0
BRDA:61,4,0,0
BRDA:61,4,1,0
BRDA:74,5,0,0
BRDA:74,5,1,0
BRDA:91,6,0,0
BRDA:91,6,1,0
BRDA:102,7,0,0
BRDA:102,7,1,0
BRDA:104,8,0,0
BRDA:104,8,1,0
BRDA:104,9,0,0
BRDA:104,9,1,0
BRDA:118,10,0,0
BRDA:118,10,1,0
BRDA:119,11,0,0
BRDA:119,11,1,0
BRDA:120,12,0,0
BRDA:120,12,1,0
BRDA:121,13,0,0
BRDA:121,13,1,0
BRDA:122,14,0,0
BRDA:122,14,1,0
BRDA:140,15,0,0
BRDA:140,15,1,0
BRF:32
BRH:0
end_of_record
TN:
SF:controllers\authController.js
FN:17,(anonymous_0)
FN:88,(anonymous_1)
FN:113,(anonymous_2)
FNF:3
FNH:1
FNDA:2,(anonymous_0)
FNDA:0,(anonymous_1)
FNDA:0,(anonymous_2)
DA:1,4
DA:2,4
DA:3,4
DA:4,4
DA:7,4
DA:17,4
DA:18,2
DA:20,2
DA:26,2
DA:27,2
DA:28,0
DA:34,2
DA:37,2
DA:39,2
DA:40,1
DA:47,1
DA:54,1
DA:57,1
DA:72,0
DA:78,0
DA:88,4
DA:89,0
DA:90,0
DA:92,0
DA:93,0
DA:99,0
DA:104,0
DA:105,0
DA:113,4
DA:114,0
DA:116,0
DA:122,0
DA:127,0
DA:128,0
LF:34
LH:19
BRDA:27,0,0,0
BRDA:27,0,1,2
BRDA:39,1,0,1
BRDA:39,1,1,1
BRDA:40,2,0,1
BRDA:40,2,1,0
BRDA:54,3,0,1
BRDA:54,3,1,1
BRDA:80,4,0,0
BRDA:80,4,1,0
BRDA:92,5,0,0
BRDA:92,5,1,0
BRDA:93,6,0,0
BRDA:93,6,1,0
BRF:14
BRH:6
end_of_record
TN:
SF:controllers\curriculumController.js
FN:4,(anonymous_0)
FN:16,(anonymous_1)
FN:29,(anonymous_2)
FN:48,(anonymous_3)
FN:68,(anonymous_4)
FN:93,(anonymous_5)
FNF:6
FNH:0
FNDA:0,(anonymous_0)
FNDA:0,(anonymous_1)
FNDA:0,(anonymous_2)
FNDA:0,(anonymous_3)
FNDA:0,(anonymous_4)
FNDA:0,(anonymous_5)
DA:1,6
DA:2,6
DA:4,6
DA:5,0
DA:6,0
DA:7,0
DA:9,0
DA:10,0
DA:16,6
DA:17,0
DA:18,0
DA:20,0
DA:22,0
DA:23,0
DA:29,6
DA:30,0
DA:31,0
DA:33,0
DA:35,0
DA:36,0
DA:39,0
DA:41,0
DA:42,0
DA:48,6
DA:49,0
DA:50,0
DA:51,0
DA:53,0
DA:54,0
DA:56,0
DA:61,0
DA:62,0
DA:68,6
DA:69,0
DA:70,0
DA:71,0
DA:73,0
DA:74,0
DA:79,0
DA:81,0
DA:82,0
DA:93,6
DA:94,0
DA:95,0
DA:97,0
DA:98,0
DA:104,0
DA:116,0
DA:117,0
LF:49
LH:8
BRDA:25,0,0,0
BRDA:25,0,1,0
BRDA:35,1,0,0
BRDA:35,1,1,0
BRDA:44,2,0,0
BRDA:44,2,1,0
BRDA:53,3,0,0
BRDA:53,3,1,0
BRDA:64,4,0,0
BRDA:64,4,1,0
BRDA:73,5,0,0
BRDA:73,5,1,0
BRDA:84,6,0,0
BRDA:84,6,1,0
BRDA:97,7,0,0
BRDA:97,7,1,0
BRDA:119,8,0,0
BRDA:119,8,1,0
BRF:18
BRH:0
end_of_record
TN:
SF:controllers\deadlineReportController.js
FN:28,(anonymous_0)
FN:54,(anonymous_1)
FN:80,(anonymous_2)
FN:122,(anonymous_3)
FN:143,(anonymous_4)
FN:162,(anonymous_5)
FNF:6
FNH:0
FNDA:0,(anonymous_0)
FNDA:0,(anonymous_1)
FNDA:0,(anonymous_2)
FNDA:0,(anonymous_3)
FNDA:0,(anonymous_4)
FNDA:0,(anonymous_5)
DA:2,4
DA:3,4
DA:28,4
DA:29,0
DA:30,0
DA:32,0
DA:38,0
DA:43,0
DA:44,0
DA:54,4
DA:55,0
DA:56,0
DA:58,0
DA:64,0
DA:69,0
DA:70,0
DA:80,4
DA:81,0
DA:82,0
DA:84,0
DA:90,0
DA:95,0
DA:96,0
DA:122,4
DA:123,0
DA:124,0
DA:126,0
DA:132,0
DA:137,0
DA:138,0
DA:143,4
DA:144,0
DA:145,0
DA:146,0
DA:151,0
DA:152,0
DA:162,4
DA:163,0
DA:164,0
DA:165,0
DA:167,0
DA:172,0
DA:173,0
DA:179,0
DA:184,0
DA:185,0
LF:46
LH:8
BRDA:34,0,0,0
BRDA:34,0,1,0
BRDA:60,1,0,0
BRDA:60,1,1,0
BRDA:86,2,0,0
BRDA:86,2,1,0
BRDA:128,3,0,0
BRDA:128,3,1,0
BRDA:134,4,0,0
BRDA:134,4,1,0
BRDA:169,5,0,0
BRDA:169,5,1,0
BRDA:172,6,0,0
BRDA:172,6,1,0
BRF:14
BRH:0
end_of_record
TN:
SF:controllers\importantDeadlineController.js
FN:5,(anonymous_0)
FN:16,(anonymous_1)
FN:23,(anonymous_2)
FN:33,(anonymous_3)
FN:39,(anonymous_4)
FN:54,translateLegacyPayload
FN:73,(anonymous_6)
FN:108,(anonymous_7)
FN:121,(anonymous_8)
FN:131,(anonymous_9)
FN:143,(anonymous_10)
FN:154,(anonymous_11)
FN:164,(anonymous_12)
FN:174,(anonymous_13)
FN:176,(anonymous_14)
FN:185,(anonymous_15)
FN:198,(anonymous_16)
FN:203,(anonymous_17)
FN:250,(anonymous_18)
FN:285,(anonymous_19)
FN:292,(anonymous_20)
FN:293,(anonymous_21)
FN:301,(anonymous_22)
FN:307,(anonymous_23)
FN:315,(anonymous_24)
FN:328,(anonymous_25)
FN:336,(anonymous_26)
FN:341,(anonymous_27)
FN:347,(anonymous_28)
FN:363,(anonymous_29)
FN:366,(anonymous_30)
FN:400,(anonymous_31)
FN:402,(anonymous_32)
FN:419,(anonymous_33)
FN:425,(anonymous_34)
FN:428,(anonymous_35)
FN:429,(anonymous_36)
FNF:37
FNH:21
FNDA:0,(anonymous_0)
FNDA:1,(anonymous_1)
FNDA:2,(anonymous_2)
FNDA:1,(anonymous_3)
FNDA:5,(anonymous_4)
FNDA:4,translateLegacyPayload
FNDA:4,(anonymous_6)
FNDA:20,(anonymous_7)
FNDA:0,(anonymous_8)
FNDA:0,(anonymous_9)
FNDA:0,(anonymous_10)
FNDA:1,(anonymous_11)
FNDA:1,(anonymous_12)
FNDA:55,(anonymous_13)
FNDA:0,(anonymous_14)
FNDA:11,(anonymous_15)
FNDA:0,(anonymous_16)
FNDA:11,(anonymous_17)
FNDA:11,(anonymous_18)
FNDA:0,(anonymous_19)
FNDA:0,(anonymous_20)
FNDA:0,(anonymous_21)
FNDA:0,(anonymous_22)
FNDA:0,(anonymous_23)
FNDA:5,(anonymous_24)
FNDA:10,(anonymous_25)
FNDA:0,(anonymous_26)
FNDA:4,(anonymous_27)
FNDA:2,(anonymous_28)
FNDA:11,(anonymous_29)
FNDA:11,(anonymous_30)
FNDA:6,(anonymous_31)
FNDA:9,(anonymous_32)
FNDA:0,(anonymous_33)
FNDA:0,(anonymous_34)
FNDA:0,(anonymous_35)
FNDA:0,(anonymous_36)
DA:1,8
DA:2,8
DA:3,8
DA:5,8
DA:6,0
DA:7,0
DA:8,0
DA:9,0
DA:11,0
DA:16,8
DA:17,1
DA:18,1
DA:19,1
DA:20,1
DA:21,1
DA:25,2
DA:27,2
DA:29,1
DA:30,1
DA:33,1
DA:34,1
DA:35,1
DA:36,1
DA:37,1
DA:38,1
DA:39,5
DA:40,1
DA:41,1
DA:42,1
DA:43,1
DA:45,1
DA:47,1
DA:49,0
DA:55,4
DA:57,4
DA:64,4
DA:65,4
DA:69,4
DA:73,8
DA:74,4
DA:75,4
DA:76,4
DA:79,4
DA:80,0
DA:81,0
DA:82,0
DA:90,0
DA:91,0
DA:98,0
DA:102,4
DA:103,4
DA:104,4
DA:106,4
DA:107,4
DA:108,20
DA:109,4
DA:110,4
DA:111,4
DA:113,4
DA:115,0
DA:116,0
DA:121,8
DA:122,0
DA:123,0
DA:124,0
DA:125,0
DA:126,0
DA:127,0
DA:128,0
DA:129,0
DA:130,0
DA:131,0
DA:132,0
DA:133,0
DA:134,0
DA:136,0
DA:138,0
DA:143,8
DA:144,0
DA:145,0
DA:146,0
DA:147,0
DA:149,0
DA:154,8
DA:155,1
DA:156,1
DA:157,1
DA:158,1
DA:160,0
DA:164,8
DA:165,1
DA:166,1
DA:167,1
DA:168,1
DA:170,0
DA:174,55
DA:176,8
DA:177,0
DA:178,0
DA:179,0
DA:185,8
DA:186,11
DA:187,0
DA:189,11
DA:190,11
DA:192,0
DA:193,0
DA:195,0
DA:198,8
DA:199,0
DA:200,0
DA:203,8
DA:204,11
DA:212,11
DA:213,6
DA:217,5
DA:218,5
DA:219,5
DA:220,5
DA:223,5
DA:224,5
DA:225,5
DA:228,5
DA:229,5
DA:230,4
DA:234,5
DA:235,2
DA:239,5
DA:240,0
DA:242,0
DA:244,0
DA:247,5
DA:250,8
DA:251,11
DA:253,11
DA:254,11
DA:255,11
DA:256,11
DA:257,11
DA:260,11
DA:261,0
DA:262,0
DA:263,0
DA:264,0
DA:265,0
DA:266,0
DA:267,0
DA:269,11
DA:272,11
DA:273,11
DA:274,11
DA:276,11
DA:277,11
DA:278,11
DA:279,11
DA:281,11
DA:285,8
DA:286,0
DA:287,0
DA:288,0
DA:289,0
DA:290,0
DA:292,0
DA:293,0
DA:294,0
DA:295,0
DA:296,0
DA:297,0
DA:298,0
DA:299,0
DA:300,0
DA:301,0
DA:302,0
DA:303,0
DA:304,0
DA:305,0
DA:306,0
DA:307,0
DA:308,0
DA:310,0
DA:315,8
DA:316,5
DA:317,5
DA:318,5
DA:319,5
DA:321,5
DA:322,5
DA:324,5
DA:325,4
DA:326,4
DA:327,4
DA:328,10
DA:331,4
DA:337,0
DA:338,0
DA:341,4
DA:342,4
DA:343,4
DA:344,4
DA:347,4
DA:350,4
DA:351,5
DA:352,5
DA:356,4
DA:358,0
DA:362,5
DA:363,11
DA:365,5
DA:367,11
DA:368,11
DA:371,11
DA:372,5
DA:373,5
DA:374,5
DA:375,5
DA:379,5
DA:386,6
DA:387,6
DA:388,6
DA:389,6
DA:390,6
DA:398,11
DA:400,6
DA:402,9
DA:411,5
DA:413,0
DA:414,0
DA:419,8
DA:420,0
DA:421,0
DA:422,0
DA:424,0
DA:425,0
DA:427,0
DA:428,0
DA:429,0
DA:431,0
DA:433,0
LF:238
LH:145
BRDA:7,0,0,0
BRDA:7,0,1,0
BRDA:8,1,0,0
BRDA:8,1,1,0
BRDA:9,2,0,0
BRDA:9,2,1,0
BRDA:21,3,0,0
BRDA:21,3,1,1
BRDA:25,4,0,0
BRDA:25,4,1,2
BRDA:25,5,0,2
BRDA:25,5,1,0
BRDA:27,6,0,1
BRDA:27,6,1,1
BRDA:29,7,0,0
BRDA:29,7,1,1
BRDA:29,8,0,1
BRDA:29,8,1,1
BRDA:35,9,0,1
BRDA:35,9,1,0
BRDA:64,10,0,4
BRDA:64,10,1,0
BRDA:64,11,0,4
BRDA:64,11,1,4
BRDA:79,12,0,0
BRDA:79,12,1,4
BRDA:79,13,0,4
BRDA:79,13,1,0
BRDA:102,14,0,4
BRDA:102,14,1,0
BRDA:104,15,0,4
BRDA:104,15,1,0
BRDA:126,16,0,0
BRDA:126,16,1,0
BRDA:128,17,0,0
BRDA:128,17,1,0
BRDA:177,18,0,0
BRDA:177,18,1,0
BRDA:185,19,0,0
BRDA:186,20,0,0
BRDA:186,20,1,11
BRDA:186,21,0,11
BRDA:186,21,1,0
BRDA:189,22,0,11
BRDA:189,22,1,0
BRDA:192,23,0,0
BRDA:192,23,1,0
BRDA:192,24,0,0
BRDA:192,24,1,0
BRDA:199,25,0,0
BRDA:199,25,1,0
BRDA:212,26,0,6
BRDA:212,26,1,5
BRDA:218,27,0,5
BRDA:218,27,1,0
BRDA:219,28,0,5
BRDA:219,28,1,0
BRDA:219,29,0,0
BRDA:219,29,1,0
BRDA:220,30,0,5
BRDA:220,30,1,0
BRDA:223,31,0,5
BRDA:223,31,1,0
BRDA:223,32,0,5
BRDA:223,32,1,5
BRDA:229,33,0,4
BRDA:229,33,1,1
BRDA:229,34,0,5
BRDA:229,34,1,4
BRDA:234,35,0,2
BRDA:234,35,1,3
BRDA:239,36,0,0
BRDA:239,36,1,5
BRDA:239,37,0,5
BRDA:239,37,1,0
BRDA:242,38,0,0
BRDA:242,38,1,0
BRDA:250,39,0,0
BRDA:250,40,0,6
BRDA:250,41,0,0
BRDA:253,42,0,11
BRDA:253,42,1,0
BRDA:260,43,0,0
BRDA:260,43,1,11
BRDA:260,44,0,11
BRDA:260,44,1,0
BRDA:272,45,0,11
BRDA:272,45,1,11
BRDA:272,45,2,0
BRDA:287,46,0,0
BRDA:287,46,1,0
BRDA:292,47,0,0
BRDA:292,47,1,0
BRDA:292,47,2,0
BRDA:321,48,0,5
BRDA:321,48,1,1
BRDA:324,49,0,4
BRDA:324,49,1,1
BRDA:324,50,0,5
BRDA:324,50,1,4
BRDA:342,51,0,0
BRDA:342,51,1,4
BRDA:343,52,0,4
BRDA:343,52,1,0
BRDA:343,52,2,0
BRDA:343,52,3,0
BRDA:343,52,4,0
BRDA:344,53,0,4
BRDA:344,53,1,0
BRDA:351,54,0,5
BRDA:351,54,1,0
BRDA:371,55,0,5
BRDA:371,55,1,6
BRDA:375,56,0,5
BRDA:375,56,1,0
BRDA:381,57,0,5
BRDA:381,57,1,0
BRDA:382,58,0,5
BRDA:382,58,1,3
BRDA:425,59,0,0
BRDA:425,59,1,0
BRF:121
BRH:57
end_of_record
TN:
SF:controllers\internshipAdminController.js
FN:13,(anonymous_0)
FN:47,(anonymous_1)
FN:95,(anonymous_2)
FNF:3
FNH:0
FNDA:0,(anonymous_0)
FNDA:0,(anonymous_1)
FNDA:0,(anonymous_2)
DA:1,6
DA:2,6
DA:14,0
DA:15,0
DA:22,0
DA:24,0
DA:33,0
DA:34,0
DA:48,0
DA:49,0
DA:50,0
DA:51,0
DA:53,0
DA:54,0
DA:60,0
DA:66,0
DA:73,0
DA:75,0
DA:76,0
DA:82,0
DA:96,0
DA:97,0
DA:98,0
DA:99,0
DA:101,0
DA:102,0
DA:108,0
DA:109,0
DA:115,0
DA:121,0
DA:128,0
DA:130,0
DA:131,0
DA:137,0
DA:146,6
LF:35
LH:3
BRDA:37,0,0,0
BRDA:37,0,1,0
BRDA:53,1,0,0
BRDA:53,1,1,0
BRDA:75,2,0,0
BRDA:75,2,1,0
BRDA:85,3,0,0
BRDA:85,3,1,0
BRDA:101,4,0,0
BRDA:101,4,1,0
BRDA:108,5,0,0
BRDA:108,5,1,0
BRDA:108,6,0,0
BRDA:108,6,1,0
BRDA:130,7,0,0
BRDA:130,7,1,0
BRDA:140,8,0,0
BRDA:140,8,1,0
BRF:18
BRH:0
end_of_record
TN:
SF:controllers\internshipCompanyStatsController.js
FN:5,(anonymous_0)
FN:25,(anonymous_1)
FNF:2
FNH:0
FNDA:0,(anonymous_0)
FNDA:0,(anonymous_1)
DA:2,4
DA:4,4
DA:6,0
DA:7,0
DA:8,0
DA:10,0
DA:17,0
DA:19,0
DA:20,0
DA:26,0
DA:27,0
DA:28,0
DA:29,0
DA:31,0
DA:32,0
DA:34,0
DA:35,0
LF:17
LH:2
BRDA:11,0,0,0
BRDA:11,0,1,0
BRDA:12,1,0,0
BRDA:12,1,1,0
BRDA:13,2,0,0
BRDA:13,2,1,0
BRDA:13,3,0,0
BRDA:13,3,1,0
BRDA:28,4,0,0
BRDA:28,4,1,0
BRF:10
BRH:0
end_of_record
TN:
SF:controllers\meetingController.js
FN:5,(anonymous_0)
FN:17,(anonymous_1)
FN:29,(anonymous_2)
FN:41,(anonymous_3)
FN:53,(anonymous_4)
FN:65,(anonymous_5)
FN:77,(anonymous_6)
FN:89,(anonymous_7)
FNF:8
FNH:1
FNDA:0,(anonymous_0)
FNDA:2,(anonymous_1)
FNDA:0,(anonymous_2)
FNDA:0,(anonymous_3)
FNDA:0,(anonymous_4)
FNDA:0,(anonymous_5)
FNDA:0,(anonymous_6)
FNDA:0,(anonymous_7)
DA:1,5
DA:2,5
DA:4,5
DA:6,0
DA:7,0
DA:8,0
DA:9,0
DA:11,0
DA:12,0
DA:13,0
DA:18,2
DA:19,2
DA:20,2
DA:21,1
DA:23,1
DA:24,1
DA:25,1
DA:30,0
DA:31,0
DA:32,0
DA:33,0
DA:35,0
DA:36,0
DA:37,0
DA:42,0
DA:43,0
DA:44,0
DA:45,0
DA:47,0
DA:48,0
DA:49,0
DA:54,0
DA:55,0
DA:56,0
DA:57,0
DA:59,0
DA:60,0
DA:61,0
DA:66,0
DA:67,0
DA:68,0
DA:69,0
DA:71,0
DA:72,0
DA:73,0
DA:78,0
DA:79,0
DA:80,0
DA:81,0
DA:83,0
DA:84,0
DA:85,0
DA:90,0
DA:91,0
DA:92,0
DA:93,0
DA:95,0
DA:96,0
DA:97,0
LF:59
LH:10
BRDA:12,0,0,0
BRDA:12,0,1,0
BRDA:20,1,0,2
BRDA:20,1,1,0
BRDA:24,2,0,1
BRDA:24,2,1,0
BRDA:32,3,0,0
BRDA:32,3,1,0
BRDA:36,4,0,0
BRDA:36,4,1,0
BRDA:48,5,0,0
BRDA:48,5,1,0
BRDA:56,6,0,0
BRDA:56,6,1,0
BRDA:60,7,0,0
BRDA:60,7,1,0
BRDA:68,8,0,0
BRDA:68,8,1,0
BRDA:72,9,0,0
BRDA:72,9,1,0
BRDA:84,10,0,0
BRDA:84,10,1,0
BRDA:92,11,0,0
BRDA:92,11,1,0
BRDA:96,12,0,0
BRDA:96,12,1,0
BRF:26
BRH:2
end_of_record
TN:
SF:controllers\notificationSettingsController.js
FN:7,(anonymous_0)
FN:60,(anonymous_1)
FN:145,(anonymous_2)
FN:199,(anonymous_3)
FNF:4
FNH:0
FNDA:0,(anonymous_0)
FNDA:0,(anonymous_1)
FNDA:0,(anonymous_2)
FNDA:0,(anonymous_3)
DA:1,6
DA:2,6
DA:7,6
DA:8,0
DA:9,0
DA:16,0
DA:18,0
DA:23,0
DA:29,0
DA:38,0
DA:39,0
DA:41,0
DA:42,0
DA:43,0
DA:44,0
DA:45,0
DA:46,0
DA:49,0
DA:60,6
DA:61,0
DA:62,0
DA:65,0
DA:69,0
DA:74,0
DA:83,0
DA:84,0
DA:91,0
DA:92,0
DA:99,0
DA:100,0
DA:106,0
DA:112,0
DA:119,0
DA:121,0
DA:127,0
DA:134,0
DA:145,6
DA:146,0
DA:147,0
DA:150,0
DA:154,0
DA:155,0
DA:162,0
DA:163,0
DA:169,0
DA:174,0
DA:176,0
DA:182,0
DA:188,0
DA:199,6
DA:200,0
DA:201,0
DA:204,0
DA:208,0
DA:209,0
DA:216,0
DA:217,0
DA:223,0
DA:228,0
DA:230,0
DA:236,0
DA:242,0
LF:62
LH:6
BRDA:10,0,0,0
BRDA:10,0,1,0
BRDA:20,1,0,0
BRDA:20,1,1,0
BRDA:32,2,0,0
BRDA:32,2,1,0
BRDA:41,3,0,0
BRDA:41,3,1,0
BRDA:44,4,0,0
BRDA:44,4,1,0
BRDA:52,5,0,0
BRDA:52,5,1,0
BRDA:65,6,0,0
BRDA:65,6,1,0
BRDA:69,7,0,0
BRDA:69,7,1,0
BRDA:69,7,2,0
BRDA:79,8,0,0
BRDA:79,8,1,0
BRDA:83,9,0,0
BRDA:83,9,1,0
BRDA:83,10,0,0
BRDA:83,10,1,0
BRDA:91,11,0,0
BRDA:91,11,1,0
BRDA:99,12,0,0
BRDA:99,12,1,0
BRDA:112,13,0,0
BRDA:112,13,1,0
BRDA:130,14,0,0
BRDA:130,14,1,0
BRDA:136,15,0,0
BRDA:136,15,1,0
BRDA:137,16,0,0
BRDA:137,16,1,0
BRDA:147,17,0,0
BRDA:147,17,1,0
BRDA:150,18,0,0
BRDA:150,18,1,0
BRDA:150,18,2,0
BRDA:154,19,0,0
BRDA:154,19,1,0
BRDA:162,20,0,0
BRDA:162,20,1,0
BRDA:185,21,0,0
BRDA:185,21,1,0
BRDA:190,22,0,0
BRDA:190,22,1,0
BRDA:191,23,0,0
BRDA:191,23,1,0
BRDA:201,24,0,0
BRDA:201,24,1,0
BRDA:204,25,0,0
BRDA:204,25,1,0
BRDA:204,25,2,0
BRDA:208,26,0,0
BRDA:208,26,1,0
BRDA:216,27,0,0
BRDA:216,27,1,0
BRDA:239,28,0,0
BRDA:239,28,1,0
BRDA:244,29,0,0
BRDA:244,29,1,0
BRDA:245,30,0,0
BRDA:245,30,1,0
BRF:65
BRH:0
end_of_record
TN:
SF:controllers\passwordController.js
FN:5,(anonymous_0)
FN:20,(anonymous_1)
FN:31,(anonymous_2)
FN:46,(anonymous_3)
FN:61,(anonymous_4)
FNF:5
FNH:0
FNDA:0,(anonymous_0)
FNDA:0,(anonymous_1)
FNDA:0,(anonymous_2)
FNDA:0,(anonymous_3)
FNDA:0,(anonymous_4)
DA:1,4
DA:2,4
DA:5,4
DA:6,0
DA:7,0
DA:8,0
DA:9,0
DA:11,0
DA:12,0
DA:14,0
DA:15,0
DA:20,4
DA:21,0
DA:22,0
DA:23,0
DA:25,0
DA:26,0
DA:31,4
DA:32,0
DA:33,0
DA:34,0
DA:35,0
DA:37,0
DA:38,0
DA:40,0
DA:41,0
DA:46,4
DA:47,0
DA:48,0
DA:49,0
DA:50,0
DA:52,0
DA:53,0
DA:55,0
DA:56,0
DA:61,4
DA:62,0
DA:63,0
DA:64,0
DA:65,0
DA:67,0
DA:68,0
DA:70,0
DA:71,0
LF:44
LH:7
BRDA:7,0,0,0
BRDA:7,0,1,0
BRDA:8,1,0,0
BRDA:8,1,1,0
BRDA:8,2,0,0
BRDA:8,2,1,0
BRDA:12,3,0,0
BRDA:12,3,1,0
BRDA:12,4,0,0
BRDA:12,4,1,0
BRDA:23,5,0,0
BRDA:23,5,1,0
BRDA:23,6,0,0
BRDA:23,6,1,0
BRDA:33,7,0,0
BRDA:33,7,1,0
BRDA:34,8,0,0
BRDA:34,8,1,0
BRDA:34,9,0,0
BRDA:34,9,1,0
BRDA:38,10,0,0
BRDA:38,10,1,0
BRDA:38,11,0,0
BRDA:38,11,1,0
BRDA:48,12,0,0
BRDA:48,12,1,0
BRDA:49,13,0,0
BRDA:49,13,1,0
BRDA:49,14,0,0
BRDA:49,14,1,0
BRDA:53,15,0,0
BRDA:53,15,1,0
BRDA:53,16,0,0
BRDA:53,16,1,0
BRDA:63,17,0,0
BRDA:63,17,1,0
BRDA:64,18,0,0
BRDA:64,18,1,0
BRDA:68,19,0,0
BRDA:68,19,1,0
BRDA:68,20,0,0
BRDA:68,20,1,0
BRF:42
BRH:0
end_of_record
TN:
SF:controllers\projectArtifactController.js
FN:6,(anonymous_0)
FN:20,(anonymous_1)
FNF:2
FNH:0
FNDA:0,(anonymous_0)
FNDA:0,(anonymous_1)
DA:1,4
DA:2,4
DA:3,4
DA:5,4
DA:7,0
DA:8,0
DA:9,0
DA:10,0
DA:11,0
DA:13,0
DA:14,0
DA:16,0
DA:17,0
DA:21,0
DA:22,0
DA:23,0
DA:25,0
DA:26,0
DA:27,0
DA:29,0
DA:30,0
LF:21
LH:4
BRDA:10,0,0,0
BRDA:10,0,1,0
BRDA:10,1,0,0
BRDA:10,1,1,0
BRDA:22,2,0,0
BRDA:22,2,1,0
BRDA:22,3,0,0
BRDA:22,3,1,0
BRF:8
BRH:0
end_of_record
TN:
SF:controllers\projectDefenseRequestController.js
FN:9,(anonymous_0)
FN:16,(anonymous_1)
FN:28,(anonymous_2)
FN:33,(anonymous_3)
FN:49,(anonymous_4)
FN:69,(anonymous_5)
FN:95,(anonymous_6)
FN:122,(anonymous_7)
FN:168,(anonymous_8)
FN:190,(anonymous_9)
FN:201,(anonymous_10)
FNF:11
FNH:0
FNDA:0,(anonymous_0)
FNDA:0,(anonymous_1)
FNDA:0,(anonymous_2)
FNDA:0,(anonymous_3)
FNDA:0,(anonymous_4)
FNDA:0,(anonymous_5)
FNDA:0,(anonymous_6)
FNDA:0,(anonymous_7)
FNDA:0,(anonymous_8)
FNDA:0,(anonymous_9)
FNDA:0,(anonymous_10)
DA:1,4
DA:2,4
DA:3,4
DA:5,4
DA:6,4
DA:7,4
DA:9,4
DA:10,0
DA:11,0
DA:12,0
DA:13,0
DA:16,4
DA:17,0
DA:18,0
DA:19,0
DA:20,0
DA:21,0
DA:22,0
DA:24,0
DA:27,4
DA:29,0
DA:30,0
DA:31,0
DA:32,0
DA:33,0
DA:34,0
DA:35,0
DA:38,0
DA:41,0
DA:43,0
DA:44,0
DA:45,0
DA:50,0
DA:51,0
DA:52,0
DA:54,0
DA:55,0
DA:56,0
DA:58,0
DA:61,0
DA:63,0
DA:64,0
DA:65,0
DA:70,0
DA:71,0
DA:72,0
DA:75,0
DA:76,0
DA:77,0
DA:81,0
DA:87,0
DA:89,0
DA:90,0
DA:91,0
DA:96,0
DA:97,0
DA:98,0
DA:101,0
DA:102,0
DA:103,0
DA:110,0
DA:112,0
DA:117,0
DA:118,0
DA:123,0
DA:124,0
DA:125,0
DA:126,0
DA:129,0
DA:130,0
DA:131,0
DA:134,0
DA:135,0
DA:139,0
DA:140,0
DA:141,0
DA:142,0
DA:143,0
DA:145,0
DA:156,0
DA:162,0
DA:163,0
DA:164,0
DA:169,0
DA:170,0
DA:171,0
DA:172,0
DA:175,0
DA:176,0
DA:177,0
DA:178,0
DA:182,0
DA:184,0
DA:185,0
DA:186,0
DA:191,0
DA:192,0
DA:193,0
DA:196,0
DA:197,0
DA:198,0
DA:202,0
DA:203,0
DA:204,0
DA:205,0
DA:208,0
DA:209,0
DA:210,0
DA:213,0
DA:214,0
DA:218,0
DA:219,0
DA:220,0
DA:222,0
DA:230,0
DA:231,0
DA:232,0
DA:233,0
DA:234,0
DA:236,0
DA:237,0
DA:238,0
LF:122
LH:9
BRDA:10,0,0,0
BRDA:10,0,1,0
BRDA:10,1,0,0
BRDA:10,1,1,0
BRDA:12,2,0,0
BRDA:12,2,1,0
BRDA:13,3,0,0
BRDA:13,3,1,0
BRDA:16,4,0,0
BRDA:17,5,0,0
BRDA:17,5,1,0
BRDA:17,5,2,0
BRDA:17,5,3,0
BRDA:19,6,0,0
BRDA:19,6,1,0
BRDA:19,7,0,0
BRDA:19,7,1,0
BRDA:24,8,0,0
BRDA:24,8,1,0
BRDA:32,9,0,0
BRDA:32,9,1,0
BRDA:34,10,0,0
BRDA:34,10,1,0
BRDA:38,11,0,0
BRDA:38,11,1,0
BRDA:44,12,0,0
BRDA:44,12,1,0
BRDA:45,13,0,0
BRDA:45,13,1,0
BRDA:51,14,0,0
BRDA:51,14,1,0
BRDA:51,15,0,0
BRDA:51,15,1,0
BRDA:55,16,0,0
BRDA:55,16,1,0
BRDA:58,17,0,0
BRDA:58,17,1,0
BRDA:64,18,0,0
BRDA:64,18,1,0
BRDA:71,19,0,0
BRDA:71,19,1,0
BRDA:71,20,0,0
BRDA:71,20,1,0
BRDA:77,21,0,0
BRDA:77,21,1,0
BRDA:79,22,0,0
BRDA:79,22,1,0
BRDA:79,23,0,0
BRDA:79,23,1,0
BRDA:90,24,0,0
BRDA:90,24,1,0
BRDA:91,25,0,0
BRDA:91,25,1,0
BRDA:97,26,0,0
BRDA:97,26,1,0
BRDA:97,27,0,0
BRDA:97,27,1,0
BRDA:101,28,0,0
BRDA:101,28,1,0
BRDA:117,29,0,0
BRDA:117,29,1,0
BRDA:118,30,0,0
BRDA:118,30,1,0
BRDA:125,31,0,0
BRDA:125,31,1,0
BRDA:125,31,2,0
BRDA:126,32,0,0
BRDA:126,32,1,0
BRDA:127,33,0,0
BRDA:127,33,1,0
BRDA:129,34,0,0
BRDA:129,34,1,0
BRDA:130,35,0,0
BRDA:130,35,1,0
BRDA:130,36,0,0
BRDA:130,36,1,0
BRDA:135,37,0,0
BRDA:135,37,1,0
BRDA:137,38,0,0
BRDA:137,38,1,0
BRDA:137,39,0,0
BRDA:137,39,1,0
BRDA:139,40,0,0
BRDA:139,40,1,0
BRDA:140,41,0,0
BRDA:140,41,1,0
BRDA:141,42,0,0
BRDA:141,42,1,0
BRDA:142,43,0,0
BRDA:142,43,1,0
BRDA:143,44,0,0
BRDA:143,44,1,0
BRDA:158,45,0,0
BRDA:158,45,1,0
BRDA:159,46,0,0
BRDA:159,46,1,0
BRDA:159,47,0,0
BRDA:159,47,1,0
BRDA:159,48,0,0
BRDA:159,48,1,0
BRDA:163,49,0,0
BRDA:163,49,1,0
BRDA:164,50,0,0
BRDA:164,50,1,0
BRDA:170,51,0,0
BRDA:170,51,1,0
BRDA:170,51,2,0
BRDA:171,52,0,0
BRDA:171,52,1,0
BRDA:175,53,0,0
BRDA:175,53,1,0
BRDA:178,54,0,0
BRDA:178,54,1,0
BRDA:185,55,0,0
BRDA:185,55,1,0
BRDA:186,56,0,0
BRDA:186,56,1,0
BRDA:191,57,0,0
BRDA:191,57,1,0
BRDA:191,57,2,0
BRDA:192,58,0,0
BRDA:192,58,1,0
BRDA:203,59,0,0
BRDA:203,59,1,0
BRDA:203,59,2,0
BRDA:205,60,0,0
BRDA:205,60,1,0
BRDA:206,61,0,0
BRDA:206,61,1,0
BRDA:208,62,0,0
BRDA:208,62,1,0
BRDA:209,63,0,0
BRDA:209,63,1,0
BRDA:209,64,0,0
BRDA:209,64,1,0
BRDA:214,65,0,0
BRDA:214,65,1,0
BRDA:216,66,0,0
BRDA:216,66,1,0
BRDA:216,67,0,0
BRDA:216,67,1,0
BRDA:218,68,0,0
BRDA:218,68,1,0
BRDA:219,69,0,0
BRDA:219,69,1,0
BRDA:220,70,0,0
BRDA:220,70,1,0
BRDA:230,71,0,0
BRDA:230,71,1,0
BRDA:233,72,0,0
BRDA:233,72,1,0
BRDA:237,73,0,0
BRDA:237,73,1,0
BRDA:238,74,0,0
BRDA:238,74,1,0
BRF:155
BRH:0
end_of_record
TN:
SF:controllers\projectDocumentController.js
FN:6,(anonymous_0)
FN:19,(anonymous_1)
FN:32,(anonymous_2)
FN:37,(anonymous_3)
FN:47,(anonymous_4)
FN:60,(anonymous_5)
FN:75,(anonymous_6)
FN:88,(anonymous_7)
FNF:8
FNH:0
FNDA:0,(anonymous_0)
FNDA:0,(anonymous_1)
FNDA:0,(anonymous_2)
FNDA:0,(anonymous_3)
FNDA:0,(anonymous_4)
FNDA:0,(anonymous_5)
FNDA:0,(anonymous_6)
FNDA:0,(anonymous_7)
DA:1,4
DA:2,4
DA:5,4
DA:7,0
DA:8,0
DA:9,0
DA:11,0
DA:12,0
DA:14,0
DA:15,0
DA:20,0
DA:21,0
DA:22,0
DA:24,0
DA:25,0
DA:27,0
DA:28,0
DA:33,0
DA:34,0
DA:36,0
DA:37,0
DA:38,0
DA:40,0
DA:42,0
DA:43,0
DA:48,0
DA:49,0
DA:50,0
DA:52,0
DA:53,0
DA:55,0
DA:56,0
DA:61,0
DA:62,0
DA:63,0
DA:65,0
DA:66,0
DA:67,0
DA:68,0
DA:70,0
DA:71,0
DA:76,0
DA:77,0
DA:78,0
DA:80,0
DA:81,0
DA:83,0
DA:84,0
DA:89,0
DA:90,0
DA:91,0
DA:93,0
DA:94,0
DA:96,0
DA:97,0
LF:55
LH:3
BRDA:8,0,0,0
BRDA:8,0,1,0
BRDA:8,1,0,0
BRDA:8,1,1,0
BRDA:11,2,0,0
BRDA:11,2,1,0
BRDA:21,3,0,0
BRDA:21,3,1,0
BRDA:21,4,0,0
BRDA:21,4,1,0
BRDA:36,5,0,0
BRDA:36,5,1,0
BRDA:38,6,0,0
BRDA:38,6,1,0
BRDA:49,7,0,0
BRDA:49,7,1,0
BRDA:49,8,0,0
BRDA:49,8,1,0
BRDA:52,9,0,0
BRDA:52,9,1,0
BRDA:62,10,0,0
BRDA:62,10,1,0
BRDA:62,11,0,0
BRDA:62,11,1,0
BRDA:65,12,0,0
BRDA:65,12,1,0
BRDA:66,13,0,0
BRDA:66,13,1,0
BRDA:77,14,0,0
BRDA:77,14,1,0
BRDA:77,15,0,0
BRDA:77,15,1,0
BRDA:90,16,0,0
BRDA:90,16,1,0
BRF:34
BRH:0
end_of_record
TN:
SF:controllers\projectExamResultController.js
FN:13,(anonymous_0)
FN:51,(anonymous_1)
FN:85,(anonymous_2)
FN:132,(anonymous_3)
FN:203,(anonymous_4)
FN:236,(anonymous_5)
FN:274,(anonymous_6)
FNF:7
FNH:0
FNDA:0,(anonymous_0)
FNDA:0,(anonymous_1)
FNDA:0,(anonymous_2)
FNDA:0,(anonymous_3)
FNDA:0,(anonymous_4)
FNDA:0,(anonymous_5)
FNDA:0,(anonymous_6)
DA:1,4
DA:2,4
DA:14,0
DA:15,0
DA:17,0
DA:27,0
DA:28,0
DA:30,0
DA:38,0
DA:39,0
DA:52,0
DA:53,0
DA:55,0
DA:65,0
DA:66,0
DA:68,0
DA:76,0
DA:77,0
DA:86,0
DA:87,0
DA:88,0
DA:90,0
DA:94,0
DA:100,0
DA:106,0
DA:112,0
DA:114,0
DA:115,0
DA:121,0
DA:133,0
DA:134,0
DA:135,0
DA:136,0
DA:138,0
DA:142,0
DA:149,0
DA:150,0
DA:156,0
DA:157,0
DA:163,0
DA:164,0
DA:170,0
DA:178,0
DA:184,0
DA:190,0
DA:191,0
DA:204,0
DA:205,0
DA:206,0
DA:208,0
DA:210,0
DA:211,0
DA:217,0
DA:223,0
DA:224,0
DA:237,0
DA:238,0
DA:239,0
DA:240,0
DA:242,0
DA:243,0
DA:249,0
DA:255,0
DA:261,0
DA:262,0
DA:275,0
DA:276,0
DA:278,0
DA:284,0
DA:290,0
DA:291,0
DA:300,4
LF:72
LH:3
BRDA:27,0,0,0
BRDA:27,0,1,0
BRDA:28,1,0,0
BRDA:28,1,1,0
BRDA:28,2,0,0
BRDA:28,2,1,0
BRDA:34,3,0,0
BRDA:34,3,1,0
BRDA:65,4,0,0
BRDA:65,4,1,0
BRDA:66,5,0,0
BRDA:66,5,1,0
BRDA:66,6,0,0
BRDA:66,6,1,0
BRDA:72,7,0,0
BRDA:72,7,1,0
BRDA:87,8,0,0
BRDA:87,8,1,0
BRDA:88,9,0,0
BRDA:88,9,1,0
BRDA:90,10,0,0
BRDA:90,10,1,0
BRDA:91,11,0,0
BRDA:91,11,1,0
BRDA:91,11,2,0
BRDA:114,12,0,0
BRDA:114,12,1,0
BRDA:123,13,0,0
BRDA:123,13,1,0
BRDA:134,14,0,0
BRDA:134,14,1,0
BRDA:138,15,0,0
BRDA:138,15,1,0
BRDA:139,16,0,0
BRDA:139,16,1,0
BRDA:139,16,2,0
BRDA:149,17,0,0
BRDA:149,17,1,0
BRDA:149,18,0,0
BRDA:149,18,1,0
BRDA:156,19,0,0
BRDA:156,19,1,0
BRDA:163,20,0,0
BRDA:163,20,1,0
BRDA:175,21,0,0
BRDA:175,21,1,0
BRDA:193,22,0,0
BRDA:193,22,1,0
BRDA:205,23,0,0
BRDA:205,23,1,0
BRDA:206,24,0,0
BRDA:210,25,0,0
BRDA:210,25,1,0
BRDA:238,26,0,0
BRDA:238,26,1,0
BRDA:239,27,0,0
BRDA:242,28,0,0
BRDA:242,28,1,0
BRDA:264,29,0,0
BRDA:264,29,1,0
BRDA:276,30,0,0
BRF:61
BRH:0
end_of_record
TN:
SF:controllers\projectManagementController.js
FN:13,(anonymous_0)
FN:77,(anonymous_1)
FN:120,(anonymous_2)
FN:163,(anonymous_3)
FN:222,(anonymous_4)
FN:265,(anonymous_5)
FN:291,(anonymous_6)
FN:324,(anonymous_7)
FNF:8
FNH:0
FNDA:0,(anonymous_0)
FNDA:0,(anonymous_1)
FNDA:0,(anonymous_2)
FNDA:0,(anonymous_3)
FNDA:0,(anonymous_4)
FNDA:0,(anonymous_5)
FNDA:0,(anonymous_6)
FNDA:0,(anonymous_7)
DA:1,6
DA:2,6
DA:14,0
DA:24,0
DA:27,0
DA:28,0
DA:34,0
DA:45,0
DA:50,0
DA:57,0
DA:60,0
DA:66,0
DA:78,0
DA:85,0
DA:87,0
DA:95,0
DA:97,0
DA:104,0
DA:109,0
DA:121,0
DA:122,0
DA:124,0
DA:125,0
DA:131,0
DA:133,0
DA:140,0
DA:145,0
DA:146,0
DA:152,0
DA:164,0
DA:165,0
DA:166,0
DA:168,0
DA:169,0
DA:176,0
DA:177,0
DA:179,0
DA:180,0
DA:183,0
DA:189,0
DA:194,0
DA:197,0
DA:204,0
DA:205,0
DA:211,0
DA:223,0
DA:224,0
DA:226,0
DA:227,0
DA:233,0
DA:235,0
DA:236,0
DA:242,0
DA:249,0
DA:254,0
DA:266,0
DA:267,0
DA:269,0
DA:276,0
DA:280,0
DA:292,0
DA:294,0
DA:302,0
DA:309,0
DA:313,0
DA:325,0
DA:326,0
DA:327,0
DA:329,0
DA:330,0
DA:336,0
DA:342,0
DA:348,0
DA:355,0
DA:361,0
DA:364,0
DA:370,0
DA:378,6
LF:78
LH:3
BRDA:27,0,0,0
BRDA:27,0,1,0
BRDA:40,1,0,0
BRDA:40,1,1,0
BRDA:41,2,0,0
BRDA:41,2,1,0
BRDA:42,3,0,0
BRDA:42,3,1,0
BRDA:68,4,0,0
BRDA:68,4,1,0
BRDA:83,5,0,0
BRDA:84,6,0,0
BRDA:90,7,0,0
BRDA:90,7,1,0
BRDA:124,8,0,0
BRDA:124,8,1,0
BRDA:124,9,0,0
BRDA:124,9,1,0
BRDA:145,10,0,0
BRDA:145,10,1,0
BRDA:168,11,0,0
BRDA:168,11,1,0
BRDA:168,12,0,0
BRDA:168,12,1,0
BRDA:176,13,0,0
BRDA:176,13,1,0
BRDA:179,14,0,0
BRDA:179,14,1,0
BRDA:204,15,0,0
BRDA:204,15,1,0
BRDA:213,16,0,0
BRDA:213,16,1,0
BRDA:226,17,0,0
BRDA:226,17,1,0
BRDA:235,18,0,0
BRDA:235,18,1,0
BRDA:329,19,0,0
BRDA:329,19,1,0
BRDA:329,20,0,0
BRDA:329,20,1,0
BRDA:361,21,0,0
BRDA:361,21,1,0
BRDA:361,22,0,0
BRDA:361,22,1,0
BRDA:361,22,2,0
BRDA:372,23,0,0
BRDA:372,23,1,0
BRF:47
BRH:0
end_of_record
TN:
SF:controllers\projectMembersController.js
FN:4,(anonymous_0)
FN:6,(anonymous_1)
FN:14,(anonymous_2)
FN:51,(anonymous_3)
FNF:4
FNH:0
FNDA:0,(anonymous_0)
FNDA:0,(anonymous_1)
FNDA:0,(anonymous_2)
FNDA:0,(anonymous_3)
DA:1,4
DA:2,4
DA:4,4
DA:5,0
DA:6,0
DA:7,0
DA:8,0
DA:9,0
DA:11,0
DA:12,0
DA:14,0
DA:17,0
DA:20,0
DA:21,0
DA:22,0
DA:23,0
DA:25,0
DA:26,0
DA:28,0
DA:37,0
DA:43,0
DA:44,0
DA:51,4
DA:52,0
DA:53,0
DA:55,0
DA:61,0
DA:62,0
LF:28
LH:4
BRDA:7,0,0,0
BRDA:7,0,1,0
BRDA:8,1,0,0
BRDA:8,1,1,0
BRDA:11,2,0,0
BRDA:11,2,1,0
BRDA:22,3,0,0
BRDA:22,3,1,0
BRDA:22,3,2,0
BRDA:46,4,0,0
BRDA:46,4,1,0
BRDA:57,5,0,0
BRDA:57,5,1,0
BRDA:64,6,0,0
BRDA:64,6,1,0
BRF:15
BRH:0
end_of_record
TN:
SF:controllers\projectMilestoneController.js
FN:6,(anonymous_0)
FN:22,(anonymous_1)
FNF:2
FNH:0
FNDA:0,(anonymous_0)
FNDA:0,(anonymous_1)
DA:1,4
DA:2,4
DA:3,4
DA:5,4
DA:7,0
DA:8,0
DA:9,0
DA:12,0
DA:13,0
DA:15,0
DA:16,0
DA:18,0
DA:19,0
DA:23,0
DA:24,0
DA:25,0
DA:27,0
DA:28,0
DA:29,0
DA:31,0
DA:32,0
LF:21
LH:4
BRDA:9,0,0,0
BRDA:9,0,1,0
BRDA:12,1,0,0
BRDA:12,1,1,0
BRDA:24,2,0,0
BRDA:24,2,1,0
BRDA:24,3,0,0
BRDA:24,3,1,0
BRDA:28,4,0,0
BRDA:28,4,1,0
BRF:10
BRH:0
end_of_record
TN:
SF:controllers\projectReportController.js
FN:33,(anonymous_0)
FN:77,(anonymous_1)
FN:121,(anonymous_2)
FN:180,(anonymous_3)
FN:233,(anonymous_4)
FNF:5
FNH:0
FNDA:0,(anonymous_0)
FNDA:0,(anonymous_1)
FNDA:0,(anonymous_2)
FNDA:0,(anonymous_3)
FNDA:0,(anonymous_4)
DA:1,6
DA:2,6
DA:34,0
DA:35,0
DA:37,0
DA:42,0
DA:47,0
DA:48,0
DA:78,0
DA:79,0
DA:81,0
DA:86,0
DA:91,0
DA:92,0
DA:122,0
DA:123,0
DA:125,0
DA:130,0
DA:135,0
DA:136,0
DA:181,0
DA:182,0
DA:184,0
DA:192,0
DA:203,0
DA:204,0
DA:234,0
DA:235,0
DA:237,0
DA:242,0
DA:247,0
DA:248,0
DA:257,6
LF:33
LH:3
BRDA:38,0,0,0
BRDA:38,0,1,0
BRDA:39,1,0,0
BRDA:39,1,1,0
BRDA:82,2,0,0
BRDA:82,2,1,0
BRDA:83,3,0,0
BRDA:83,3,1,0
BRDA:126,4,0,0
BRDA:126,4,1,0
BRDA:127,5,0,0
BRDA:127,5,1,0
BRDA:186,6,0,0
BRDA:186,6,1,0
BRDA:187,7,0,0
BRDA:187,7,1,0
BRDA:188,8,0,0
BRDA:188,8,1,0
BRDA:189,9,0,0
BRDA:189,9,1,0
BRDA:238,10,0,0
BRDA:238,10,1,0
BRDA:239,11,0,0
BRDA:239,11,1,0
BRF:24
BRH:0
end_of_record
TN:
SF:controllers\projectSystemTestController.js
FN:4,(anonymous_0)
FN:6,(anonymous_1)
FN:7,(anonymous_2)
FN:14,(anonymous_3)
FN:19,(anonymous_4)
FN:32,(anonymous_5)
FN:41,(anonymous_6)
FN:50,(anonymous_7)
FN:56,(anonymous_8)
FN:63,(anonymous_9)
FNF:10
FNH:0
FNDA:0,(anonymous_0)
FNDA:0,(anonymous_1)
FNDA:0,(anonymous_2)
FNDA:0,(anonymous_3)
FNDA:0,(anonymous_4)
FNDA:0,(anonymous_5)
FNDA:0,(anonymous_6)
FNDA:0,(anonymous_7)
FNDA:0,(anonymous_8)
FNDA:0,(anonymous_9)
DA:1,4
DA:2,4
DA:4,4
DA:5,0
DA:6,0
DA:8,0
DA:9,0
DA:13,4
DA:15,0
DA:16,0
DA:20,0
DA:21,0
DA:28,0
DA:29,0
DA:33,0
DA:34,0
DA:38,0
DA:42,0
DA:43,0
DA:47,0
DA:51,0
DA:52,0
DA:53,0
DA:57,0
DA:58,0
DA:60,0
DA:64,0
DA:65,0
DA:66,0
DA:67,0
DA:69,0
DA:71,0
DA:81,0
DA:82,0
DA:84,0
DA:90,0
DA:91,0
LF:37
LH:4
BRDA:9,0,0,0
BRDA:9,0,1,0
BRDA:28,1,0,0
BRDA:28,1,1,0
BRDA:52,2,0,0
BRDA:52,2,1,0
BRDA:57,3,0,0
BRDA:57,3,1,0
BRDA:57,4,0,0
BRDA:57,4,1,0
BRDA:65,5,0,0
BRDA:65,5,1,0
BRDA:65,5,2,0
BRDA:65,5,3,0
BRDA:66,6,0,0
BRDA:66,6,1,0
BRDA:81,7,0,0
BRDA:81,7,1,0
BRDA:82,8,0,0
BRDA:82,8,1,0
BRDA:82,9,0,0
BRDA:82,9,1,0
BRDA:91,10,0,0
BRDA:91,10,1,0
BRF:24
BRH:0
end_of_record
TN:
SF:controllers\projectTracksController.js
FN:13,(anonymous_0)
FN:22,(anonymous_1)
FN:27,(anonymous_2)
FN:35,(anonymous_3)
FN:53,(anonymous_4)
FN:57,(anonymous_5)
FN:60,(anonymous_6)
FNF:7
FNH:0
FNDA:0,(anonymous_0)
FNDA:0,(anonymous_1)
FNDA:0,(anonymous_2)
FNDA:0,(anonymous_3)
FNDA:0,(anonymous_4)
FNDA:0,(anonymous_5)
FNDA:0,(anonymous_6)
DA:1,4
DA:2,4
DA:4,4
DA:12,4
DA:14,0
DA:15,0
DA:16,0
DA:17,0
DA:20,0
DA:21,0
DA:22,0
DA:23,0
DA:27,0
DA:28,0
DA:30,0
DA:31,0
DA:36,0
DA:37,0
DA:38,0
DA:39,0
DA:41,0
DA:42,0
DA:45,0
DA:46,0
DA:47,0
DA:48,0
DA:49,0
DA:52,0
DA:53,0
DA:55,0
DA:56,0
DA:57,0
DA:60,0
DA:61,0
DA:63,0
DA:64,0
LF:36
LH:4
BRDA:17,0,0,0
BRDA:17,0,1,0
BRDA:20,1,0,0
BRDA:20,1,1,0
BRDA:22,2,0,0
BRDA:22,2,1,0
BRDA:27,3,0,0
BRDA:27,3,1,0
BRDA:27,4,0,0
BRDA:27,4,1,0
BRDA:38,5,0,0
BRDA:38,5,1,0
BRDA:39,6,0,0
BRDA:39,6,1,0
BRDA:42,7,0,0
BRDA:42,7,1,0
BRDA:45,8,0,0
BRDA:45,8,1,0
BRDA:45,9,0,0
BRDA:45,9,1,0
BRDA:47,10,0,0
BRDA:47,10,1,0
BRDA:47,11,0,0
BRDA:47,11,1,0
BRDA:48,12,0,0
BRDA:48,12,1,0
BRDA:56,13,0,0
BRDA:56,13,1,0
BRF:28
BRH:0
end_of_record
TN:
SF:controllers\projectWorkflowStateController.js
FN:31,(anonymous_0)
FN:72,(anonymous_1)
FN:150,(anonymous_2)
FN:262,(anonymous_3)
FN:307,(anonymous_4)
FN:371,(anonymous_5)
FNF:6
FNH:0
FNDA:0,(anonymous_0)
FNDA:0,(anonymous_1)
FNDA:0,(anonymous_2)
FNDA:0,(anonymous_3)
FNDA:0,(anonymous_4)
FNDA:0,(anonymous_5)
DA:1,6
DA:2,6
DA:32,0
DA:33,0
DA:35,0
DA:40,0
DA:45,0
DA:46,0
DA:73,0
DA:74,0
DA:77,0
DA:78,0
DA:83,0
DA:90,0
DA:91,0
DA:92,0
DA:98,0
DA:105,0
DA:109,0
DA:110,0
DA:116,0
DA:121,0
DA:122,0
DA:151,0
DA:152,0
DA:155,0
DA:164,0
DA:165,0
DA:172,0
DA:180,0
DA:181,0
DA:182,0
DA:190,0
DA:197,0
DA:198,0
DA:199,0
DA:208,0
DA:215,0
DA:217,0
DA:218,0
DA:224,0
DA:229,0
DA:230,0
DA:263,0
DA:264,0
DA:266,0
DA:272,0
DA:277,0
DA:278,0
DA:308,0
DA:309,0
DA:311,0
DA:316,0
DA:321,0
DA:322,0
DA:372,0
DA:381,0
DA:383,0
DA:393,0
DA:404,0
DA:405,0
DA:414,6
LF:62
LH:3
BRDA:36,0,0,0
BRDA:36,0,1,0
BRDA:37,1,0,0
BRDA:37,1,1,0
BRDA:74,2,0,0
BRDA:74,2,1,0
BRDA:77,3,0,0
BRDA:77,3,1,0
BRDA:77,4,0,0
BRDA:77,4,1,0
BRDA:77,4,2,0
BRDA:91,5,0,0
BRDA:91,5,1,0
BRDA:91,6,0,0
BRDA:91,6,1,0
BRDA:109,7,0,0
BRDA:109,7,1,0
BRDA:152,8,0,0
BRDA:152,8,1,0
BRDA:164,9,0,0
BRDA:164,9,1,0
BRDA:164,10,0,0
BRDA:164,10,1,0
BRDA:164,10,2,0
BRDA:181,11,0,0
BRDA:181,11,1,0
BRDA:181,12,0,0
BRDA:181,12,1,0
BRDA:181,12,2,0
BRDA:181,12,3,0
BRDA:198,13,0,0
BRDA:198,13,1,0
BRDA:198,14,0,0
BRDA:198,14,1,0
BRDA:217,15,0,0
BRDA:217,15,1,0
BRDA:267,16,0,0
BRDA:267,16,1,0
BRDA:268,17,0,0
BRDA:268,17,1,0
BRDA:269,18,0,0
BRDA:269,18,1,0
BRDA:312,19,0,0
BRDA:312,19,1,0
BRDA:313,20,0,0
BRDA:313,20,1,0
BRDA:385,21,0,0
BRDA:385,21,1,0
BRDA:386,22,0,0
BRDA:386,22,1,0
BRDA:387,23,0,0
BRDA:387,23,1,0
BRDA:388,24,0,0
BRDA:388,24,1,0
BRDA:389,25,0,0
BRDA:389,25,1,0
BRDA:390,26,0,0
BRDA:390,26,1,0
BRF:58
BRH:0
end_of_record
TN:
SF:controllers\promotionController.js
FN:7,(anonymous_0)
FNF:1
FNH:0
FNDA:0,(anonymous_0)
DA:1,0
DA:2,0
DA:7,0
DA:8,0
DA:9,0
DA:10,0
DA:15,0
DA:17,0
DA:23,0
DA:30,0
DA:37,0
LF:11
LH:0
BRDA:9,0,0,0
BRDA:9,0,1,0
BRF:2
BRH:0
end_of_record
TN:
SF:controllers\reportController.js
FN:5,(anonymous_0)
FN:14,(anonymous_1)
FN:23,(anonymous_2)
FN:32,(anonymous_3)
FN:42,(anonymous_4)
FN:52,(anonymous_5)
FN:62,(anonymous_6)
FN:125,(anonymous_7)
FN:131,(anonymous_8)
FN:136,(anonymous_9)
FN:144,(anonymous_10)
FN:145,(anonymous_11)
FN:154,(anonymous_12)
FN:163,(anonymous_13)
FN:173,(anonymous_14)
FN:178,(anonymous_15)
FN:180,(anonymous_16)
FN:196,(anonymous_17)
FNF:18
FNH:0
FNDA:0,(anonymous_0)
FNDA:0,(anonymous_1)
FNDA:0,(anonymous_2)
FNDA:0,(anonymous_3)
FNDA:0,(anonymous_4)
FNDA:0,(anonymous_5)
FNDA:0,(anonymous_6)
FNDA:0,(anonymous_7)
FNDA:0,(anonymous_8)
FNDA:0,(anonymous_9)
FNDA:0,(anonymous_10)
FNDA:0,(anonymous_11)
FNDA:0,(anonymous_12)
FNDA:0,(anonymous_13)
FNDA:0,(anonymous_14)
FNDA:0,(anonymous_15)
FNDA:0,(anonymous_16)
FNDA:0,(anonymous_17)
DA:3,4
DA:5,4
DA:6,0
DA:7,0
DA:8,0
DA:10,0
DA:14,4
DA:15,0
DA:16,0
DA:17,0
DA:19,0
DA:23,4
DA:24,0
DA:25,0
DA:26,0
DA:28,0
DA:32,4
DA:33,0
DA:34,0
DA:35,0
DA:37,0
DA:42,4
DA:43,0
DA:44,0
DA:45,0
DA:47,0
DA:52,4
DA:53,0
DA:54,0
DA:55,0
DA:57,0
DA:62,4
DA:63,0
DA:64,0
DA:65,0
DA:68,0
DA:69,0
DA:77,0
DA:78,0
DA:82,0
DA:93,0
DA:116,0
DA:125,0
DA:131,0
DA:136,0
DA:144,0
DA:145,0
DA:150,0
DA:154,4
DA:155,0
DA:156,0
DA:157,0
DA:159,0
DA:163,4
DA:164,0
DA:165,0
DA:166,0
DA:168,0
DA:173,4
DA:174,0
DA:175,0
DA:178,0
DA:179,0
DA:180,0
DA:181,0
DA:182,0
DA:183,0
DA:184,0
DA:185,0
DA:186,0
DA:188,0
DA:196,0
DA:206,0
DA:207,0
LF:74
LH:11
BRDA:77,0,0,0
BRDA:77,0,1,0
BRDA:122,1,0,0
BRDA:122,1,1,0
BRDA:135,2,0,0
BRDA:135,2,1,0
BRDA:136,3,0,0
BRDA:136,3,1,0
BRDA:138,4,0,0
BRDA:138,4,1,0
BRDA:179,5,0,0
BRDA:179,5,1,0
BRDA:181,6,0,0
BRDA:181,6,1,0
BRDA:181,7,0,0
BRDA:181,7,1,0
BRDA:183,8,0,0
BRDA:183,8,1,0
BRDA:186,9,0,0
BRDA:186,9,1,0
BRDA:186,10,0,0
BRDA:186,10,1,0
BRDA:203,11,0,0
BRDA:203,11,1,0
BRDA:204,12,0,0
BRDA:204,12,1,0
BRF:26
BRH:0
end_of_record
TN:
SF:controllers\studentController.js
FN:5,(anonymous_0)
FN:34,(anonymous_1)
FN:72,(anonymous_2)
FN:117,(anonymous_3)
FN:181,(anonymous_4)
FN:210,(anonymous_5)
FN:264,(anonymous_6)
FN:277,(anonymous_7)
FN:291,(anonymous_8)
FNF:9
FNH:0
FNDA:0,(anonymous_0)
FNDA:0,(anonymous_1)
FNDA:0,(anonymous_2)
FNDA:0,(anonymous_3)
FNDA:0,(anonymous_4)
FNDA:0,(anonymous_5)
FNDA:0,(anonymous_6)
FNDA:0,(anonymous_7)
FNDA:0,(anonymous_8)
DA:1,7
DA:2,7
DA:5,7
DA:6,0
DA:8,0
DA:15,0
DA:17,0
DA:29,0
DA:30,0
DA:34,7
DA:35,0
DA:36,0
DA:40,0
DA:41,0
DA:42,0
DA:48,0
DA:50,0
DA:55,0
DA:57,0
DA:58,0
DA:64,0
DA:72,7
DA:73,0
DA:74,0
DA:75,0
DA:77,0
DA:84,0
DA:90,0
DA:92,0
DA:93,0
DA:99,0
DA:103,0
DA:109,0
DA:117,7
DA:118,0
DA:119,0
DA:120,0
DA:123,0
DA:125,0
DA:126,0
DA:133,0
DA:136,0
DA:138,0
DA:139,0
DA:144,0
DA:146,0
DA:153,0
DA:158,0
DA:164,0
DA:166,0
DA:167,0
DA:173,0
DA:181,7
DA:182,0
DA:183,0
DA:185,0
DA:187,0
DA:193,0
DA:195,0
DA:196,0
DA:202,0
DA:210,7
DA:211,0
DA:219,0
DA:221,0
DA:230,0
DA:236,0
DA:238,0
DA:239,0
DA:246,0
DA:247,0
DA:253,0
DA:254,0
DA:260,0
DA:261,0
DA:264,0
DA:268,0
DA:277,7
DA:278,0
DA:279,0
DA:280,0
DA:282,0
DA:283,0
DA:291,7
DA:292,0
DA:293,0
DA:295,0
DA:296,0
DA:297,0
DA:304,0
DA:306,0
DA:312,0
DA:314,0
DA:315,0
DA:322,0
LF:95
LH:10
BRDA:21,0,0,0
BRDA:21,0,1,0
BRDA:22,1,0,0
BRDA:22,1,1,0
BRDA:23,2,0,0
BRDA:23,2,1,0
BRDA:24,3,0,0
BRDA:24,3,1,0
BRDA:40,4,0,0
BRDA:40,4,1,0
BRDA:57,5,0,0
BRDA:57,5,1,0
BRDA:92,6,0,0
BRDA:92,6,1,0
BRDA:99,7,0,0
BRDA:99,7,1,0
BRDA:100,8,0,0
BRDA:100,8,1,0
BRDA:112,9,0,0
BRDA:112,9,1,0
BRDA:125,10,0,0
BRDA:125,10,1,0
BRDA:136,11,0,0
BRDA:136,11,1,0
BRDA:138,12,0,0
BRDA:138,12,1,0
BRDA:144,13,0,0
BRDA:144,13,1,0
BRDA:144,14,0,0
BRDA:144,14,1,0
BRDA:166,15,0,0
BRDA:166,15,1,0
BRDA:176,16,0,0
BRDA:176,16,1,0
BRDA:195,17,0,0
BRDA:195,17,1,0
BRDA:205,18,0,0
BRDA:205,18,1,0
BRDA:216,19,0,0
BRDA:217,20,0,0
BRDA:238,21,0,0
BRDA:238,21,1,0
BRDA:246,22,0,0
BRDA:246,22,1,0
BRDA:253,23,0,0
BRDA:253,23,1,0
BRDA:260,24,0,0
BRDA:260,24,1,0
BRDA:271,25,0,0
BRDA:271,25,1,0
BRDA:296,26,0,0
BRDA:296,26,1,0
BRDA:314,27,0,0
BRDA:314,27,1,0
BRF:54
BRH:0
end_of_record
TN:
SF:controllers\studentProjectController.js
FN:13,(anonymous_0)
FN:51,(anonymous_1)
FN:65,(anonymous_2)
FN:110,(anonymous_3)
FN:166,(anonymous_4)
FN:221,(anonymous_5)
FNF:6
FNH:0
FNDA:0,(anonymous_0)
FNDA:0,(anonymous_1)
FNDA:0,(anonymous_2)
FNDA:0,(anonymous_3)
FNDA:0,(anonymous_4)
FNDA:0,(anonymous_5)
DA:1,5
DA:2,5
DA:14,0
DA:15,0
DA:16,0
DA:22,0
DA:24,0
DA:29,0
DA:35,0
DA:40,0
DA:52,0
DA:53,0
DA:55,0
DA:56,0
DA:62,0
DA:65,0
DA:66,0
DA:67,0
DA:75,0
DA:76,0
DA:82,0
DA:87,0
DA:93,0
DA:99,0
DA:111,0
DA:112,0
DA:113,0
DA:115,0
DA:116,0
DA:123,0
DA:124,0
DA:130,0
DA:136,0
DA:142,0
DA:149,0
DA:155,0
DA:167,0
DA:168,0
DA:169,0
DA:171,0
DA:172,0
DA:178,0
DA:179,0
DA:185,0
DA:191,0
DA:197,0
DA:204,0
DA:210,0
DA:222,0
DA:223,0
DA:225,0
DA:226,0
DA:232,0
DA:237,0
DA:242,0
DA:249,0
DA:255,0
DA:263,5
LF:58
LH:3
BRDA:15,0,0,0
BRDA:15,0,1,0
BRDA:15,1,0,0
BRDA:15,1,1,0
BRDA:55,2,0,0
BRDA:55,2,1,0
BRDA:55,3,0,0
BRDA:55,3,1,0
BRDA:66,4,0,0
BRDA:66,4,1,0
BRDA:75,5,0,0
BRDA:75,5,1,0
BRDA:115,6,0,0
BRDA:115,6,1,0
BRDA:115,7,0,0
BRDA:115,7,1,0
BRDA:123,8,0,0
BRDA:123,8,1,0
BRDA:123,9,0,0
BRDA:123,9,1,0
BRDA:171,10,0,0
BRDA:171,10,1,0
BRDA:171,11,0,0
BRDA:171,11,1,0
BRDA:178,12,0,0
BRDA:178,12,1,0
BRDA:225,13,0,0
BRDA:225,13,1,0
BRDA:225,14,0,0
BRDA:225,14,1,0
BRF:30
BRH:0
end_of_record
TN:
SF:controllers\teacherController.js
FN:7,(anonymous_0)
FN:11,(anonymous_1)
FN:26,(anonymous_2)
FN:41,(anonymous_3)
FN:80,(anonymous_4)
FN:93,(anonymous_5)
FN:118,(anonymous_6)
FN:181,(anonymous_7)
FN:227,(anonymous_8)
FN:257,(anonymous_9)
FN:288,(anonymous_10)
FN:303,(anonymous_11)
FN:319,(anonymous_12)
FN:339,(anonymous_13)
FN:361,(anonymous_14)
FN:381,(anonymous_15)
FNF:16
FNH:1
FNDA:0,(anonymous_0)
FNDA:0,(anonymous_1)
FNDA:0,(anonymous_2)
FNDA:0,(anonymous_3)
FNDA:0,(anonymous_4)
FNDA:0,(anonymous_5)
FNDA:0,(anonymous_6)
FNDA:0,(anonymous_7)
FNDA:0,(anonymous_8)
FNDA:0,(anonymous_9)
FNDA:2,(anonymous_10)
FNDA:0,(anonymous_11)
FNDA:0,(anonymous_12)
FNDA:0,(anonymous_13)
FNDA:0,(anonymous_14)
FNDA:0,(anonymous_15)
DA:1,6
DA:2,6
DA:3,6
DA:7,6
DA:8,0
DA:10,0
DA:11,0
DA:19,0
DA:21,0
DA:22,0
DA:26,6
DA:27,0
DA:28,0
DA:30,0
DA:36,0
DA:37,0
DA:41,6
DA:42,0
DA:43,0
DA:45,0
DA:46,0
DA:47,0
DA:51,0
DA:52,0
DA:53,0
DA:56,0
DA:58,0
DA:63,0
DA:65,0
DA:66,0
DA:72,0
DA:80,6
DA:81,0
DA:82,0
DA:83,0
DA:85,0
DA:86,0
DA:87,0
DA:89,0
DA:93,6
DA:94,0
DA:95,0
DA:97,0
DA:102,0
DA:104,0
DA:105,0
DA:111,0
DA:118,6
DA:119,0
DA:129,0
DA:131,0
DA:132,0
DA:139,0
DA:150,0
DA:157,0
DA:159,0
DA:160,0
DA:166,0
DA:167,0
DA:173,0
DA:181,6
DA:182,0
DA:183,0
DA:184,0
DA:186,0
DA:196,0
DA:203,0
DA:205,0
DA:206,0
DA:212,0
DA:213,0
DA:219,0
DA:227,6
DA:228,0
DA:229,0
DA:231,0
DA:233,0
DA:240,0
DA:242,0
DA:243,0
DA:249,0
DA:257,6
DA:258,0
DA:259,0
DA:261,0
DA:263,0
DA:270,0
DA:272,0
DA:273,0
DA:279,0
DA:288,6
DA:289,2
DA:290,2
DA:291,1
DA:293,1
DA:294,1
DA:295,1
DA:303,6
DA:304,0
DA:305,0
DA:306,0
DA:311,0
DA:312,0
DA:319,6
DA:320,0
DA:321,0
DA:324,0
DA:330,0
DA:331,0
DA:339,6
DA:340,0
DA:342,0
DA:353,0
DA:354,0
DA:361,6
DA:362,0
DA:363,0
DA:366,0
DA:372,0
DA:373,0
DA:381,6
DA:382,0
DA:384,0
DA:393,0
DA:394,0
LF:125
LH:24
BRDA:16,0,0,0
BRDA:16,0,1,0
BRDA:17,1,0,0
BRDA:17,1,1,0
BRDA:45,2,0,0
BRDA:45,2,1,0
BRDA:51,3,0,0
BRDA:51,3,1,0
BRDA:65,4,0,0
BRDA:65,4,1,0
BRDA:86,5,0,0
BRDA:86,5,1,0
BRDA:104,6,0,0
BRDA:104,6,1,0
BRDA:131,7,0,0
BRDA:131,7,1,0
BRDA:131,8,0,0
BRDA:131,8,1,0
BRDA:131,8,2,0
BRDA:159,9,0,0
BRDA:159,9,1,0
BRDA:166,10,0,0
BRDA:166,10,1,0
BRDA:176,11,0,0
BRDA:176,11,1,0
BRDA:205,12,0,0
BRDA:205,12,1,0
BRDA:212,13,0,0
BRDA:212,13,1,0
BRDA:222,14,0,0
BRDA:222,14,1,0
BRDA:242,15,0,0
BRDA:242,15,1,0
BRDA:252,16,0,0
BRDA:252,16,1,0
BRDA:272,17,0,0
BRDA:272,17,1,0
BRDA:282,18,0,0
BRDA:282,18,1,0
BRDA:290,19,0,2
BRDA:290,19,1,0
BRDA:294,20,0,1
BRDA:294,20,1,0
BRDA:297,21,0,1
BRDA:297,21,1,0
BRDA:314,22,0,0
BRDA:314,22,1,0
BRF:47
BRH:3
end_of_record
TN:
SF:controllers\timelineController.js
FN:5,(anonymous_0)
FN:42,(anonymous_1)
FN:95,(anonymous_2)
FN:140,(anonymous_3)
FNF:4
FNH:0
FNDA:0,(anonymous_0)
FNDA:0,(anonymous_1)
FNDA:0,(anonymous_2)
FNDA:0,(anonymous_3)
DA:1,4
DA:2,4
DA:5,4
DA:6,0
DA:7,0
DA:9,0
DA:10,0
DA:16,0
DA:18,0
DA:24,0
DA:26,0
DA:27,0
DA:33,0
DA:42,4
DA:43,0
DA:44,0
DA:45,0
DA:47,0
DA:48,0
DA:54,0
DA:56,0
DA:63,0
DA:65,0
DA:66,0
DA:72,0
DA:73,0
DA:79,0
DA:80,0
DA:86,0
DA:95,4
DA:96,0
DA:97,0
DA:99,0
DA:100,0
DA:106,0
DA:115,0
DA:122,0
DA:124,0
DA:125,0
DA:131,0
DA:140,4
DA:141,0
DA:142,0
DA:144,0
DA:150,0
DA:151,0
LF:46
LH:6
BRDA:7,0,0,0
BRDA:7,0,1,0
BRDA:9,1,0,0
BRDA:9,1,1,0
BRDA:26,2,0,0
BRDA:26,2,1,0
BRDA:36,3,0,0
BRDA:36,3,1,0
BRDA:44,4,0,0
BRDA:44,4,1,0
BRDA:45,5,0,0
BRDA:45,5,1,0
BRDA:47,6,0,0
BRDA:47,6,1,0
BRDA:65,7,0,0
BRDA:65,7,1,0
BRDA:72,8,0,0
BRDA:72,8,1,0
BRDA:79,9,0,0
BRDA:79,9,1,0
BRDA:89,10,0,0
BRDA:89,10,1,0
BRDA:99,11,0,0
BRDA:99,11,1,0
BRDA:99,12,0,0
BRDA:99,12,1,0
BRDA:99,12,2,0
BRDA:124,13,0,0
BRDA:124,13,1,0
BRDA:134,14,0,0
BRDA:134,14,1,0
BRDA:154,15,0,0
BRDA:154,15,1,0
BRF:33
BRH:0
end_of_record
TN:
SF:controllers\topicExamController.js
FN:10,flattenProjects
FN:22,(anonymous_1)
FN:34,(anonymous_2)
FN:51,(anonymous_3)
FN:57,(anonymous_4)
FN:62,(anonymous_5)
FN:78,(anonymous_6)
FNF:7
FNH:0
FNDA:0,flattenProjects
FNDA:0,(anonymous_1)
FNDA:0,(anonymous_2)
FNDA:0,(anonymous_3)
FNDA:0,(anonymous_4)
FNDA:0,(anonymous_5)
FNDA:0,(anonymous_6)
DA:3,4
DA:4,4
DA:5,4
DA:11,0
DA:12,0
DA:14,0
DA:15,0
DA:18,0
DA:19,0
DA:22,0
DA:23,0
DA:31,0
DA:34,4
DA:35,0
DA:36,0
DA:37,0
DA:45,0
DA:51,4
DA:52,0
DA:53,0
DA:54,0
DA:57,0
DA:58,0
DA:62,0
DA:64,0
DA:65,0
DA:66,0
DA:67,0
DA:70,0
DA:78,0
DA:81,0
DA:82,0
DA:84,0
DA:85,0
DA:86,0
DA:87,0
DA:89,0
DA:90,0
LF:38
LH:5
BRDA:14,0,0,0
BRDA:14,0,1,0
BRDA:18,1,0,0
BRDA:18,1,1,0
BRDA:18,2,0,0
BRDA:18,2,1,0
BRDA:24,3,0,0
BRDA:24,3,1,0
BRDA:25,4,0,0
BRDA:25,4,1,0
BRDA:26,5,0,0
BRDA:26,5,1,0
BRDA:27,6,0,0
BRDA:27,6,1,0
BRDA:40,7,0,0
BRDA:40,7,1,0
BRDA:58,8,0,0
BRDA:58,8,1,0
BRDA:58,9,0,0
BRDA:58,9,1,0
BRF:20
BRH:0
end_of_record
TN:
SF:controllers\topicExamResultController.js
FN:7,(anonymous_0)
FN:72,(anonymous_1)
FNF:2
FNH:0
FNDA:0,(anonymous_0)
FNDA:0,(anonymous_1)
DA:2,4
DA:3,4
DA:4,4
DA:6,4
DA:8,0
DA:10,0
DA:11,0
DA:13,0
DA:14,0
DA:15,0
DA:17,0
DA:18,0
DA:22,0
DA:23,0
DA:24,0
DA:25,0
DA:28,0
DA:29,0
DA:30,0
DA:33,0
DA:37,0
DA:38,0
DA:39,0
DA:40,0
DA:44,0
DA:45,0
DA:48,0
DA:49,0
DA:50,0
DA:53,0
DA:56,0
DA:57,0
DA:65,0
DA:67,0
DA:68,0
DA:73,0
DA:75,0
DA:76,0
DA:78,0
DA:79,0
DA:80,0
DA:82,0
DA:83,0
LF:43
LH:4
BRDA:10,0,0,0
BRDA:10,0,1,0
BRDA:10,1,0,0
BRDA:10,1,1,0
BRDA:10,1,2,0
BRDA:13,2,0,0
BRDA:13,2,1,0
BRDA:14,3,0,0
BRDA:14,3,1,0
BRDA:17,4,0,0
BRDA:17,4,1,0
BRDA:17,5,0,0
BRDA:17,5,1,0
BRDA:17,5,2,0
BRDA:22,6,0,0
BRDA:22,6,1,0
BRDA:24,7,0,0
BRDA:24,7,1,0
BRDA:24,8,0,0
BRDA:24,8,1,0
BRDA:29,9,0,0
BRDA:29,9,1,0
BRDA:37,10,0,0
BRDA:37,10,1,0
BRDA:37,11,0,0
BRDA:37,11,1,0
BRDA:37,11,2,0
BRDA:39,12,0,0
BRDA:39,12,1,0
BRDA:39,13,0,0
BRDA:39,13,1,0
BRDA:44,14,0,0
BRDA:44,14,1,0
BRDA:44,15,0,0
BRDA:44,15,1,0
BRDA:49,16,0,0
BRDA:49,16,1,0
BRDA:59,17,0,0
BRDA:59,17,1,0
BRDA:75,18,0,0
BRDA:75,18,1,0
BRF:41
BRH:0
end_of_record
TN:
SF:controllers\uploadController.js
FN:5,(anonymous_0)
FN:45,(anonymous_1)
FNF:2
FNH:0
FNDA:0,(anonymous_0)
FNDA:0,(anonymous_1)
DA:1,4
DA:2,4
DA:3,4
DA:5,4
DA:6,0
DA:8,0
DA:9,0
DA:11,0
DA:12,0
DA:15,0
DA:16,0
DA:18,0
DA:24,0
DA:27,0
DA:28,0
DA:33,0
DA:34,0
DA:35,0
DA:38,0
DA:45,4
DA:46,0
DA:47,0
DA:56,0
DA:58,0
DA:62,4
LF:25
LH:6
BRDA:8,0,0,0
BRDA:8,0,1,0
BRDA:8,1,0,0
BRDA:8,1,1,0
BRDA:11,2,0,0
BRDA:11,2,1,0
BRDA:11,3,0,0
BRDA:11,3,1,0
BRDA:15,4,0,0
BRDA:15,4,1,0
BRDA:34,5,0,0
BRDA:34,5,1,0
BRDA:34,6,0,0
BRDA:34,6,1,0
BRF:14
BRH:0
end_of_record
TN:
SF:controllers\workflowController.js
FN:10,(anonymous_0)
FN:41,(anonymous_1)
FN:80,(anonymous_2)
FN:112,(anonymous_3)
FNF:4
FNH:0
FNDA:0,(anonymous_0)
FNDA:0,(anonymous_1)
FNDA:0,(anonymous_2)
FNDA:0,(anonymous_3)
DA:1,0
DA:2,0
DA:3,0
DA:4,0
DA:11,0
DA:12,0
DA:14,0
DA:15,0
DA:21,0
DA:23,0
DA:29,0
DA:30,0
DA:42,0
DA:43,0
DA:45,0
DA:46,0
DA:52,0
DA:53,0
DA:60,0
DA:62,0
DA:68,0
DA:69,0
DA:81,0
DA:82,0
DA:84,0
DA:85,0
DA:92,0
DA:94,0
DA:100,0
DA:101,0
DA:113,0
DA:114,0
DA:116,0
DA:117,0
DA:123,0
DA:131,0
DA:137,0
DA:138,0
DA:147,0
LF:39
LH:0
BRDA:14,0,0,0
BRDA:14,0,1,0
BRDA:33,1,0,0
BRDA:33,1,1,0
BRDA:45,2,0,0
BRDA:45,2,1,0
BRDA:52,3,0,0
BRDA:52,3,1,0
BRDA:72,4,0,0
BRDA:72,4,1,0
BRDA:84,5,0,0
BRDA:84,5,1,0
BRDA:104,6,0,0
BRDA:104,6,1,0
BRDA:116,7,0,0
BRDA:116,7,1,0
BRDA:116,8,0,0
BRDA:116,8,1,0
BRDA:116,8,2,0
BRDA:116,8,3,0
BRDA:141,9,0,0
BRDA:141,9,1,0
BRF:22
BRH:0
end_of_record
TN:
SF:controllers\workflowReportController.js
FN:28,(anonymous_0)
FN:54,(anonymous_1)
FN:77,(anonymous_2)
FN:117,(anonymous_3)
FNF:4
FNH:0
FNDA:0,(anonymous_0)
FNDA:0,(anonymous_1)
FNDA:0,(anonymous_2)
FNDA:0,(anonymous_3)
DA:2,4
DA:3,4
DA:28,4
DA:29,0
DA:30,0
DA:32,0
DA:38,0
DA:43,0
DA:44,0
DA:54,4
DA:55,0
DA:56,0
DA:59,0
DA:61,0
DA:66,0
DA:67,0
DA:77,4
DA:78,0
DA:79,0
DA:80,0
DA:82,0
DA:83,0
DA:89,0
DA:94,0
DA:95,0
DA:101,0
DA:106,0
DA:107,0
DA:117,4
DA:118,0
DA:119,0
DA:121,0
DA:123,0
DA:129,0
DA:130,0
LF:35
LH:6
BRDA:34,0,0,0
BRDA:34,0,1,0
BRDA:35,1,0,0
BRDA:35,1,1,0
BRDA:82,2,0,0
BRDA:82,2,1,0
BRDA:94,3,0,0
BRDA:94,3,1,0
BRF:8
BRH:0
end_of_record
TN:
SF:controllers\workflowStepDefinitionController.js
FN:9,(anonymous_0)
FN:64,(anonymous_1)
FN:95,(anonymous_2)
FN:200,(anonymous_3)
FN:293,(anonymous_4)
FN:342,(anonymous_5)
FN:361,(anonymous_6)
FN:377,(anonymous_7)
FN:405,(anonymous_8)
FNF:9
FNH:0
FNDA:0,(anonymous_0)
FNDA:0,(anonymous_1)
FNDA:0,(anonymous_2)
FNDA:0,(anonymous_3)
FNDA:0,(anonymous_4)
FNDA:0,(anonymous_5)
FNDA:0,(anonymous_6)
FNDA:0,(anonymous_7)
FNDA:0,(anonymous_8)
DA:1,6
DA:2,6
DA:3,6
DA:10,0
DA:11,0
DA:13,0
DA:16,0
DA:17,0
DA:21,0
DA:22,0
DA:29,0
DA:31,0
DA:38,0
DA:52,0
DA:53,0
DA:65,0
DA:66,0
DA:68,0
DA:70,0
DA:71,0
DA:77,0
DA:83,0
DA:84,0
DA:96,0
DA:105,0
DA:108,0
DA:109,0
DA:116,0
DA:117,0
DA:124,0
DA:125,0
DA:132,0
DA:136,0
DA:137,0
DA:144,0
DA:148,0
DA:149,0
DA:156,0
DA:157,0
DA:158,0
DA:159,0
DA:163,0
DA:170,0
DA:180,0
DA:182,0
DA:188,0
DA:189,0
DA:201,0
DA:202,0
DA:203,0
DA:205,0
DA:207,0
DA:208,0
DA:215,0
DA:216,0
DA:217,0
DA:223,0
DA:231,0
DA:232,0
DA:240,0
DA:241,0
DA:249,0
DA:250,0
DA:258,0
DA:259,0
DA:260,0
DA:264,0
DA:271,0
DA:273,0
DA:275,0
DA:281,0
DA:282,0
DA:294,0
DA:295,0
DA:297,0
DA:299,0
DA:300,0
DA:307,0
DA:314,0
DA:315,0
DA:321,0
DA:323,0
DA:325,0
DA:330,0
DA:331,0
DA:343,0
DA:344,0
DA:346,0
DA:347,0
DA:353,0
DA:354,0
DA:361,0
DA:362,0
DA:369,0
DA:370,0
DA:377,0
DA:378,0
DA:384,0
DA:386,0
DA:388,0
DA:393,0
DA:394,0
DA:406,0
DA:407,0
DA:409,0
DA:411,0
DA:412,0
DA:419,0
DA:428,0
DA:439,0
DA:440,0
DA:449,6
LF:112
LH:4
BRDA:11,0,0,0
BRDA:11,1,0,0
BRDA:16,2,0,0
BRDA:16,2,1,0
BRDA:16,3,0,0
BRDA:16,3,1,0
BRDA:21,4,0,0
BRDA:21,4,1,0
BRDA:56,5,0,0
BRDA:56,5,1,0
BRDA:70,6,0,0
BRDA:70,6,1,0
BRDA:87,7,0,0
BRDA:87,7,1,0
BRDA:103,8,0,0
BRDA:104,9,0,0
BRDA:108,10,0,0
BRDA:108,10,1,0
BRDA:108,11,0,0
BRDA:108,11,1,0
BRDA:108,11,2,0
BRDA:108,11,3,0
BRDA:116,12,0,0
BRDA:116,12,1,0
BRDA:124,13,0,0
BRDA:124,13,1,0
BRDA:136,14,0,0
BRDA:136,14,1,0
BRDA:148,15,0,0
BRDA:148,15,1,0
BRDA:157,16,0,0
BRDA:157,16,1,0
BRDA:159,17,0,0
BRDA:159,17,1,0
BRDA:192,18,0,0
BRDA:192,18,1,0
BRDA:207,19,0,0
BRDA:207,19,1,0
BRDA:215,20,0,0
BRDA:215,20,1,0
BRDA:215,21,0,0
BRDA:215,21,1,0
BRDA:216,22,0,0
BRDA:216,22,1,0
BRDA:231,23,0,0
BRDA:231,23,1,0
BRDA:240,24,0,0
BRDA:240,24,1,0
BRDA:240,25,0,0
BRDA:240,25,1,0
BRDA:249,26,0,0
BRDA:249,26,1,0
BRDA:258,27,0,0
BRDA:258,27,1,0
BRDA:260,28,0,0
BRDA:260,28,1,0
BRDA:285,29,0,0
BRDA:285,29,1,0
BRDA:299,30,0,0
BRDA:299,30,1,0
BRDA:314,31,0,0
BRDA:314,31,1,0
BRDA:334,32,0,0
BRDA:334,32,1,0
BRDA:346,33,0,0
BRDA:346,33,1,0
BRDA:346,34,0,0
BRDA:346,34,1,0
BRDA:353,35,0,0
BRDA:353,35,1,0
BRDA:369,36,0,0
BRDA:369,36,1,0
BRDA:397,37,0,0
BRDA:397,37,1,0
BRDA:411,38,0,0
BRDA:411,38,1,0
BRDA:443,39,0,0
BRDA:443,39,1,0
BRF:78
BRH:0
end_of_record
TN:
SF:controllers\documents\acceptanceApprovalController.js
FN:11,loadAcceptance
FN:24,(anonymous_1)
FN:31,(anonymous_2)
FN:62,(anonymous_3)
FN:120,(anonymous_4)
FN:155,(anonymous_5)
FN:245,(anonymous_6)
FNF:7
FNH:0
FNDA:0,loadAcceptance
FNDA:0,(anonymous_1)
FNDA:0,(anonymous_2)
FNDA:0,(anonymous_3)
FNDA:0,(anonymous_4)
FNDA:0,(anonymous_5)
FNDA:0,(anonymous_6)
DA:1,4
DA:2,4
DA:3,4
DA:4,4
DA:5,4
DA:6,4
DA:8,4
DA:9,4
DA:12,0
DA:15,0
DA:16,0
DA:17,0
DA:18,0
DA:20,0
DA:24,4
DA:25,0
DA:26,0
DA:29,0
DA:31,0
DA:34,0
DA:37,0
DA:44,0
DA:45,0
DA:48,0
DA:62,0
DA:63,0
DA:64,0
DA:65,0
DA:66,0
DA:67,0
DA:70,0
DA:84,0
DA:85,0
DA:86,0
DA:87,0
DA:88,0
DA:89,0
DA:92,0
DA:112,0
DA:114,0
DA:115,0
DA:120,4
DA:121,0
DA:122,0
DA:123,0
DA:124,0
DA:126,0
DA:127,0
DA:128,0
DA:131,0
DA:138,0
DA:147,0
DA:149,0
DA:150,0
DA:155,4
DA:156,0
DA:157,0
DA:158,0
DA:159,0
DA:161,0
DA:162,0
DA:164,0
DA:165,0
DA:168,0
DA:169,0
DA:171,0
DA:181,0
DA:182,0
DA:184,0
DA:188,0
DA:189,0
DA:198,0
DA:200,0
DA:214,0
DA:216,0
DA:217,0
DA:218,0
DA:221,0
DA:222,0
DA:227,0
DA:228,0
DA:229,0
DA:233,0
DA:237,0
DA:239,0
DA:240,0
DA:245,4
DA:246,0
DA:247,0
DA:248,0
DA:249,0
DA:250,0
DA:252,0
DA:253,0
DA:254,0
DA:255,0
DA:257,0
DA:258,0
DA:267,0
DA:268,0
DA:269,0
DA:270,0
DA:279,0
DA:281,0
DA:283,0
DA:284,0
LF:106
LH:12
BRDA:15,0,0,0
BRDA:15,0,1,0
BRDA:29,1,0,0
BRDA:29,1,1,0
BRDA:34,2,0,0
BRDA:34,2,1,0
BRDA:34,3,0,0
BRDA:34,3,1,0
BRDA:44,4,0,0
BRDA:44,4,1,0
BRDA:44,5,0,0
BRDA:44,5,1,0
BRDA:84,6,0,0
BRDA:84,6,1,0
BRDA:85,7,0,0
BRDA:85,7,1,0
BRDA:96,8,0,0
BRDA:96,8,1,0
BRDA:102,9,0,0
BRDA:102,9,1,0
BRDA:115,10,0,0
BRDA:115,10,1,0
BRDA:115,11,0,0
BRDA:115,11,1,0
BRDA:123,12,0,0
BRDA:123,12,1,0
BRDA:127,13,0,0
BRDA:127,13,1,0
BRDA:135,14,0,0
BRDA:135,14,1,0
BRDA:144,15,0,0
BRDA:144,15,1,0
BRDA:150,16,0,0
BRDA:150,16,1,0
BRDA:150,17,0,0
BRDA:150,17,1,0
BRDA:158,18,0,0
BRDA:158,18,1,0
BRDA:161,19,0,0
BRDA:161,19,1,0
BRDA:164,20,0,0
BRDA:164,20,1,0
BRDA:177,21,0,0
BRDA:177,21,1,0
BRDA:198,22,0,0
BRDA:198,22,1,0
BRDA:216,23,0,0
BRDA:216,23,1,0
BRDA:221,24,0,0
BRDA:221,24,1,0
BRDA:227,25,0,0
BRDA:227,25,1,0
BRDA:240,26,0,0
BRDA:240,26,1,0
BRDA:240,27,0,0
BRDA:240,27,1,0
BRDA:248,28,0,0
BRDA:248,28,1,0
BRDA:249,29,0,0
BRDA:249,29,1,0
BRDA:254,30,0,0
BRDA:254,30,1,0
BRDA:269,31,0,0
BRDA:269,31,1,0
BRDA:284,32,0,0
BRDA:284,32,1,0
BRDA:284,33,0,0
BRDA:284,33,1,0
BRF:68
BRH:0
end_of_record
TN:
SF:controllers\documents\cp05ApprovalController.js
FN:6,loadCS05
FN:19,(anonymous_1)
FN:24,(anonymous_2)
FN:59,(anonymous_3)
FN:88,(anonymous_4)
FN:129,(anonymous_5)
FN:167,(anonymous_6)
FNF:7
FNH:0
FNDA:0,loadCS05
FNDA:0,(anonymous_1)
FNDA:0,(anonymous_2)
FNDA:0,(anonymous_3)
FNDA:0,(anonymous_4)
FNDA:0,(anonymous_5)
FNDA:0,(anonymous_6)
DA:1,4
DA:2,4
DA:3,4
DA:7,0
DA:10,0
DA:11,0
DA:12,0
DA:13,0
DA:15,0
DA:19,4
DA:20,0
DA:22,0
DA:24,0
DA:27,0
DA:30,0
DA:59,0
DA:80,0
DA:82,0
DA:83,0
DA:88,4
DA:89,0
DA:90,0
DA:91,0
DA:93,0
DA:96,0
DA:97,0
DA:98,0
DA:105,0
DA:112,0
DA:121,0
DA:123,0
DA:124,0
DA:129,4
DA:130,0
DA:131,0
DA:132,0
DA:134,0
DA:135,0
DA:138,0
DA:139,0
DA:143,0
DA:144,0
DA:148,0
DA:150,0
DA:159,0
DA:161,0
DA:162,0
DA:167,4
DA:168,0
DA:169,0
DA:170,0
DA:172,0
DA:173,0
DA:176,0
DA:177,0
DA:180,0
DA:181,0
DA:184,0
DA:191,0
DA:201,0
DA:202,0
DA:203,0
DA:204,0
DA:213,0
DA:216,0
DA:218,0
DA:219,0
LF:67
LH:7
BRDA:10,0,0,0
BRDA:10,0,1,0
BRDA:22,1,0,0
BRDA:22,1,1,0
BRDA:27,2,0,0
BRDA:27,2,1,0
BRDA:27,3,0,0
BRDA:27,3,1,0
BRDA:71,4,0,0
BRDA:71,4,1,0
BRDA:73,5,0,0
BRDA:73,5,1,0
BRDA:74,6,0,0
BRDA:74,6,1,0
BRDA:75,7,0,0
BRDA:75,7,1,0
BRDA:76,8,0,0
BRDA:76,8,1,0
BRDA:77,9,0,0
BRDA:77,9,1,0
BRDA:83,10,0,0
BRDA:83,10,1,0
BRDA:91,11,0,0
BRDA:91,11,1,0
BRDA:97,12,0,0
BRDA:97,12,1,0
BRDA:109,13,0,0
BRDA:109,13,1,0
BRDA:118,14,0,0
BRDA:118,14,1,0
BRDA:124,15,0,0
BRDA:124,15,1,0
BRDA:124,16,0,0
BRDA:124,16,1,0
BRDA:132,17,0,0
BRDA:132,17,1,0
BRDA:138,18,0,0
BRDA:138,18,1,0
BRDA:143,19,0,0
BRDA:143,19,1,0
BRDA:156,20,0,0
BRDA:156,20,1,0
BRDA:162,21,0,0
BRDA:162,21,1,0
BRDA:162,22,0,0
BRDA:162,22,1,0
BRDA:170,23,0,0
BRDA:170,23,1,0
BRDA:172,24,0,0
BRDA:172,24,1,0
BRDA:180,25,0,0
BRDA:180,25,1,0
BRDA:203,26,0,0
BRDA:203,26,1,0
BRDA:219,27,0,0
BRDA:219,27,1,0
BRDA:219,28,0,0
BRDA:219,28,1,0
BRF:58
BRH:0
end_of_record
TN:
SF:controllers\documents\documentController.js
FN:6,(anonymous_0)
FN:36,(anonymous_1)
FN:71,(anonymous_2)
FN:105,(anonymous_3)
FN:136,(anonymous_4)
FN:149,(anonymous_5)
FN:174,(anonymous_6)
FN:206,(anonymous_7)
FN:226,(anonymous_8)
FN:248,(anonymous_9)
FN:285,(anonymous_10)
FN:327,(anonymous_11)
FN:355,(anonymous_12)
FN:370,(anonymous_13)
FN:403,(anonymous_14)
FN:408,(anonymous_15)
FN:413,(anonymous_16)
FN:447,(anonymous_17)
FN:473,(anonymous_18)
FN:494,(anonymous_19)
FN:507,(anonymous_20)
FN:520,(anonymous_21)
FN:536,(anonymous_22)
FNF:23
FNH:0
FNDA:0,(anonymous_0)
FNDA:0,(anonymous_1)
FNDA:0,(anonymous_2)
FNDA:0,(anonymous_3)
FNDA:0,(anonymous_4)
FNDA:0,(anonymous_5)
FNDA:0,(anonymous_6)
FNDA:0,(anonymous_7)
FNDA:0,(anonymous_8)
FNDA:0,(anonymous_9)
FNDA:0,(anonymous_10)
FNDA:0,(anonymous_11)
FNDA:0,(anonymous_12)
FNDA:0,(anonymous_13)
FNDA:0,(anonymous_14)
FNDA:0,(anonymous_15)
FNDA:0,(anonymous_16)
FNDA:0,(anonymous_17)
FNDA:0,(anonymous_18)
FNDA:0,(anonymous_19)
FNDA:0,(anonymous_20)
FNDA:0,(anonymous_21)
FNDA:0,(anonymous_22)
DA:1,6
DA:2,6
DA:3,6
DA:4,6
DA:6,6
DA:7,0
DA:8,0
DA:9,0
DA:15,0
DA:21,0
DA:27,0
DA:28,0
DA:36,6
DA:37,0
DA:38,0
DA:40,0
DA:46,0
DA:48,0
DA:49,0
DA:55,0
DA:56,0
DA:62,0
DA:71,6
DA:72,0
DA:73,0
DA:75,0
DA:82,0
DA:88,0
DA:90,0
DA:91,0
DA:97,0
DA:105,6
DA:106,0
DA:107,0
DA:109,0
DA:116,0
DA:121,0
DA:123,0
DA:126,0
DA:127,0
DA:136,6
DA:137,0
DA:138,0
DA:139,0
DA:140,0
DA:141,0
DA:143,0
DA:144,0
DA:149,6
DA:150,0
DA:151,0
DA:153,0
DA:158,0
DA:160,0
DA:161,0
DA:167,0
DA:174,6
DA:175,0
DA:176,0
DA:178,0
DA:184,0
DA:189,0
DA:191,0
DA:192,0
DA:198,0
DA:206,6
DA:207,0
DA:208,0
DA:210,0
DA:212,0
DA:217,0
DA:218,0
DA:226,6
DA:227,0
DA:228,0
DA:230,0
DA:234,0
DA:239,0
DA:240,0
DA:248,6
DA:249,0
DA:250,0
DA:253,0
DA:254,0
DA:257,0
DA:258,0
DA:261,0
DA:263,0
DA:264,0
DA:270,0
DA:271,0
DA:277,0
DA:285,6
DA:286,0
DA:287,0
DA:290,0
DA:291,0
DA:292,0
DA:295,0
DA:296,0
DA:299,0
DA:301,0
DA:302,0
DA:308,0
DA:309,0
DA:315,0
DA:327,6
DA:328,0
DA:329,0
DA:331,0
DA:337,0
DA:339,0
DA:341,0
DA:346,0
DA:347,0
DA:355,6
DA:356,0
DA:357,0
DA:358,0
DA:359,0
DA:361,0
DA:362,0
DA:363,0
DA:370,6
DA:371,0
DA:372,0
DA:373,0
DA:374,0
DA:376,0
DA:382,0
DA:388,0
DA:390,0
DA:393,0
DA:403,6
DA:404,0
DA:405,0
DA:408,0
DA:409,0
DA:413,0
DA:414,0
DA:415,0
DA:417,0
DA:423,0
DA:432,0
DA:434,0
DA:437,0
DA:447,6
DA:448,0
DA:449,0
DA:451,0
DA:453,0
DA:454,0
DA:455,0
DA:458,0
DA:460,0
DA:463,0
DA:473,6
DA:474,0
DA:475,0
DA:480,0
DA:485,0
DA:486,0
DA:494,6
DA:495,0
DA:496,0
DA:497,0
DA:498,0
DA:500,0
DA:501,0
DA:502,0
DA:507,6
DA:508,0
DA:509,0
DA:510,0
DA:511,0
DA:513,0
DA:514,0
DA:515,0
DA:520,6
DA:521,0
DA:522,0
DA:523,0
DA:524,0
DA:525,0
DA:526,0
DA:527,0
DA:529,0
DA:530,0
DA:531,0
DA:536,6
DA:537,0
DA:538,0
DA:539,0
DA:540,0
DA:541,0
DA:542,0
DA:543,0
DA:545,0
DA:546,0
DA:547,0
DA:551,6
LF:201
LH:26
BRDA:8,0,0,0
BRDA:8,0,1,0
BRDA:30,1,0,0
BRDA:30,1,1,0
BRDA:48,2,0,0
BRDA:48,2,1,0
BRDA:55,3,0,0
BRDA:55,3,1,0
BRDA:90,4,0,0
BRDA:90,4,1,0
BRDA:113,5,0,0
BRDA:113,5,1,0
BRDA:114,6,0,0
BRDA:114,6,1,0
BRDA:117,7,0,0
BRDA:117,7,1,0
BRDA:118,8,0,0
BRDA:118,8,1,0
BRDA:160,9,0,0
BRDA:160,9,1,0
BRDA:191,10,0,0
BRDA:191,10,1,0
BRDA:231,11,0,0
BRDA:231,11,1,0
BRDA:254,12,0,0
BRDA:254,12,1,0
BRDA:263,13,0,0
BRDA:263,13,1,0
BRDA:270,14,0,0
BRDA:270,14,1,0
BRDA:290,15,0,0
BRDA:290,15,1,0
BRDA:291,16,0,0
BRDA:291,16,1,0
BRDA:301,17,0,0
BRDA:301,17,1,0
BRDA:308,18,0,0
BRDA:308,18,1,0
BRDA:334,19,0,0
BRDA:334,19,1,0
BRDA:335,20,0,0
BRDA:335,20,1,0
BRDA:349,21,0,0
BRDA:349,21,1,0
BRDA:362,22,0,0
BRDA:362,22,1,0
BRDA:363,23,0,0
BRDA:363,23,1,0
BRDA:390,24,0,0
BRDA:390,24,1,0
BRDA:391,25,0,0
BRDA:391,25,1,0
BRDA:395,26,0,0
BRDA:395,26,1,0
BRDA:434,27,0,0
BRDA:434,27,1,0
BRDA:435,28,0,0
BRDA:435,28,1,0
BRDA:439,29,0,0
BRDA:439,29,1,0
BRDA:460,30,0,0
BRDA:460,30,1,0
BRDA:461,31,0,0
BRDA:461,31,1,0
BRDA:465,32,0,0
BRDA:465,32,1,0
BRDA:501,33,0,0
BRDA:501,33,1,0
BRDA:502,34,0,0
BRDA:502,34,1,0
BRDA:514,35,0,0
BRDA:514,35,1,0
BRDA:515,36,0,0
BRDA:515,36,1,0
BRDA:524,37,0,0
BRDA:524,37,1,0
BRDA:530,38,0,0
BRDA:530,38,1,0
BRDA:531,39,0,0
BRDA:531,39,1,0
BRDA:540,40,0,0
BRDA:540,40,1,0
BRDA:546,41,0,0
BRDA:546,41,1,0
BRDA:547,42,0,0
BRDA:547,42,1,0
BRF:86
BRH:0
end_of_record
TN:
SF:controllers\documents\documentStatusController.js
FN:3,(anonymous_0)
FNF:1
FNH:0
FNDA:0,(anonymous_0)
DA:2,0
DA:4,0
DA:5,0
DA:6,0
DA:7,0
DA:9,0
DA:10,0
DA:13,0
DA:21,0
DA:30,0
DA:31,0
DA:37,0
DA:38,0
LF:13
LH:0
BRDA:24,0,0,0
BRDA:24,0,1,0
BRF:2
BRH:0
end_of_record
TN:
SF:controllers\documents\internshipController.js
FN:29,(anonymous_0)
FN:52,(anonymous_1)
FN:74,(anonymous_2)
FN:115,(anonymous_3)
FN:148,(anonymous_4)
FN:178,(anonymous_5)
FN:235,(anonymous_6)
FN:260,(anonymous_7)
FN:291,(anonymous_8)
FN:351,(anonymous_9)
FN:387,(anonymous_10)
FN:410,(anonymous_11)
FN:433,(anonymous_12)
FN:506,(anonymous_13)
FN:535,(anonymous_14)
FN:566,(anonymous_15)
FN:644,(anonymous_16)
FN:679,(anonymous_17)
FN:736,(anonymous_18)
FN:841,(anonymous_19)
FN:893,(anonymous_20)
FN:1000,(anonymous_21)
FN:1037,(anonymous_22)
FN:1070,(anonymous_23)
FN:1098,(anonymous_24)
FN:1125,(anonymous_25)
FN:1163,(anonymous_26)
FN:1193,(anonymous_27)
FN:1224,(anonymous_28)
FNF:29
FNH:0
FNDA:0,(anonymous_0)
FNDA:0,(anonymous_1)
FNDA:0,(anonymous_2)
FNDA:0,(anonymous_3)
FNDA:0,(anonymous_4)
FNDA:0,(anonymous_5)
FNDA:0,(anonymous_6)
FNDA:0,(anonymous_7)
FNDA:0,(anonymous_8)
FNDA:0,(anonymous_9)
FNDA:0,(anonymous_10)
FNDA:0,(anonymous_11)
FNDA:0,(anonymous_12)
FNDA:0,(anonymous_13)
FNDA:0,(anonymous_14)
FNDA:0,(anonymous_15)
FNDA:0,(anonymous_16)
FNDA:0,(anonymous_17)
FNDA:0,(anonymous_18)
FNDA:0,(anonymous_19)
FNDA:0,(anonymous_20)
FNDA:0,(anonymous_21)
FNDA:0,(anonymous_22)
FNDA:0,(anonymous_23)
FNDA:0,(anonymous_24)
FNDA:0,(anonymous_25)
FNDA:0,(anonymous_26)
FNDA:0,(anonymous_27)
FNDA:0,(anonymous_28)
DA:12,4
DA:13,4
DA:14,4
DA:19,4
DA:20,4
DA:21,4
DA:22,4
DA:23,4
DA:29,4
DA:30,0
DA:31,0
DA:35,0
DA:40,0
DA:41,0
DA:52,4
DA:53,0
DA:54,0
DA:58,0
DA:63,0
DA:64,0
DA:74,4
DA:75,0
DA:84,0
DA:86,0
DA:99,0
DA:104,0
DA:105,0
DA:115,4
DA:116,0
DA:118,0
DA:125,0
DA:132,0
DA:137,0
DA:138,0
DA:148,4
DA:149,0
DA:150,0
DA:151,0
DA:157,0
DA:162,0
DA:163,0
DA:168,0
DA:178,4
DA:179,0
DA:186,0
DA:187,0
DA:190,0
DA:191,0
DA:197,0
DA:198,0
DA:205,0
DA:217,0
DA:223,0
DA:224,0
DA:225,0
DA:235,4
DA:236,0
DA:237,0
DA:238,0
DA:243,0
DA:248,0
DA:249,0
DA:250,0
DA:260,4
DA:261,0
DA:263,0
DA:265,0
DA:267,0
DA:274,0
DA:281,0
DA:291,4
DA:292,0
DA:293,0
DA:297,0
DA:299,0
DA:300,0
DA:307,0
DA:308,0
DA:316,0
DA:319,0
DA:320,0
DA:323,0
DA:324,0
DA:328,0
DA:330,0
DA:332,0
DA:334,0
DA:335,0
DA:341,0
DA:351,4
DA:352,0
DA:353,0
DA:357,0
DA:359,0
DA:360,0
DA:368,0
DA:371,0
DA:372,0
DA:374,0
DA:376,0
DA:377,0
DA:387,4
DA:388,0
DA:389,0
DA:393,0
DA:398,0
DA:399,0
DA:410,4
DA:411,0
DA:412,0
DA:416,0
DA:421,0
DA:422,0
DA:423,0
DA:433,4
DA:434,0
DA:435,0
DA:436,0
DA:439,0
DA:440,0
DA:446,0
DA:450,0
DA:455,0
DA:464,0
DA:467,0
DA:468,0
DA:477,0
DA:478,0
DA:485,0
DA:486,0
DA:493,0
DA:506,4
DA:507,0
DA:508,0
DA:510,0
DA:514,0
DA:520,0
DA:522,0
DA:525,0
DA:535,4
DA:536,0
DA:537,0
DA:538,0
DA:540,0
DA:545,0
DA:550,0
DA:553,0
DA:555,0
DA:566,4
DA:567,0
DA:568,0
DA:569,0
DA:570,0
DA:573,0
DA:574,0
DA:580,0
DA:581,0
DA:588,0
DA:589,0
DA:596,0
DA:597,0
DA:604,0
DA:610,0
DA:616,0
DA:619,0
DA:620,0
DA:621,0
DA:622,0
DA:624,0
DA:628,0
DA:634,0
DA:644,4
DA:645,0
DA:646,0
DA:647,0
DA:649,0
DA:650,0
DA:656,0
DA:661,0
DA:666,0
DA:668,0
DA:669,0
DA:679,4
DA:680,0
DA:681,0
DA:682,0
DA:684,0
DA:685,0
DA:691,0
DA:696,0
DA:697,0
DA:704,0
DA:705,0
DA:707,0
DA:708,0
DA:715,0
DA:716,0
DA:717,0
DA:722,0
DA:724,0
DA:725,0
DA:726,0
DA:736,4
DA:737,0
DA:738,0
DA:739,0
DA:741,0
DA:748,0
DA:749,0
DA:757,0
DA:758,0
DA:759,0
DA:767,0
DA:772,0
DA:775,0
DA:797,0
DA:803,0
DA:806,0
DA:807,0
DA:808,0
DA:810,0
DA:811,0
DA:812,0
DA:813,0
DA:814,0
DA:815,0
DA:816,0
DA:817,0
DA:818,0
DA:819,0
DA:820,0
DA:821,0
DA:824,0
DA:841,4
DA:842,0
DA:843,0
DA:844,0
DA:846,0
DA:852,0
DA:853,0
DA:861,0
DA:866,0
DA:868,0
DA:874,0
DA:877,0
DA:883,0
DA:893,4
DA:894,0
DA:895,0
DA:896,0
DA:898,0
DA:899,0
DA:906,0
DA:911,0
DA:912,0
DA:919,0
DA:920,0
DA:924,0
DA:928,0
DA:936,0
DA:937,0
DA:938,0
DA:942,0
DA:945,0
DA:947,0
DA:950,0
DA:951,0
DA:952,0
DA:954,0
DA:956,0
DA:961,0
DA:966,0
DA:971,0
DA:977,0
DA:984,0
DA:990,0
DA:1000,4
DA:1001,0
DA:1002,0
DA:1003,0
DA:1005,0
DA:1006,0
DA:1013,0
DA:1018,0
DA:1024,0
DA:1026,0
DA:1027,0
DA:1037,4
DA:1038,0
DA:1039,0
DA:1041,0
DA:1046,0
DA:1048,0
DA:1054,0
DA:1055,0
DA:1060,0
DA:1070,4
DA:1071,0
DA:1072,0
DA:1074,0
DA:1076,0
DA:1080,0
DA:1081,0
DA:1085,0
DA:1087,0
DA:1088,0
DA:1098,4
DA:1099,0
DA:1100,0
DA:1102,0
DA:1106,0
DA:1110,0
DA:1112,0
DA:1114,0
DA:1115,0
DA:1125,4
DA:1126,0
DA:1127,0
DA:1129,0
DA:1134,0
DA:1137,0
DA:1138,0
DA:1140,0
DA:1146,0
DA:1147,0
DA:1152,0
DA:1163,4
DA:1164,0
DA:1165,0
DA:1167,0
DA:1171,0
DA:1175,0
DA:1181,0
DA:1182,0
DA:1183,0
DA:1193,4
DA:1194,0
DA:1196,0
DA:1198,0
DA:1200,0
DA:1207,0
DA:1214,0
DA:1224,4
DA:1225,0
DA:1226,0
DA:1227,0
DA:1229,0
DA:1234,0
DA:1235,0
DA:1241,0
DA:1246,0
DA:1252,0
DA:1253,0
DA:1258,0
LF:354
LH:37
BRDA:43,0,0,0
BRDA:43,0,1,0
BRDA:66,1,0,0
BRDA:66,1,1,0
BRDA:107,2,0,0
BRDA:107,2,1,0
BRDA:119,3,0,0
BRDA:119,3,1,0
BRDA:120,4,0,0
BRDA:120,4,1,0
BRDA:121,5,0,0
BRDA:121,5,1,0
BRDA:128,6,0,0
BRDA:128,6,1,0
BRDA:140,7,0,0
BRDA:140,7,1,0
BRDA:163,8,0,0
BRDA:163,8,1,0
BRDA:165,9,0,0
BRDA:165,9,1,0
BRDA:170,10,0,0
BRDA:170,10,1,0
BRDA:190,11,0,0
BRDA:190,11,1,0
BRDA:197,12,0,0
BRDA:197,12,1,0
BRDA:197,13,0,0
BRDA:197,13,1,0
BRDA:197,13,2,0
BRDA:224,14,0,0
BRDA:224,14,1,0
BRDA:227,15,0,0
BRDA:227,15,1,0
BRDA:249,16,0,0
BRDA:249,16,1,0
BRDA:252,17,0,0
BRDA:252,17,1,0
BRDA:265,18,0,0
BRDA:265,18,1,0
BRDA:283,19,0,0
BRDA:283,19,1,0
BRDA:299,20,0,0
BRDA:299,20,1,0
BRDA:307,21,0,0
BRDA:307,21,1,0
BRDA:307,22,0,0
BRDA:307,22,1,0
BRDA:334,23,0,0
BRDA:334,23,1,0
BRDA:359,24,0,0
BRDA:359,24,1,0
BRDA:401,25,0,0
BRDA:401,25,1,0
BRDA:422,26,0,0
BRDA:422,26,1,0
BRDA:425,27,0,0
BRDA:425,27,1,0
BRDA:439,28,0,0
BRDA:439,28,1,0
BRDA:467,29,0,0
BRDA:467,29,1,0
BRDA:477,30,0,0
BRDA:477,30,1,0
BRDA:485,31,0,0
BRDA:485,31,1,0
BRDA:495,32,0,0
BRDA:495,32,1,0
BRDA:522,33,0,0
BRDA:522,33,1,0
BRDA:522,34,0,0
BRDA:522,34,1,0
BRDA:527,35,0,0
BRDA:527,35,1,0
BRDA:553,36,0,0
BRDA:553,36,1,0
BRDA:557,37,0,0
BRDA:557,37,1,0
BRDA:573,38,0,0
BRDA:573,38,1,0
BRDA:580,39,0,0
BRDA:580,39,1,0
BRDA:588,40,0,0
BRDA:588,40,1,0
BRDA:596,41,0,0
BRDA:596,41,1,0
BRDA:619,42,0,0
BRDA:619,42,1,0
BRDA:619,43,0,0
BRDA:619,43,1,0
BRDA:628,44,0,0
BRDA:628,44,1,0
BRDA:630,45,0,0
BRDA:630,45,1,0
BRDA:636,46,0,0
BRDA:636,46,1,0
BRDA:649,47,0,0
BRDA:649,47,1,0
BRDA:668,48,0,0
BRDA:668,48,1,0
BRDA:671,49,0,0
BRDA:671,49,1,0
BRDA:684,50,0,0
BRDA:684,50,1,0
BRDA:696,51,0,0
BRDA:696,51,1,0
BRDA:696,52,0,0
BRDA:696,52,1,0
BRDA:707,53,0,0
BRDA:707,53,1,0
BRDA:715,54,0,0
BRDA:715,54,1,0
BRDA:725,55,0,0
BRDA:725,55,1,0
BRDA:728,56,0,0
BRDA:728,56,1,0
BRDA:748,57,0,0
BRDA:748,57,1,0
BRDA:758,58,0,0
BRDA:758,58,1,0
BRDA:778,59,0,0
BRDA:778,59,1,0
BRDA:780,60,0,0
BRDA:780,60,1,0
BRDA:782,61,0,0
BRDA:782,61,1,0
BRDA:793,62,0,0
BRDA:793,62,1,0
BRDA:810,63,0,0
BRDA:810,63,1,0
BRDA:814,64,0,0
BRDA:814,64,1,0
BRDA:818,65,0,0
BRDA:818,65,1,0
BRDA:852,66,0,0
BRDA:852,66,1,0
BRDA:877,67,0,0
BRDA:877,67,1,0
BRDA:879,68,0,0
BRDA:879,68,1,0
BRDA:885,69,0,0
BRDA:885,69,1,0
BRDA:898,70,0,0
BRDA:898,70,1,0
BRDA:911,71,0,0
BRDA:911,71,1,0
BRDA:911,72,0,0
BRDA:911,72,1,0
BRDA:936,73,0,0
BRDA:936,73,1,0
BRDA:950,74,0,0
BRDA:950,74,1,0
BRDA:954,75,0,0
BRDA:954,75,1,0
BRDA:954,75,2,0
BRDA:954,75,3,0
BRDA:954,75,4,0
BRDA:958,76,0,0
BRDA:958,76,1,0
BRDA:979,77,0,0
BRDA:979,77,1,0
BRDA:984,78,0,0
BRDA:984,78,1,0
BRDA:986,79,0,0
BRDA:986,79,1,0
BRDA:992,80,0,0
BRDA:992,80,1,0
BRDA:1005,81,0,0
BRDA:1005,81,1,0
BRDA:1026,82,0,0
BRDA:1026,82,1,0
BRDA:1029,83,0,0
BRDA:1029,83,1,0
BRDA:1055,84,0,0
BRDA:1055,84,1,0
BRDA:1057,85,0,0
BRDA:1057,85,1,0
BRDA:1062,86,0,0
BRDA:1062,86,1,0
BRDA:1088,87,0,0
BRDA:1088,87,1,0
BRDA:1090,88,0,0
BRDA:1090,88,1,0
BRDA:1115,89,0,0
BRDA:1115,89,1,0
BRDA:1117,90,0,0
BRDA:1117,90,1,0
BRDA:1147,91,0,0
BRDA:1147,91,1,0
BRDA:1149,92,0,0
BRDA:1149,92,1,0
BRDA:1155,93,0,0
BRDA:1155,93,1,0
BRDA:1182,94,0,0
BRDA:1182,94,1,0
BRDA:1185,95,0,0
BRDA:1185,95,1,0
BRDA:1198,96,0,0
BRDA:1198,96,1,0
BRDA:1216,97,0,0
BRDA:1216,97,1,0
BRDA:1234,98,0,0
BRDA:1234,98,1,0
BRDA:1234,99,0,0
BRDA:1234,99,1,0
BRDA:1253,100,0,0
BRDA:1253,100,1,0
BRDA:1255,101,0,0
BRDA:1255,101,1,0
BRDA:1260,102,0,0
BRDA:1260,102,1,0
BRF:210
BRH:0
end_of_record
TN:
SF:controllers\documents\projectController.js
FN:4,(anonymous_0)
FNF:1
FNH:0
FNDA:0,(anonymous_0)
DA:2,0
DA:4,0
DA:5,0
DA:6,0
DA:8,0
DA:15,0
DA:21,0
DA:22,0
DA:27,0
DA:28,0
LF:10
LH:0
BRF:0
BRH:0
end_of_record
TN:
SF:controllers\logbooks\emailApprovalController.js
FN:21,(anonymous_0)
FN:56,(anonymous_1)
FN:136,(anonymous_2)
FN:251,(anonymous_3)
FN:286,(anonymous_4)
FN:328,(anonymous_5)
FN:417,(anonymous_6)
FN:418,(anonymous_7)
FN:472,(anonymous_8)
FN:515,(anonymous_9)
FNF:10
FNH:0
FNDA:0,(anonymous_0)
FNDA:0,(anonymous_1)
FNDA:0,(anonymous_2)
FNDA:0,(anonymous_3)
FNDA:0,(anonymous_4)
FNDA:0,(anonymous_5)
FNDA:0,(anonymous_6)
FNDA:0,(anonymous_7)
FNDA:0,(anonymous_8)
FNDA:0,(anonymous_9)
DA:4,4
DA:5,4
DA:14,4
DA:15,4
DA:21,4
DA:22,0
DA:23,0
DA:24,0
DA:26,0
DA:33,0
DA:38,0
DA:44,0
DA:45,0
DA:56,4
DA:57,0
DA:58,0
DA:59,0
DA:61,0
DA:67,0
DA:124,0
DA:125,0
DA:136,4
DA:137,0
DA:138,0
DA:139,0
DA:142,0
DA:144,0
DA:145,0
DA:146,0
DA:147,0
DA:148,0
DA:151,0
DA:154,0
DA:195,0
DA:201,0
DA:231,0
DA:232,0
DA:251,4
DA:252,0
DA:253,0
DA:254,0
DA:256,0
DA:258,0
DA:261,0
DA:273,0
DA:274,0
DA:286,4
DA:287,0
DA:288,0
DA:289,0
DA:291,0
DA:293,0
DA:294,0
DA:300,0
DA:303,0
DA:315,0
DA:316,0
DA:328,4
DA:329,0
DA:330,0
DA:333,0
DA:334,0
DA:335,0
DA:341,0
DA:344,0
DA:346,0
DA:347,0
DA:348,0
DA:354,0
DA:362,0
DA:390,0
DA:391,0
DA:392,0
DA:398,0
DA:409,0
DA:411,0
DA:413,0
DA:414,0
DA:415,0
DA:416,0
DA:417,0
DA:418,0
DA:420,0
DA:421,0
DA:422,0
DA:425,0
DA:426,0
DA:429,0
DA:435,0
DA:437,0
DA:465,0
DA:471,0
DA:472,0
DA:488,0
DA:497,0
DA:500,0
DA:504,0
DA:506,0
DA:508,0
DA:515,0
DA:523,0
DA:526,0
DA:533,0
DA:536,0
DA:537,0
DA:538,0
DA:541,0
DA:542,0
DA:545,0
DA:561,0
DA:562,0
DA:563,0
DA:566,0
DA:577,0
DA:578,0
DA:594,0
DA:595,0
DA:596,0
DA:598,0
DA:601,0
DA:606,0
DA:607,0
DA:612,0
DA:626,0
DA:636,0
DA:643,0
DA:645,0
LF:127
LH:10
BRDA:47,0,0,0
BRDA:47,0,1,0
BRDA:48,1,0,0
BRDA:48,1,1,0
BRDA:59,2,0,0
BRDA:59,2,1,0
BRDA:127,3,0,0
BRDA:127,3,1,0
BRDA:128,4,0,0
BRDA:128,4,1,0
BRDA:139,5,0,0
BRDA:139,5,1,0
BRDA:142,6,0,0
BRDA:142,6,1,0
BRDA:142,7,0,0
BRDA:142,7,1,0
BRDA:147,8,0,0
BRDA:147,8,1,0
BRDA:147,9,0,0
BRDA:147,9,1,0
BRDA:238,10,0,0
BRDA:238,10,1,0
BRDA:254,11,0,0
BRDA:254,11,1,0
BRDA:268,12,0,0
BRDA:268,12,1,0
BRDA:276,13,0,0
BRDA:276,13,1,0
BRDA:277,14,0,0
BRDA:277,14,1,0
BRDA:289,15,0,0
BRDA:289,15,1,0
BRDA:293,16,0,0
BRDA:293,16,1,0
BRDA:293,17,0,0
BRDA:293,17,1,0
BRDA:318,18,0,0
BRDA:318,18,1,0
BRDA:319,19,0,0
BRDA:319,19,1,0
BRDA:333,20,0,0
BRDA:333,20,1,0
BRDA:333,21,0,0
BRDA:333,21,1,0
BRDA:346,22,0,0
BRDA:346,22,1,0
BRDA:390,23,0,0
BRDA:390,23,1,0
BRDA:411,24,0,0
BRDA:411,24,1,0
BRDA:414,25,0,0
BRDA:414,25,1,0
BRDA:415,26,0,0
BRDA:415,26,1,0
BRDA:421,27,0,0
BRDA:421,27,1,0
BRDA:425,28,0,0
BRDA:425,28,1,0
BRDA:435,29,0,0
BRDA:435,29,1,0
BRDA:466,30,0,0
BRDA:466,30,1,0
BRDA:467,31,0,0
BRDA:467,31,1,0
BRDA:471,32,0,0
BRDA:471,32,1,0
BRDA:471,33,0,0
BRDA:471,33,1,0
BRDA:482,34,0,0
BRDA:482,34,1,0
BRDA:485,35,0,0
BRDA:485,35,1,0
BRDA:506,36,0,0
BRDA:506,36,1,0
BRDA:536,37,0,0
BRDA:536,37,1,0
BRDA:561,38,0,0
BRDA:561,38,1,0
BRDA:577,39,0,0
BRDA:577,39,1,0
BRDA:594,40,0,0
BRDA:594,40,1,0
BRDA:615,41,0,0
BRDA:615,41,1,0
BRDA:648,42,0,0
BRDA:648,42,1,0
BRF:86
BRH:0
end_of_record
TN:
SF:controllers\logbooks\internshipLogbookController.js
FN:9,(anonymous_0)
FN:40,(anonymous_1)
FN:70,(anonymous_2)
FN:116,(anonymous_3)
FN:159,(anonymous_4)
FN:198,(anonymous_5)
FN:237,(anonymous_6)
FN:276,(anonymous_7)
FN:314,(anonymous_8)
FN:359,(anonymous_9)
FN:396,(anonymous_10)
FN:452,(anonymous_11)
FNF:12
FNH:0
FNDA:0,(anonymous_0)
FNDA:0,(anonymous_1)
FNDA:0,(anonymous_2)
FNDA:0,(anonymous_3)
FNDA:0,(anonymous_4)
FNDA:0,(anonymous_5)
FNDA:0,(anonymous_6)
FNDA:0,(anonymous_7)
FNDA:0,(anonymous_8)
FNDA:0,(anonymous_9)
FNDA:0,(anonymous_10)
FNDA:0,(anonymous_11)
DA:1,4
DA:2,4
DA:9,4
DA:10,0
DA:11,0
DA:12,0
DA:13,0
DA:19,0
DA:21,0
DA:28,0
DA:29,0
DA:40,4
DA:41,0
DA:42,0
DA:43,0
DA:49,0
DA:51,0
DA:58,0
DA:59,0
DA:70,4
DA:71,0
DA:72,0
DA:73,0
DA:79,0
DA:80,0
DA:82,0
DA:89,0
DA:91,0
DA:92,0
DA:98,0
DA:99,0
DA:105,0
DA:116,4
DA:117,0
DA:118,0
DA:119,0
DA:125,0
DA:127,0
DA:134,0
DA:136,0
DA:142,0
DA:148,0
DA:159,4
DA:160,0
DA:161,0
DA:162,0
DA:163,0
DA:169,0
DA:171,0
DA:178,0
DA:180,0
DA:181,0
DA:187,0
DA:198,4
DA:199,0
DA:200,0
DA:201,0
DA:202,0
DA:208,0
DA:210,0
DA:217,0
DA:219,0
DA:220,0
DA:226,0
DA:237,4
DA:238,0
DA:239,0
DA:240,0
DA:246,0
DA:247,0
DA:249,0
DA:256,0
DA:258,0
DA:259,0
DA:265,0
DA:276,4
DA:277,0
DA:278,0
DA:279,0
DA:285,0
DA:287,0
DA:294,0
DA:296,0
DA:297,0
DA:303,0
DA:314,4
DA:315,0
DA:316,0
DA:317,0
DA:323,0
DA:325,0
DA:332,0
DA:334,0
DA:336,0
DA:342,0
DA:344,0
DA:350,0
DA:359,4
DA:360,0
DA:361,0
DA:362,0
DA:363,0
DA:365,0
DA:367,0
DA:374,0
DA:376,0
DA:377,0
DA:383,0
DA:396,4
DA:397,0
DA:399,0
DA:400,0
DA:406,0
DA:409,0
DA:410,0
DA:416,0
DA:423,0
DA:425,0
DA:432,0
DA:434,0
DA:435,0
DA:441,0
DA:452,4
DA:453,0
DA:455,0
DA:456,0
DA:462,0
DA:464,0
DA:465,0
DA:472,0
DA:479,0
DA:481,0
DA:482,0
DA:488,0
LF:134
LH:14
BRDA:11,0,0,0
BRDA:11,0,1,0
BRDA:11,1,0,0
BRDA:11,1,1,0
BRDA:31,2,0,0
BRDA:31,2,1,0
BRDA:32,3,0,0
BRDA:32,3,1,0
BRDA:42,4,0,0
BRDA:42,4,1,0
BRDA:42,5,0,0
BRDA:42,5,1,0
BRDA:61,6,0,0
BRDA:61,6,1,0
BRDA:62,7,0,0
BRDA:62,7,1,0
BRDA:72,8,0,0
BRDA:72,8,1,0
BRDA:72,9,0,0
BRDA:72,9,1,0
BRDA:91,10,0,0
BRDA:91,10,1,0
BRDA:98,11,0,0
BRDA:98,11,1,0
BRDA:107,12,0,0
BRDA:107,12,1,0
BRDA:108,13,0,0
BRDA:108,13,1,0
BRDA:118,14,0,0
BRDA:118,14,1,0
BRDA:118,15,0,0
BRDA:118,15,1,0
BRDA:136,16,0,0
BRDA:136,16,1,0
BRDA:137,17,0,0
BRDA:137,17,1,0
BRDA:137,17,2,0
BRDA:150,18,0,0
BRDA:150,18,1,0
BRDA:151,19,0,0
BRDA:151,19,1,0
BRDA:161,20,0,0
BRDA:161,20,1,0
BRDA:161,21,0,0
BRDA:161,21,1,0
BRDA:180,22,0,0
BRDA:180,22,1,0
BRDA:189,23,0,0
BRDA:189,23,1,0
BRDA:190,24,0,0
BRDA:190,24,1,0
BRDA:200,25,0,0
BRDA:200,25,1,0
BRDA:200,26,0,0
BRDA:200,26,1,0
BRDA:219,27,0,0
BRDA:219,27,1,0
BRDA:228,28,0,0
BRDA:228,28,1,0
BRDA:229,29,0,0
BRDA:229,29,1,0
BRDA:239,30,0,0
BRDA:239,30,1,0
BRDA:239,31,0,0
BRDA:239,31,1,0
BRDA:258,32,0,0
BRDA:258,32,1,0
BRDA:258,33,0,0
BRDA:258,33,1,0
BRDA:267,34,0,0
BRDA:267,34,1,0
BRDA:268,35,0,0
BRDA:268,35,1,0
BRDA:278,36,0,0
BRDA:278,36,1,0
BRDA:278,37,0,0
BRDA:278,37,1,0
BRDA:289,38,0,0
BRDA:289,38,1,0
BRDA:296,39,0,0
BRDA:296,39,1,0
BRDA:296,40,0,0
BRDA:296,40,1,0
BRDA:305,41,0,0
BRDA:305,41,1,0
BRDA:306,42,0,0
BRDA:306,42,1,0
BRDA:316,43,0,0
BRDA:316,43,1,0
BRDA:316,44,0,0
BRDA:316,44,1,0
BRDA:334,45,0,0
BRDA:334,45,1,0
BRDA:334,46,0,0
BRDA:334,46,1,0
BRDA:342,47,0,0
BRDA:342,47,1,0
BRDA:342,48,0,0
BRDA:342,48,1,0
BRDA:352,49,0,0
BRDA:352,49,1,0
BRDA:353,50,0,0
BRDA:353,50,1,0
BRDA:376,51,0,0
BRDA:376,51,1,0
BRDA:376,52,0,0
BRDA:376,52,1,0
BRDA:386,53,0,0
BRDA:386,53,1,0
BRDA:399,54,0,0
BRDA:399,54,1,0
BRDA:399,55,0,0
BRDA:399,55,1,0
BRDA:409,56,0,0
BRDA:409,56,1,0
BRDA:409,57,0,0
BRDA:409,57,1,0
BRDA:409,57,2,0
BRDA:420,58,0,0
BRDA:420,58,1,0
BRDA:434,59,0,0
BRDA:434,59,1,0
BRDA:444,60,0,0
BRDA:444,60,1,0
BRDA:455,61,0,0
BRDA:455,61,1,0
BRDA:455,62,0,0
BRDA:455,62,1,0
BRDA:464,63,0,0
BRDA:464,63,1,0
BRDA:481,64,0,0
BRDA:481,64,1,0
BRDA:491,65,0,0
BRDA:491,65,1,0
BRF:134
BRH:0
end_of_record
TN:
SF:controllers\logbooks\projectLogbookController.js
FNF:0
FNH:0
LF:0
LH:0
BRF:0
BRH:0
end_of_record
TN:
SF:middleware\authMiddleware.js
FN:10,(anonymous_0)
FN:72,(anonymous_1)
FN:72,(anonymous_2)
FN:94,(anonymous_3)
FN:94,(anonymous_4)
FN:149,(anonymous_5)
FN:149,(anonymous_6)
FN:203,(anonymous_7)
FN:236,(anonymous_8)
FN:237,(anonymous_9)
FNF:10
FNH:6
FNDA:3,(anonymous_0)
FNDA:285,(anonymous_1)
FNDA:1,(anonymous_2)
FNDA:54,(anonymous_3)
FNDA:1,(anonymous_4)
FNDA:15,(anonymous_5)
FNDA:0,(anonymous_6)
FNDA:0,(anonymous_7)
FNDA:0,(anonymous_8)
FNDA:0,(anonymous_9)
DA:1,3
DA:2,3
DA:3,3
DA:4,3
DA:7,3
DA:9,3
DA:11,3
DA:13,3
DA:14,3
DA:17,3
DA:18,1
DA:26,2
DA:29,2
DA:36,2
DA:37,0
DA:41,2
DA:42,0
DA:46,0
DA:48,0
DA:53,2
DA:59,2
DA:60,2
DA:62,0
DA:63,0
DA:72,285
DA:74,1
DA:75,0
DA:83,1
DA:84,0
DA:90,1
DA:94,54
DA:95,1
DA:96,1
DA:97,0
DA:105,1
DA:106,0
DA:114,1
DA:115,1
DA:119,1
DA:120,0
DA:128,1
DA:129,1
DA:137,0
DA:138,0
DA:140,0
DA:141,0
DA:149,15
DA:150,0
DA:151,0
DA:152,0
DA:160,0
DA:161,0
DA:164,0
DA:165,0
DA:172,0
DA:173,0
DA:175,0
DA:176,0
DA:183,0
DA:184,0
DA:192,0
DA:193,0
DA:195,0
DA:196,0
DA:204,0
DA:206,0
DA:213,0
DA:214,0
DA:218,0
DA:219,0
DA:220,0
DA:222,0
DA:223,0
DA:225,0
DA:231,0
DA:232,0
DA:237,0
DA:239,0
DA:240,0
DA:247,0
DA:249,0
DA:257,0
DA:271,0
DA:272,0
DA:273,0
DA:280,0
DA:281,0
DA:288,0
DA:290,0
DA:291,0
DA:301,3
LF:91
LH:33
BRDA:17,0,0,1
BRDA:17,0,1,2
BRDA:36,1,0,0
BRDA:36,1,1,2
BRDA:41,2,0,0
BRDA:41,2,1,2
BRDA:46,3,0,0
BRDA:46,3,1,0
BRDA:56,4,0,2
BRDA:56,4,1,2
BRDA:65,5,0,0
BRDA:65,5,1,0
BRDA:74,6,0,0
BRDA:74,6,1,1
BRDA:83,7,0,0
BRDA:83,7,1,1
BRDA:96,8,0,0
BRDA:96,8,1,1
BRDA:105,9,0,0
BRDA:105,9,1,1
BRDA:119,10,0,0
BRDA:119,10,1,1
BRDA:128,11,0,1
BRDA:128,11,1,0
BRDA:151,12,0,0
BRDA:151,12,1,0
BRDA:160,13,0,0
BRDA:160,13,1,0
BRDA:164,14,0,0
BRDA:164,14,1,0
BRDA:175,15,0,0
BRDA:175,15,1,0
BRDA:183,16,0,0
BRDA:183,16,1,0
BRDA:213,17,0,0
BRDA:213,17,1,0
BRDA:222,18,0,0
BRDA:222,18,1,0
BRDA:222,19,0,0
BRDA:222,19,1,0
BRDA:239,20,0,0
BRDA:239,20,1,0
BRDA:259,21,0,0
BRDA:259,21,1,0
BRDA:263,22,0,0
BRDA:263,22,1,0
BRDA:263,22,2,0
BRDA:272,23,0,0
BRDA:272,23,1,0
BRDA:272,24,0,0
BRDA:272,24,1,0
BRDA:280,25,0,0
BRDA:280,25,1,0
BRDA:283,26,0,0
BRDA:283,26,1,0
BRF:55
BRH:12
end_of_record
TN:
SF:middleware\deadlineEnforcementMiddleware.js
FN:27,(anonymous_0)
FN:28,(anonymous_1)
FN:194,(anonymous_2)
FN:195,(anonymous_3)
FNF:4
FNH:1
FNDA:12,(anonymous_0)
FNDA:0,(anonymous_1)
FNDA:0,(anonymous_2)
FNDA:0,(anonymous_3)
DA:11,4
DA:12,4
DA:13,4
DA:14,4
DA:20,4
DA:27,4
DA:28,12
DA:29,0
DA:30,0
DA:33,0
DA:43,0
DA:44,0
DA:49,0
DA:56,0
DA:57,0
DA:58,0
DA:64,0
DA:72,0
DA:76,0
DA:77,0
DA:84,0
DA:92,0
DA:102,0
DA:103,0
DA:109,0
DA:120,0
DA:121,0
DA:126,0
DA:134,0
DA:135,0
DA:137,0
DA:139,0
DA:140,0
DA:144,0
DA:146,0
DA:147,0
DA:148,0
DA:152,0
DA:162,0
DA:164,0
DA:165,0
DA:169,0
DA:178,0
DA:180,0
DA:181,0
DA:194,4
DA:195,0
DA:196,0
DA:197,0
DA:199,0
DA:200,0
DA:203,0
DA:212,0
DA:213,0
DA:216,0
DA:217,0
DA:219,0
DA:220,0
DA:223,0
DA:234,0
DA:236,0
DA:243,0
DA:244,0
DA:245,0
DA:249,0
DA:251,0
DA:253,0
DA:258,4
LF:68
LH:9
BRDA:27,0,0,0
BRDA:30,1,0,0
BRDA:30,1,1,0
BRDA:43,2,0,0
BRDA:43,2,1,0
BRDA:57,3,0,0
BRDA:57,3,1,0
BRDA:57,4,0,0
BRDA:57,4,1,0
BRDA:76,5,0,0
BRDA:76,5,1,0
BRDA:102,6,0,0
BRDA:102,6,1,0
BRDA:120,7,0,0
BRDA:120,7,1,0
BRDA:137,8,0,0
BRDA:137,8,1,0
BRDA:146,9,0,0
BRDA:146,9,1,0
BRDA:162,10,0,0
BRDA:162,10,1,0
BRDA:194,11,0,0
BRDA:197,12,0,0
BRDA:197,12,1,0
BRDA:199,13,0,0
BRDA:199,13,1,0
BRDA:212,14,0,0
BRDA:212,14,1,0
BRDA:212,15,0,0
BRDA:212,15,1,0
BRDA:219,16,0,0
BRDA:219,16,1,0
BRDA:234,17,0,0
BRDA:234,17,1,0
BRDA:238,18,0,0
BRDA:238,18,1,0
BRDA:243,19,0,0
BRDA:243,19,1,0
BRDA:243,20,0,0
BRDA:243,20,1,0
BRF:40
BRH:0
end_of_record
TN:
SF:middleware\internshipDeadlineMiddleware.js
FN:28,(anonymous_0)
FN:29,(anonymous_1)
FN:139,(anonymous_2)
FN:140,(anonymous_3)
FNF:4
FNH:1
FNDA:12,(anonymous_0)
FNDA:0,(anonymous_1)
FNDA:0,(anonymous_2)
FNDA:0,(anonymous_3)
DA:13,4
DA:14,4
DA:15,4
DA:16,4
DA:20,4
DA:28,4
DA:29,12
DA:30,0
DA:35,0
DA:37,0
DA:40,0
DA:49,0
DA:50,0
DA:56,0
DA:57,0
DA:58,0
DA:64,0
DA:65,0
DA:66,0
DA:69,0
DA:76,0
DA:79,0
DA:99,0
DA:101,0
DA:103,0
DA:107,0
DA:111,0
DA:118,0
DA:120,0
DA:129,0
DA:130,0
DA:139,4
DA:140,0
DA:141,0
DA:142,0
DA:143,0
DA:144,0
DA:147,0
DA:167,0
DA:169,0
DA:171,0
DA:177,0
DA:178,0
DA:179,0
DA:183,0
DA:185,0
DA:187,0
DA:192,4
LF:48
LH:9
BRDA:28,0,0,0
BRDA:35,1,0,0
BRDA:35,1,1,0
BRDA:49,2,0,0
BRDA:49,2,1,0
BRDA:56,3,0,0
BRDA:56,3,1,0
BRDA:64,4,0,0
BRDA:64,4,1,0
BRDA:64,5,0,0
BRDA:64,5,1,0
BRDA:99,6,0,0
BRDA:99,6,1,0
BRDA:101,7,0,0
BRDA:101,7,1,0
BRDA:139,8,0,0
BRDA:167,9,0,0
BRDA:167,9,1,0
BRDA:169,10,0,0
BRDA:169,10,1,0
BRDA:177,11,0,0
BRDA:177,11,1,0
BRDA:177,12,0,0
BRDA:177,12,1,0
BRF:24
BRH:0
end_of_record
TN:
SF:middleware\internshipEligibilityMiddleware.js
FN:28,(anonymous_0)
FNF:1
FNH:0
FNDA:0,(anonymous_0)
DA:1,4
DA:2,4
DA:28,4
DA:29,0
DA:31,0
DA:35,0
DA:36,0
DA:37,0
DA:44,0
DA:45,0
DA:48,0
DA:49,0
DA:50,0
DA:54,0
DA:55,0
DA:56,0
DA:66,0
DA:67,0
DA:68,0
DA:72,0
DA:73,0
DA:81,0
DA:86,0
DA:87,0
DA:93,0
DA:94,0
DA:108,0
DA:109,0
DA:110,0
DA:113,0
DA:119,0
LF:31
LH:3
BRDA:35,0,0,0
BRDA:35,0,1,0
BRDA:48,1,0,0
BRDA:48,1,1,0
BRDA:54,2,0,0
BRDA:54,2,1,0
BRDA:54,3,0,0
BRDA:54,3,1,0
BRDA:66,4,0,0
BRDA:66,4,1,0
BRDA:66,5,0,0
BRDA:66,5,1,0
BRDA:72,6,0,0
BRDA:72,6,1,0
BRDA:86,7,0,0
BRDA:86,7,1,0
BRDA:93,8,0,0
BRDA:93,8,1,0
BRF:18
BRH:0
end_of_record
TN:
SF:middleware\projectEligibilityMiddleware.js
FN:29,(anonymous_0)
FN:140,(anonymous_1)
FNF:2
FNH:0
FNDA:0,(anonymous_0)
FNDA:0,(anonymous_1)
DA:1,4
DA:2,4
DA:29,4
DA:30,0
DA:32,0
DA:36,0
DA:37,0
DA:38,0
DA:45,0
DA:46,0
DA:49,0
DA:50,0
DA:51,0
DA:55,0
DA:56,0
DA:57,0
DA:67,0
DA:68,0
DA:69,0
DA:74,0
DA:75,0
DA:83,0
DA:88,0
DA:89,0
DA:95,0
DA:96,0
DA:110,0
DA:111,0
DA:112,0
DA:115,0
DA:121,0
DA:140,4
DA:141,0
DA:142,0
DA:143,0
DA:145,0
DA:146,0
DA:152,0
DA:154,0
DA:161,0
DA:162,0
DA:163,0
DA:171,0
DA:172,0
DA:175,0
DA:181,0
LF:46
LH:4
BRDA:36,0,0,0
BRDA:36,0,1,0
BRDA:49,1,0,0
BRDA:49,1,1,0
BRDA:55,2,0,0
BRDA:55,2,1,0
BRDA:55,3,0,0
BRDA:55,3,1,0
BRDA:67,4,0,0
BRDA:67,4,1,0
BRDA:67,5,0,0
BRDA:67,5,1,0
BRDA:74,6,0,0
BRDA:74,6,1,0
BRDA:88,7,0,0
BRDA:88,7,1,0
BRDA:95,8,0,0
BRDA:95,8,1,0
BRDA:143,9,0,0
BRDA:143,9,1,0
BRDA:145,10,0,0
BRDA:145,10,1,0
BRDA:161,11,0,0
BRDA:161,11,1,0
BRF:24
BRH:0
end_of_record
TN:
SF:middleware\rateLimiter.js
FN:9,(anonymous_0)
FNF:1
FNH:0
FNDA:0,(anonymous_0)
DA:1,4
DA:3,4
DA:10,0
DA:18,4
LF:4
LH:3
BRF:0
BRH:0
end_of_record
TN:
SF:services\academicService.js
FN:11,(anonymous_0)
FN:21,(anonymous_1)
FN:28,(anonymous_2)
FN:29,(anonymous_3)
FN:41,(anonymous_4)
FN:49,(anonymous_5)
FN:76,(anonymous_6)
FN:105,(anonymous_7)
FN:145,(anonymous_8)
FN:160,(anonymous_9)
[...]
DA:77,0
DA:80,0
DA:81,0
DA:85,0
DA:86,0
DA:88,0
DA:89,0
DA:92,0
DA:93,0
DA:98,0
DA:99,0
DA:100,0
DA:101,0
DA:103,0
DA:106,0
DA:108,0
DA:110,0
DA:112,0
DA:113,0
DA:116,0
DA:120,0
DA:123,0
DA:124,0
DA:126,0
DA:127,0
DA:128,0
DA:129,0
DA:130,0
DA:134,0
DA:137,6
LF:53
LH:6
BRDA:18,0,0,6
BRDA:18,0,1,2
BRDA:23,1,0,0
BRDA:23,1,1,0
BRDA:25,2,0,0
BRDA:25,2,1,0
BRDA:25,2,2,0
BRDA:25,2,3,0
BRDA:25,2,4,0
BRDA:47,3,0,0
BRDA:47,3,1,0
BRDA:98,4,0,0
BRDA:98,4,1,0
BRDA:98,5,0,0
BRDA:98,5,1,0
BRDA:126,6,0,0
BRDA:126,6,1,0
BRDA:129,7,0,0
BRDA:129,7,1,0
BRF:19
BRH:2
end_of_record
TN:
SF:utils\gmailTransport.js
FN:11,(anonymous_0)
FN:20,(anonymous_1)
FN:80,(anonymous_2)
FN:93,(anonymous_3)
FN:101,(anonymous_4)
FN:132,(anonymous_5)
FN:147,(anonymous_6)
FNF:7
FNH:1
FNDA:6,(anonymous_0)
FNDA:0,(anonymous_1)
FNDA:0,(anonymous_2)
FNDA:0,(anonymous_3)
FNDA:0,(anonymous_4)
FNDA:0,(anonymous_5)
FNDA:0,(anonymous_6)
DA:6,6
DA:7,6
DA:8,6
DA:12,6
DA:13,6
DA:14,6
DA:21,0
DA:23,0
DA:25,0
DA:32,0
DA:33,0
DA:34,0
DA:39,0
DA:46,0
DA:51,0
DA:64,0
DA:66,0
DA:67,0
DA:72,0
DA:73,0
DA:81,0
DA:82,0
DA:83,0
DA:85,0
DA:86,0
DA:94,0
DA:95,0
DA:96,0
DA:100,0
DA:101,0
DA:102,0
DA:105,0
DA:110,0
DA:116,0
DA:124,0
DA:125,0
DA:133,0
DA:134,0
DA:135,0
DA:137,0
DA:139,0
DA:140,0
DA:148,0
DA:149,0
DA:150,0
DA:151,0
DA:157,6
DA:159,6
LF:48
LH:8
BRDA:21,0,0,0
BRDA:21,0,1,0
BRDA:33,1,0,0
BRDA:33,1,1,0
BRDA:95,2,0,0
BRDA:95,2,1,0
BRDA:107,3,0,0
BRDA:107,3,1,0
BRDA:134,4,0,0
BRDA:134,4,1,0
BRDA:148,5,0,0
BRDA:148,5,1,0
BRF:12
BRH:0
end_of_record
TN:
SF:utils\lateSubmissionHelper.js
FN:19,calculateTopicSubmissionLate
FN:71,calculateDefenseRequestLate
FN:128,calculateSystemTestRequestLate
FN:177,formatLateSubmissionMessage
FNF:4
FNH:2
FNDA:2,calculateTopicSubmissionLate
FNDA:5,calculateDefenseRequestLate
FNDA:0,calculateSystemTestRequestLate
FNDA:0,formatLateSubmissionMessage
DA:8,13
DA:9,13
DA:10,13
DA:11,13
DA:20,2
DA:21,2
DA:22,0
DA:30,2
DA:37,2
DA:39,2
DA:46,0
DA:48,0
DA:54,0
DA:56,0
DA:72,5
DA:73,5
DA:74,0
DA:81,5
DA:84,5
DA:88,5
DA:90,5
DA:97,5
DA:98,5
DA:105,0
DA:107,0
DA:113,0
DA:114,0
DA:129,0
DA:130,0
DA:131,0
DA:139,0
DA:146,0
DA:147,0
DA:154,0
DA:156,0
DA:162,0
DA:163,0
DA:178,0
DA:179,0
DA:182,0
DA:183,0
DA:185,0
DA:186,0
DA:187,0
DA:188,0
DA:190,0
DA:193,0
DA:194,0
DA:195,0
DA:196,0
DA:198,0
DA:201,0
DA:204,13
LF:53
LH:18
BRDA:19,0,0,0
BRDA:21,1,0,0
BRDA:21,1,1,2
BRDA:37,2,0,2
BRDA:37,2,1,0
BRDA:37,3,0,2
BRDA:37,3,1,0
BRDA:42,4,0,0
BRDA:42,4,1,2
BRDA:50,5,0,0
BRDA:50,5,1,0
BRDA:71,6,0,0
BRDA:73,7,0,0
BRDA:73,7,1,5
BRDA:84,8,0,2
BRDA:84,8,1,3
BRDA:88,9,0,2
BRDA:88,9,1,3
BRDA:97,10,0,5
BRDA:97,10,1,0
BRDA:97,11,0,5
BRDA:97,11,1,0
BRDA:101,12,0,0
BRDA:101,12,1,5
BRDA:109,13,0,0
BRDA:109,13,1,0
BRDA:128,14,0,0
BRDA:130,15,0,0
BRDA:130,15,1,0
BRDA:146,16,0,0
BRDA:146,16,1,0
BRDA:146,17,0,0
BRDA:146,17,1,0
BRDA:150,18,0,0
BRDA:150,18,1,0
BRDA:158,19,0,0
BRDA:158,19,1,0
BRDA:178,20,0,0
BRDA:178,20,1,0
BRDA:178,21,0,0
BRDA:178,21,1,0
BRDA:185,22,0,0
BRDA:185,22,1,0
BRDA:187,23,0,0
BRDA:187,23,1,0
BRDA:193,24,0,0
BRDA:193,24,1,0
BRDA:195,25,0,0
BRDA:195,25,1,0
BRF:49
BRH:12
end_of_record
TN:
SF:utils\logger.js
FN:23,(anonymous_0)
FN:30,(anonymous_1)
FN:32,(anonymous_2)
FN:68,(anonymous_3)
FN:105,(anonymous_4)
FN:116,(anonymous_5)
FN:150,(anonymous_6)
FN:166,(anonymous_7)
FN:177,(anonymous_8)
FN:188,(anonymous_9)
FN:195,(anonymous_10)
FNF:11
FNH:4
FNDA:29,(anonymous_0)
FNDA:29,(anonymous_1)
FNDA:113,(anonymous_2)
FNDA:12,(anonymous_3)
FNDA:0,(anonymous_4)
FNDA:0,(anonymous_5)
FNDA:0,(anonymous_6)
FNDA:0,(anonymous_7)
FNDA:0,(anonymous_8)
FNDA:0,(anonymous_9)
FNDA:0,(anonymous_10)
DA:6,12
DA:7,12
DA:8,12
DA:10,12
DA:11,12
DA:14,12
DA:15,12
DA:16,0
DA:20,12
DA:24,29
DA:27,29
DA:28,29
DA:30,29
DA:31,29
DA:32,29
DA:33,113
DA:34,29
DA:35,0
DA:37,29
DA:40,29
DA:41,0
DA:45,29
DA:46,0
DA:49,113
DA:53,29
DA:55,0
DA:60,29
DA:61,2
DA:64,29
DA:68,12
DA:69,12
DA:70,4
DA:72,8
DA:73,8
DA:76,0
DA:80,12
DA:82,12
DA:83,0
DA:106,0
DA:107,0
DA:109,0
DA:110,0
DA:113,0
DA:116,0
DA:122,12
DA:123,0
DA:130,12
DA:132,12
DA:135,12
DA:142,12
DA:144,0
DA:151,0
DA:152,0
DA:159,0
DA:160,0
DA:163,0
DA:166,0
DA:171,0
DA:178,0
DA:179,0
DA:181,0
DA:182,0
DA:185,0
DA:189,0
DA:190,0
DA:192,0
DA:195,0
DA:196,0
DA:198,0
DA:205,12
LF:70
LH:37
BRDA:11,0,0,12
BRDA:11,0,1,0
BRDA:15,1,0,0
BRDA:15,1,1,12
BRDA:15,2,0,12
BRDA:15,2,1,0
BRDA:27,3,0,29
BRDA:27,3,1,0
BRDA:33,4,0,29
BRDA:33,4,1,84
BRDA:33,5,0,113
BRDA:33,5,1,29
BRDA:34,6,0,0
BRDA:34,6,1,29
BRDA:40,7,0,0
BRDA:40,7,1,29
BRDA:40,8,0,29
BRDA:40,8,1,29
BRDA:45,9,0,0
BRDA:45,9,1,29
BRDA:45,10,0,29
BRDA:45,10,1,29
BRDA:60,11,0,2
BRDA:60,11,1,27
BRDA:69,12,0,4
BRDA:69,12,1,8
BRDA:72,13,0,8
BRDA:72,13,1,0
BRDA:82,14,0,0
BRDA:82,14,1,12
BRDA:106,15,0,0
BRDA:106,15,1,0
BRDA:109,16,0,0
BRDA:109,16,1,0
BRDA:109,17,0,0
BRDA:109,17,1,0
BRDA:122,18,0,0
BRDA:122,18,1,12
BRDA:130,19,0,12
BRDA:130,19,1,0
BRDA:136,20,0,12
BRDA:136,20,1,12
BRDA:142,21,0,0
BRDA:142,21,1,12
BRDA:151,22,0,0
BRDA:151,22,1,0
BRDA:152,23,0,0
BRDA:152,23,1,0
BRDA:152,23,2,0
BRDA:152,23,3,0
BRDA:152,23,4,0
BRDA:152,23,5,0
BRDA:159,24,0,0
BRDA:159,24,1,0
BRDA:178,25,0,0
BRDA:178,25,1,0
BRDA:179,26,0,0
BRDA:179,26,1,0
BRDA:181,27,0,0
BRDA:181,27,1,0
BRDA:189,28,0,0
BRDA:189,28,1,0
BRDA:192,29,0,0
BRDA:192,29,1,0
BRDA:196,30,0,0
BRDA:196,30,1,0
BRF:66
BRH:26
end_of_record
TN:
SF:utils\mailer.js
FN:9,sendEmail
FN:15,extractMessageId
FN:21,loadTemplate
FN:32,(anonymous_3)
FN:44,escapeHtml
FN:55,(anonymous_5)
FN:80,sendLoginNotification
FN:125,sendDocumentApprovalNotification
FN:177,sendLogbookSubmissionNotification
FN:222,sendMeetingScheduledNotification
FN:250,(anonymous_10)
FN:269,(anonymous_11)
FN:350,sendTimeSheetApprovalRequest
FN:392,(anonymous_13)
FN:457,sendTimeSheetApprovalResultNotification
FN:502,sendInternshipEvaluationRequestEmail
FN:561,sendEvaluationSubmittedNotificationToStudent
FN:611,sendEvaluationSubmittedNotificationToAdvisor
FNF:18
FNH:0
FNDA:0,sendEmail
FNDA:0,extractMessageId
FNDA:0,loadTemplate
FNDA:0,(anonymous_3)
FNDA:0,escapeHtml
FNDA:0,(anonymous_5)
FNDA:0,sendLoginNotification
FNDA:0,sendDocumentApprovalNotification
FNDA:0,sendLogbookSubmissionNotification
FNDA:0,sendMeetingScheduledNotification
FNDA:0,(anonymous_10)
FNDA:0,(anonymous_11)
FNDA:0,sendTimeSheetApprovalRequest
FNDA:0,(anonymous_13)
FNDA:0,sendTimeSheetApprovalResultNotification
FNDA:0,sendInternshipEvaluationRequestEmail
FNDA:0,sendEvaluationSubmittedNotificationToStudent
FNDA:0,sendEvaluationSubmittedNotificationToAdvisor
DA:1,6
DA:2,6
DA:3,6
DA:4,6
DA:5,6
DA:6,6
DA:10,0
DA:11,0
DA:16,0
DA:17,0
DA:22,0
DA:23,0
DA:25,0
DA:26,0
DA:29,0
DA:32,0
DA:33,0
DA:34,0
DA:37,0
DA:39,0
DA:40,0
DA:45,0
DA:46,0
DA:55,6
DA:56,0
DA:58,0
DA:60,0
DA:65,0
DA:67,0
DA:74,0
DA:75,0
DA:81,0
DA:83,0
DA:85,0
DA:86,0
DA:91,0
DA:94,0
DA:101,0
DA:109,0
DA:110,0
DA:111,0
DA:112,0
DA:114,0
DA:120,0
DA:126,0
DA:127,0
DA:129,0
DA:130,0
DA:137,0
DA:141,0
DA:143,0
DA:151,0
DA:159,0
DA:160,0
DA:161,0
DA:162,0
DA:164,0
DA:172,0
DA:178,0
DA:179,0
DA:181,0
DA:182,0
DA:188,0
DA:191,0
DA:197,0
DA:205,0
DA:206,0
DA:207,0
DA:208,0
DA:210,0
DA:217,0
DA:237,0
DA:238,0
DA:240,0
DA:241,0
DA:247,0
DA:250,0
DA:251,0
DA:252,0
DA:253,0
DA:261,0
DA:265,0
DA:267,0
DA:270,0
DA:271,0
DA:272,0
DA:273,0
DA:278,0
DA:280,0
DA:284,0
DA:288,0
DA:297,0
DA:318,0
DA:320,0
DA:327,0
DA:328,0
DA:329,0
DA:336,0
DA:338,0
DA:345,0
DA:351,0
DA:353,0
DA:355,0
DA:356,0
DA:363,0
DA:370,0
DA:372,0
DA:373,0
DA:374,0
DA:376,0
DA:377,0
DA:378,0
DA:380,0
DA:381,0
DA:382,0
DA:384,0
DA:385,0
DA:388,0
DA:391,0
DA:392,0
DA:393,0
DA:405,0
DA:407,0
DA:420,0
DA:431,0
DA:439,0
DA:440,0
DA:441,0
DA:442,0
DA:444,0
DA:452,0
DA:458,0
DA:459,0
DA:460,0
DA:463,0
DA:464,0
DA:465,0
DA:468,0
DA:476,0
DA:484,0
DA:492,0
DA:493,0
DA:494,0
DA:496,0
DA:497,0
DA:503,0
DA:505,0
DA:507,0
DA:508,0
DA:516,0
DA:519,0
DA:535,0
DA:543,0
DA:544,0
DA:545,0
DA:546,0
DA:548,0
DA:556,0
DA:562,0
DA:564,0
DA:566,0
DA:567,0
DA:574,0
DA:577,0
DA:584,0
DA:586,0
DA:594,0
DA:595,0
DA:596,0
DA:597,0
DA:599,0
DA:606,0
DA:612,0
DA:614,0
DA:616,0
DA:617,0
DA:625,0
DA:628,0
DA:636,0
DA:638,0
DA:646,0
DA:647,0
DA:648,0
DA:649,0
DA:651,0
DA:658,0
DA:663,6
LF:187
LH:8
BRDA:10,0,0,0
BRDA:10,0,1,0
BRDA:16,1,0,0
BRDA:16,1,1,0
BRDA:17,2,0,0
BRDA:17,2,1,0
BRDA:21,3,0,0
BRDA:25,4,0,0
BRDA:25,4,1,0
BRDA:34,5,0,0
BRDA:34,5,1,0
BRDA:45,6,0,0
BRDA:45,6,1,0
BRDA:45,7,0,0
BRDA:45,7,1,0
BRDA:85,8,0,0
BRDA:85,8,1,0
BRDA:129,9,0,0
BRDA:129,9,1,0
BRDA:141,10,0,0
BRDA:141,10,1,0
BRDA:181,11,0,0
BRDA:181,11,1,0
BRDA:233,12,0,0
BRDA:240,13,0,0
BRDA:240,13,1,0
BRDA:251,14,0,0
BRDA:251,14,1,0
BRDA:265,15,0,0
BRDA:265,15,1,0
BRDA:267,16,0,0
BRDA:267,16,1,0
BRDA:267,17,0,0
BRDA:267,17,1,0
BRDA:270,18,0,0
BRDA:270,18,1,0
BRDA:271,19,0,0
BRDA:271,19,1,0
BRDA:272,20,0,0
BRDA:272,20,1,0
BRDA:280,21,0,0
BRDA:280,21,1,0
BRDA:284,22,0,0
BRDA:284,22,1,0
BRDA:288,23,0,0
BRDA:288,23,1,0
BRDA:298,24,0,0
BRDA:298,24,1,0
BRDA:299,25,0,0
BRDA:299,25,1,0
BRDA:300,26,0,0
BRDA:300,26,1,0
BRDA:301,27,0,0
BRDA:301,27,1,0
BRDA:302,28,0,0
BRDA:302,28,1,0
BRDA:302,28,2,0
BRDA:306,29,0,0
BRDA:306,29,1,0
BRDA:318,30,0,0
BRDA:318,30,1,0
BRDA:318,30,2,0
BRDA:350,31,0,0
BRDA:355,32,0,0
BRDA:355,32,1,0
BRDA:370,33,0,0
BRDA:370,33,1,0
BRDA:370,33,2,0
BRDA:370,33,3,0
BRDA:391,34,0,0
BRDA:391,34,1,0
BRDA:396,35,0,0
BRDA:396,35,1,0
BRDA:397,36,0,0
BRDA:397,36,1,0
BRDA:398,37,0,0
BRDA:398,37,1,0
BRDA:399,38,0,0
BRDA:399,38,1,0
BRDA:400,39,0,0
BRDA:400,39,1,0
BRDA:401,40,0,0
BRDA:401,40,1,0
BRDA:405,41,0,0
BRDA:405,41,1,0
BRDA:410,42,0,0
BRDA:410,42,1,0
BRDA:411,43,0,0
BRDA:411,43,1,0
BRDA:412,44,0,0
BRDA:412,44,1,0
BRDA:413,45,0,0
BRDA:413,45,1,0
BRDA:414,46,0,0
BRDA:414,46,1,0
BRDA:415,47,0,0
BRDA:415,47,1,0
BRDA:423,48,0,0
BRDA:423,48,1,0
BRDA:423,48,2,0
BRDA:423,48,3,0
BRDA:424,49,0,0
BRDA:424,49,1,0
BRDA:424,49,2,0
BRDA:424,49,3,0
BRDA:458,50,0,0
BRDA:458,50,1,0
BRDA:464,51,0,0
BRDA:464,51,1,0
BRDA:465,52,0,0
BRDA:465,52,1,0
BRDA:468,53,0,0
BRDA:468,53,1,0
BRDA:507,54,0,0
BRDA:507,54,1,0
BRDA:566,55,0,0
BRDA:566,55,1,0
BRDA:616,56,0,0
BRDA:616,56,1,0
BRF:119
BRH:0
end_of_record
TN:
SF:utils\passwordMailer.js
FN:1,(anonymous_0)
FN:5,(anonymous_1)
FN:11,sendPasswordChangeOtpEmail
FN:28,sendPasswordChangedNotice
FNF:4
FNH:1
FNDA:4,(anonymous_0)
FNDA:0,(anonymous_1)
FNDA:0,sendPasswordChangeOtpEmail
FNDA:0,sendPasswordChangedNotice
DA:1,4
DA:3,4
DA:4,4
DA:5,0
DA:9,4
DA:12,0
DA:20,0
DA:21,0
DA:23,0
DA:24,0
DA:29,0
DA:34,0
DA:35,0
DA:37,0
DA:41,4
LF:15
LH:5
BRDA:14,0,0,0
BRDA:14,0,1,0
BRDA:31,1,0,0
BRDA:31,1,1,0
BRF:4
BRH:0
end_of_record
TN:
SF:utils\promotionUtils.js
FN:8,(anonymous_0)
FN:57,(anonymous_1)
FN:62,(anonymous_2)
FNF:3
FNH:0
FNDA:0,(anonymous_0)
FNDA:0,(anonymous_1)
FNDA:0,(anonymous_2)
DA:1,0
DA:2,0
DA:3,0
DA:8,0
DA:9,0
DA:15,0
DA:16,0
DA:23,0
DA:24,0
DA:25,0
DA:26,0
DA:27,0
DA:29,0
DA:30,0
DA:31,0
DA:33,0
DA:39,0
DA:42,0
DA:49,0
DA:52,0
DA:57,0
DA:58,0
DA:62,0
DA:63,0
DA:68,0
LF:25
LH:0
BRDA:29,0,0,0
BRDA:29,0,1,0
BRDA:58,1,0,0
BRDA:58,1,1,0
BRDA:63,2,0,0
BRDA:63,2,1,0
BRDA:63,2,2,0
BRF:7
BRH:0
end_of_record
TN:
SF:utils\requestDeadlineChecker.js
FN:18,findApplicableDeadline
FN:54,computeSubmissionStatus
FN:117,checkDefenseRequestDeadline
FN:171,checkSystemTestRequestDeadline
FN:217,createDeadlineTag
FNF:5
FNH:1
FNDA:7,findApplicableDeadline
FNDA:0,computeSubmissionStatus
FNDA:0,checkDefenseRequestDeadline
FNDA:0,checkSystemTestRequestDeadline
FNDA:0,createDeadlineTag
DA:8,13
DA:9,13
DA:10,13
DA:11,13
DA:19,7
DA:20,7
DA:27,7
DA:28,2
DA:29,2
DA:32,7
DA:41,0
DA:43,7
DA:44,7
DA:55,0
DA:56,0
DA:65,0
DA:66,0
DA:69,0
DA:70,0
DA:71,0
DA:74,0
DA:77,0
DA:78,0
DA:81,0
DA:84,0
DA:86,0
DA:87,0
DA:88,0
DA:89,0
DA:90,0
DA:93,0
DA:118,0
DA:119,0
DA:129,0
DA:130,0
DA:133,0
DA:137,0
DA:140,0
DA:147,0
DA:148,0
DA:158,0
DA:160,0
DA:172,0
DA:173,0
DA:183,0
DA:186,0
DA:193,0
DA:194,0
DA:204,0
DA:206,0
DA:218,0
DA:219,0
DA:222,0
DA:224,0
DA:225,0
DA:226,0
DA:228,0
DA:229,0
DA:230,0
DA:232,0
DA:235,0
DA:243,0
DA:244,0
DA:245,0
DA:247,0
DA:248,0
DA:249,0
DA:251,0
DA:254,0
DA:263,0
DA:266,13
LF:71
LH:13
BRDA:27,0,0,2
BRDA:27,0,1,5
BRDA:27,1,0,7
BRDA:27,1,1,2
BRDA:55,2,0,0
BRDA:55,2,1,0
BRDA:55,3,0,0
BRDA:55,3,1,0
BRDA:70,4,0,0
BRDA:70,4,1,0
BRDA:70,5,0,0
BRDA:70,5,1,0
BRDA:78,6,0,0
BRDA:78,6,1,0
BRDA:81,7,0,0
BRDA:81,7,1,0
BRDA:84,8,0,0
BRDA:84,8,1,0
BRDA:87,9,0,0
BRDA:87,9,1,0
BRDA:89,10,0,0
BRDA:89,10,1,0
BRDA:118,11,0,0
BRDA:118,11,1,0
BRDA:118,12,0,0
BRDA:118,12,1,0
BRDA:129,13,0,0
BRDA:129,13,1,0
BRDA:133,14,0,0
BRDA:133,14,1,0
BRDA:137,15,0,0
BRDA:137,15,1,0
BRDA:147,16,0,0
BRDA:147,16,1,0
BRDA:172,17,0,0
BRDA:172,17,1,0
BRDA:172,18,0,0
BRDA:172,18,1,0
BRDA:183,19,0,0
BRDA:183,19,1,0
BRDA:193,20,0,0
BRDA:193,20,1,0
BRDA:218,21,0,0
BRDA:218,21,1,0
BRDA:218,22,0,0
BRDA:218,22,1,0
BRDA:224,23,0,0
BRDA:224,23,1,0
BRDA:229,24,0,0
BRDA:229,24,1,0
BRDA:238,25,0,0
BRDA:238,25,1,0
BRDA:243,26,0,0
BRDA:243,26,1,0
BRDA:248,27,0,0
BRDA:248,27,1,0
BRDA:257,28,0,0
BRDA:257,28,1,0
BRF:58
BRH:4
end_of_record
TN:
SF:utils\studentUtils.js
FN:64,(anonymous_0)
FN:84,(anonymous_1)
FN:85,(anonymous_2)
FN:93,(anonymous_3)
FN:347,(anonymous_4)
FN:360,(anonymous_5)
FN:422,(anonymous_6)
FN:435,(anonymous_7)
FN:491,(anonymous_8)
FN:521,(anonymous_9)
FN:589,(anonymous_10)
FN:617,(anonymous_11)
FN:651,(anonymous_12)
FN:671,(anonymous_13)
FNF:14
FNH:0
FNDA:0,(anonymous_0)
FNDA:0,(anonymous_1)
FNDA:0,(anonymous_2)
FNDA:0,(anonymous_3)
FNDA:0,(anonymous_4)
FNDA:0,(anonymous_5)
FNDA:0,(anonymous_6)
FNDA:0,(anonymous_7)
FNDA:0,(anonymous_8)
FNDA:0,(anonymous_9)
FNDA:0,(anonymous_10)
FNDA:0,(anonymous_11)
FNDA:0,(anonymous_12)
FNDA:0,(anonymous_13)
DA:2,8
DA:59,8
DA:60,8
DA:61,8
DA:62,8
DA:64,8
DA:65,0
DA:66,0
DA:69,0
DA:70,0
DA:71,0
DA:74,0
DA:75,0
DA:77,0
DA:81,0
DA:84,8
DA:85,0
DA:86,0
DA:93,8
DA:94,0
DA:95,0
DA:98,0
DA:102,0
DA:103,0
DA:111,0
DA:116,0
DA:118,0
DA:119,0
DA:120,0
DA:121,0
DA:123,0
DA:126,0
DA:127,0
DA:129,0
DA:133,0
DA:135,0
DA:140,0
DA:141,0
DA:146,0
DA:157,0
DA:158,0
DA:159,0
DA:164,0
DA:165,0
DA:168,0
DA:176,0
DA:177,0
DA:178,0
DA:182,0
DA:183,0
DA:186,0
DA:194,0
DA:195,0
DA:219,0
DA:223,0
DA:227,0
DA:229,0
DA:230,0
DA:231,0
DA:232,0
DA:233,0
DA:236,0
DA:237,0
DA:240,0
DA:241,0
DA:243,0
DA:252,0
DA:253,0
DA:254,0
DA:255,0
DA:256,0
DA:259,0
DA:261,0
DA:264,0
DA:265,0
DA:267,0
DA:276,0
DA:277,0
DA:278,0
DA:279,0
DA:280,0
DA:283,0
DA:285,0
DA:288,0
DA:289,0
DA:291,0
DA:301,0
DA:304,0
DA:309,0
DA:314,0
DA:318,0
DA:319,0
DA:320,0
DA:323,0
DA:338,0
DA:346,8
DA:347,0
DA:348,0
DA:360,8
DA:361,0
DA:362,0
DA:368,0
DA:369,0
DA:371,0
DA:372,0
DA:378,0
DA:379,0
DA:380,0
DA:381,0
DA:382,0
DA:384,0
DA:385,0
DA:388,0
DA:389,0
DA:395,0
DA:397,0
DA:406,0
DA:410,0
DA:422,8
DA:423,0
DA:424,0
DA:425,0
DA:426,0
DA:428,0
DA:435,8
DA:436,0
DA:437,0
DA:440,0
DA:445,0
DA:446,0
DA:450,0
DA:451,0
DA:452,0
DA:453,0
DA:456,0
DA:460,0
DA:463,0
DA:467,0
DA:470,0
DA:471,0
DA:472,0
DA:474,0
DA:478,0
DA:481,0
DA:491,8
DA:492,0
DA:493,0
DA:496,0
DA:501,0
DA:502,0
DA:506,0
DA:507,0
DA:509,0
DA:512,0
DA:521,8
DA:523,0
DA:527,0
DA:531,0
DA:535,0
DA:539,0
DA:543,0
DA:547,0
DA:551,0
DA:555,0
DA:561,0
DA:564,0
DA:568,0
DA:572,0
DA:576,0
DA:580,0
DA:589,8
DA:590,0
DA:591,0
DA:597,0
DA:598,0
DA:604,0
DA:617,8
DA:618,0
DA:619,0
DA:625,0
DA:626,0
DA:632,0
DA:633,0
DA:639,0
DA:651,8
DA:652,0
DA:653,0
DA:654,0
DA:656,0
DA:671,8
DA:672,0
DA:673,0
DA:676,0
DA:677,0
DA:680,0
DA:681,0
DA:685,8
LF:197
LH:19
BRDA:65,0,0,0
BRDA:65,0,1,0
BRDA:65,1,0,0
BRDA:65,1,1,0
BRDA:65,1,2,0
BRDA:69,2,0,0
BRDA:69,2,1,0
BRDA:70,3,0,0
BRDA:70,3,1,0
BRDA:70,4,0,0
BRDA:70,4,1,0
BRDA:84,5,0,0
BRDA:102,6,0,0
BRDA:102,6,1,0
BRDA:104,7,0,0
BRDA:104,7,1,0
BRDA:105,8,0,0
BRDA:105,8,1,0
BRDA:118,9,0,0
BRDA:118,9,1,0
BRDA:120,10,0,0
BRDA:120,10,1,0
BRDA:123,11,0,0
BRDA:123,11,1,0
BRDA:126,12,0,0
BRDA:126,12,1,0
BRDA:133,13,0,0
BRDA:133,13,1,0
BRDA:140,14,0,0
BRDA:140,14,1,0
BRDA:157,15,0,0
BRDA:157,15,1,0
BRDA:164,16,0,0
BRDA:164,16,1,0
BRDA:176,17,0,0
BRDA:176,17,1,0
BRDA:182,18,0,0
BRDA:182,18,1,0
BRDA:194,19,0,0
BRDA:194,19,1,0
BRDA:198,20,0,0
BRDA:198,20,1,0
BRDA:203,21,0,0
BRDA:203,21,1,0
BRDA:208,22,0,0
BRDA:208,22,1,0
BRDA:213,23,0,0
BRDA:213,23,1,0
BRDA:227,24,0,0
BRDA:227,24,1,0
BRDA:229,25,0,0
BRDA:229,25,1,0
BRDA:231,26,0,0
BRDA:231,26,1,0
BRDA:231,27,0,0
BRDA:231,27,1,0
BRDA:252,28,0,0
BRDA:252,28,1,0
BRDA:254,29,0,0
BRDA:254,29,1,0
BRDA:254,30,0,0
BRDA:254,30,1,0
BRDA:276,31,0,0
BRDA:276,31,1,0
BRDA:278,32,0,0
BRDA:278,32,1,0
BRDA:278,33,0,0
BRDA:278,33,1,0
BRDA:301,34,0,0
BRDA:301,34,1,0
BRDA:304,35,0,0
BRDA:304,35,1,0
BRDA:309,36,0,0
BRDA:309,36,1,0
BRDA:314,37,0,0
BRDA:314,37,1,0
BRDA:346,38,0,0
BRDA:346,38,1,8
BRDA:361,39,0,0
BRDA:361,39,1,0
BRDA:371,40,0,0
BRDA:371,40,1,0
BRDA:384,41,0,0
BRDA:384,41,1,0
BRDA:388,42,0,0
BRDA:388,42,1,0
BRDA:423,43,0,0
BRDA:423,43,1,0
BRDA:425,44,0,0
BRDA:425,44,1,0
BRDA:445,45,0,0
BRDA:445,45,1,0
BRDA:445,46,0,0
BRDA:445,46,1,0
BRDA:456,47,0,0
BRDA:456,47,1,0
BRDA:457,48,0,0
BRDA:457,48,1,0
BRDA:463,49,0,0
BRDA:463,49,1,0
BRDA:474,50,0,0
BRDA:474,50,1,0
BRDA:475,51,0,0
BRDA:475,51,1,0
BRDA:481,52,0,0
BRDA:481,52,1,0
BRDA:501,53,0,0
BRDA:501,53,1,0
BRDA:501,54,0,0
BRDA:501,54,1,0
BRDA:523,55,0,0
BRDA:523,55,1,0
BRDA:524,56,0,0
BRDA:524,56,1,0
BRDA:527,57,0,0
BRDA:527,57,1,0
BRDA:528,58,0,0
BRDA:528,58,1,0
BRDA:535,59,0,0
BRDA:535,59,1,0
BRDA:536,60,0,0
BRDA:536,60,1,0
BRDA:539,61,0,0
BRDA:539,61,1,0
BRDA:540,62,0,0
BRDA:540,62,1,0
BRDA:547,63,0,0
BRDA:547,63,1,0
BRDA:548,64,0,0
BRDA:548,64,1,0
BRDA:551,65,0,0
BRDA:551,65,1,0
BRDA:552,66,0,0
BRDA:552,66,1,0
BRDA:564,67,0,0
BRDA:564,67,1,0
BRDA:565,68,0,0
BRDA:565,68,1,0
BRDA:572,69,0,0
BRDA:572,69,1,0
BRDA:573,70,0,0
BRDA:573,70,1,0
BRDA:590,71,0,0
BRDA:590,71,1,0
BRDA:597,72,0,0
BRDA:597,72,1,0
BRDA:618,73,0,0
BRDA:618,73,1,0
BRDA:625,74,0,0
BRDA:625,74,1,0
BRDA:632,75,0,0
BRDA:632,75,1,0
BRDA:672,76,0,0
BRDA:672,76,1,0
BRDA:672,77,0,0
BRDA:672,77,1,0
BRDA:676,78,0,0
BRDA:676,78,1,0
BRDA:681,79,0,0
BRDA:681,79,1,0
BRDA:681,79,2,0
BRF:161
BRH:1
end_of_record
TN:
SF:utils\testStudentUtils.js
FN:33,(anonymous_0)
FN:33,(anonymous_1)
FN:35,(anonymous_2)
FNF:3
FNH:0
FNDA:0,(anonymous_0)
FNDA:0,(anonymous_1)
FNDA:0,(anonymous_2)
DA:7,0
DA:8,0
DA:12,0
DA:19,0
DA:20,0
DA:21,0
DA:30,0
DA:33,0
DA:35,0
DA:36,0
DA:38,0
DA:40,0
DA:43,0
DA:44,0
DA:48,0
DA:49,0
DA:50,0
DA:51,0
DA:52,0
DA:54,0
DA:58,0
DA:59,0
DA:63,0
DA:64,0
DA:65,0
DA:66,0
DA:67,0
DA:68,0
DA:69,0
DA:70,0
DA:72,0
DA:76,0
DA:77,0
DA:78,0
DA:80,0
DA:82,0
DA:83,0
DA:84,0
DA:85,0
DA:86,0
DA:87,0
DA:88,0
DA:89,0
DA:91,0
DA:95,0
DA:96,0
DA:97,0
DA:98,0
DA:99,0
DA:101,0
DA:102,0
DA:103,0
DA:104,0
DA:106,0
DA:107,0
DA:108,0
DA:110,0
DA:111,0
DA:113,0
DA:114,0
DA:116,0
DA:117,0
DA:119,0
DA:121,0
DA:122,0
DA:125,0
DA:126,0
DA:129,0
DA:130,0
DA:133,0
DA:134,0
DA:136,0
DA:137,0
DA:139,0
DA:140,0
DA:145,0
LF:76
LH:0
BRDA:48,0,0,0
BRDA:48,0,1,0
BRDA:52,1,0,0
BRDA:52,1,1,0
BRDA:63,2,0,0
BRDA:63,2,1,0
BRDA:65,3,0,0
BRDA:65,3,1,0
BRDA:68,4,0,0
BRDA:68,4,1,0
BRDA:69,5,0,0
BRDA:69,5,1,0
BRDA:70,6,0,0
BRDA:70,6,1,0
BRDA:76,7,0,0
BRDA:76,7,1,0
BRDA:76,8,0,0
BRDA:76,8,1,0
BRDA:76,8,2,0
BRDA:77,9,0,0
BRDA:77,9,1,0
BRDA:82,10,0,0
BRDA:82,10,1,0
BRDA:84,11,0,0
BRDA:84,11,1,0
BRDA:87,12,0,0
BRDA:87,12,1,0
BRDA:88,13,0,0
BRDA:88,13,1,0
BRDA:89,14,0,0
BRDA:89,14,1,0
BRF:31
BRH:0
end_of_record
TN:
SF:utils\validateEnv.js
FN:9,validateEnv
FN:14,(anonymous_1)
FN:44,(anonymous_2)
FNF:3
FNH:1
FNDA:3,validateEnv
FNDA:0,(anonymous_1)
FNDA:0,(anonymous_2)
DA:1,10
DA:10,3
DA:14,3
DA:16,3
DA:17,0
DA:24,3
DA:25,0
DA:26,0
DA:28,0
DA:29,0
DA:30,0
DA:32,0
DA:37,3
DA:38,0
DA:39,0
DA:43,3
DA:44,0
DA:45,0
DA:46,0
DA:51,3
DA:54,10
LF:21
LH:9
BRDA:9,0,0,0
BRDA:9,1,0,3
BRDA:10,2,0,0
BRDA:10,2,1,3
BRDA:12,3,0,3
BRDA:12,3,1,3
BRDA:16,4,0,0
BRDA:16,4,1,3
BRDA:16,5,0,3
BRDA:16,5,1,0
BRDA:24,6,0,0
BRDA:24,6,1,3
BRDA:24,7,0,3
BRDA:24,7,1,3
BRDA:25,8,0,0
BRDA:25,8,1,0
BRDA:25,9,0,0
BRDA:25,9,1,0
BRDA:28,10,0,0
BRDA:28,10,1,0
BRDA:37,11,0,0
BRDA:37,11,1,3
BRDA:37,12,0,3
BRDA:37,12,1,3
BRDA:38,13,0,0
BRDA:38,13,1,0
BRDA:38,14,0,0
BRDA:38,14,1,0
BRDA:43,15,0,0
BRDA:43,15,1,3
BRDA:43,16,0,3
BRDA:43,16,1,3
BRDA:45,17,0,0
BRDA:45,17,1,0
BRDA:45,18,0,0
BRDA:45,18,1,0
BRF:36
BRH:15
end_of_record
